[Mon, 28 Jul 2014 13:28:53 GMT] ERROR Worker 713 died.
[Mon, 28 Jul 2014 13:37:57 GMT] ERROR Worker 776 died.
[Mon, 28 Jul 2014 13:38:41 GMT] ERROR 127.0.0.1 - - [Mon Jul 28 2014 09:38:41 GMT-0400 (EDT)] "POST /matches/runmatch 1.1" 500 2025 "http://127.0.0.1:4000/matches/setuprun" "Mozilla/5.0 (Macintosh; Intel Mac OS X 10_9_4) AppleWebKit/537.36 (KHTML, like Gecko) Chrome/36.0.1985.125 Safari/537.36"
Error: ENOENT, no such file or directory '/Users/lbacker/Documents/nodeapps/soccersimulator/simulationfiles/undefined/source/'
    at Object.fs.readdirSync (fs.js:654:18)
    at getCommentFileName (/Users/lbacker/Documents/nodeapps/soccersimulator/lib/MatchService.js:432:16)
    at simulateGameStatistic (/Users/lbacker/Documents/nodeapps/soccersimulator/lib/MatchService.js:144:27)
    at Object.runMatch (/Users/lbacker/Documents/nodeapps/soccersimulator/lib/MatchService.js:127:3)
    at runmatch (/Users/lbacker/Documents/nodeapps/soccersimulator/app/controllers/matches.js:62:15)
    at callback (/usr/local/lib/node_modules/geddy/lib/controller/base_controller.js:315:24)
    at controller.BaseController._handleAction (/usr/local/lib/node_modules/geddy/lib/controller/base_controller.js:329:7)
    at cb [as callback] (/usr/local/lib/node_modules/geddy/lib/app/index.js:106:36)
    at async.Initializer.complete (/usr/local/lib/node_modules/geddy/node_modules/utilities/lib/async.js:293:10)
    at /usr/local/lib/node_modules/geddy/lib/app/index.js:117:21
[Mon, 28 Jul 2014 13:38:53 GMT] ERROR 127.0.0.1 - - [Mon Jul 28 2014 09:38:53 GMT-0400 (EDT)] "POST /matches/runmatch 1.1" 500 2025 "http://127.0.0.1:4000/matches/setuprun" "Mozilla/5.0 (Macintosh; Intel Mac OS X 10_9_4) AppleWebKit/537.36 (KHTML, like Gecko) Chrome/36.0.1985.125 Safari/537.36"
Error: ENOENT, no such file or directory '/Users/lbacker/Documents/nodeapps/soccersimulator/simulationfiles/undefined/source/'
    at Object.fs.readdirSync (fs.js:654:18)
    at getCommentFileName (/Users/lbacker/Documents/nodeapps/soccersimulator/lib/MatchService.js:432:16)
    at simulateGameStatistic (/Users/lbacker/Documents/nodeapps/soccersimulator/lib/MatchService.js:144:27)
    at Object.runMatch (/Users/lbacker/Documents/nodeapps/soccersimulator/lib/MatchService.js:127:3)
    at runmatch (/Users/lbacker/Documents/nodeapps/soccersimulator/app/controllers/matches.js:62:15)
    at callback (/usr/local/lib/node_modules/geddy/lib/controller/base_controller.js:315:24)
    at controller.BaseController._handleAction (/usr/local/lib/node_modules/geddy/lib/controller/base_controller.js:329:7)
    at cb [as callback] (/usr/local/lib/node_modules/geddy/lib/app/index.js:106:36)
    at async.Initializer.complete (/usr/local/lib/node_modules/geddy/node_modules/utilities/lib/async.js:293:10)
    at /usr/local/lib/node_modules/geddy/lib/app/index.js:117:21
[Mon, 28 Jul 2014 13:39:22 GMT] ERROR 127.0.0.1 - - [Mon Jul 28 2014 09:39:22 GMT-0400 (EDT)] "POST /matches/runmatch 1.1" 500 1929 "http://127.0.0.1:4000/matches/setuprun" "Mozilla/5.0 (Macintosh; Intel Mac OS X 10_9_4) AppleWebKit/537.36 (KHTML, like Gecko) Chrome/36.0.1985.125 Safari/537.36"
ReferenceError: log is not defined
    at simulateGameStatistic (/Users/lbacker/Documents/nodeapps/soccersimulator/lib/MatchService.js:159:2)
    at Object.runMatch (/Users/lbacker/Documents/nodeapps/soccersimulator/lib/MatchService.js:127:3)
    at runmatch (/Users/lbacker/Documents/nodeapps/soccersimulator/app/controllers/matches.js:62:15)
    at callback (/usr/local/lib/node_modules/geddy/lib/controller/base_controller.js:315:24)
    at controller.BaseController._handleAction (/usr/local/lib/node_modules/geddy/lib/controller/base_controller.js:329:7)
    at cb [as callback] (/usr/local/lib/node_modules/geddy/lib/app/index.js:106:36)
    at async.Initializer.complete (/usr/local/lib/node_modules/geddy/node_modules/utilities/lib/async.js:293:10)
    at /usr/local/lib/node_modules/geddy/lib/app/index.js:117:21
    at /usr/local/lib/node_modules/geddy/lib/controller/init.js:103:9
    at localCallback (/usr/local/lib/node_modules/geddy/lib/sessions/index.js:92:9)
[Mon, 28 Jul 2014 13:51:15 GMT] ERROR 127.0.0.1 - - [Mon Jul 28 2014 09:51:15 GMT-0400 (EDT)] "POST /matches/runmatch 1.1" 500 1932 "http://127.0.0.1:4000/matches/setuprun" "Mozilla/5.0 (Macintosh; Intel Mac OS X 10_9_4) AppleWebKit/537.36 (KHTML, like Gecko) Chrome/36.0.1985.125 Safari/537.36"
ReferenceError: round is not defined
    at simulateGameStatistic (/Users/lbacker/Documents/nodeapps/soccersimulator/lib/MatchService.js:163:29)
    at Object.runMatch (/Users/lbacker/Documents/nodeapps/soccersimulator/lib/MatchService.js:127:3)
    at runmatch (/Users/lbacker/Documents/nodeapps/soccersimulator/app/controllers/matches.js:62:15)
    at callback (/usr/local/lib/node_modules/geddy/lib/controller/base_controller.js:315:24)
    at controller.BaseController._handleAction (/usr/local/lib/node_modules/geddy/lib/controller/base_controller.js:329:7)
    at cb [as callback] (/usr/local/lib/node_modules/geddy/lib/app/index.js:106:36)
    at async.Initializer.complete (/usr/local/lib/node_modules/geddy/node_modules/utilities/lib/async.js:293:10)
    at /usr/local/lib/node_modules/geddy/lib/app/index.js:117:21
    at /usr/local/lib/node_modules/geddy/lib/controller/init.js:103:9
    at localCallback (/usr/local/lib/node_modules/geddy/lib/sessions/index.js:92:9)
[Mon, 28 Jul 2014 13:54:47 GMT] ERROR 127.0.0.1 - - [Mon Jul 28 2014 09:54:47 GMT-0400 (EDT)] "POST /matches/runmatch 1.1" 500 1932 "http://127.0.0.1:4000/matches/setuprun" "Mozilla/5.0 (Macintosh; Intel Mac OS X 10_9_4) AppleWebKit/537.36 (KHTML, like Gecko) Chrome/36.0.1985.125 Safari/537.36"
ReferenceError: count is not defined
    at simulateGameStatistic (/Users/lbacker/Documents/nodeapps/soccersimulator/lib/MatchService.js:175:13)
    at Object.runMatch (/Users/lbacker/Documents/nodeapps/soccersimulator/lib/MatchService.js:127:3)
    at runmatch (/Users/lbacker/Documents/nodeapps/soccersimulator/app/controllers/matches.js:62:15)
    at callback (/usr/local/lib/node_modules/geddy/lib/controller/base_controller.js:315:24)
    at controller.BaseController._handleAction (/usr/local/lib/node_modules/geddy/lib/controller/base_controller.js:329:7)
    at cb [as callback] (/usr/local/lib/node_modules/geddy/lib/app/index.js:106:36)
    at async.Initializer.complete (/usr/local/lib/node_modules/geddy/node_modules/utilities/lib/async.js:293:10)
    at /usr/local/lib/node_modules/geddy/lib/app/index.js:117:21
    at /usr/local/lib/node_modules/geddy/lib/controller/init.js:103:9
    at localCallback (/usr/local/lib/node_modules/geddy/lib/sessions/index.js:92:9)
[Mon, 28 Jul 2014 13:55:14 GMT] ERROR 127.0.0.1 - - [Mon Jul 28 2014 09:55:14 GMT-0400 (EDT)] "POST /matches/runmatch 1.1" 500 1947 "http://127.0.0.1:4000/matches/setuprun" "Mozilla/5.0 (Macintosh; Intel Mac OS X 10_9_4) AppleWebKit/537.36 (KHTML, like Gecko) Chrome/36.0.1985.125 Safari/537.36"
ReferenceError: gameStatFilePushTime is not defined
    at simulateGameStatistic (/Users/lbacker/Documents/nodeapps/soccersimulator/lib/MatchService.js:177:16)
    at Object.runMatch (/Users/lbacker/Documents/nodeapps/soccersimulator/lib/MatchService.js:127:3)
    at runmatch (/Users/lbacker/Documents/nodeapps/soccersimulator/app/controllers/matches.js:62:15)
    at callback (/usr/local/lib/node_modules/geddy/lib/controller/base_controller.js:315:24)
    at controller.BaseController._handleAction (/usr/local/lib/node_modules/geddy/lib/controller/base_controller.js:329:7)
    at cb [as callback] (/usr/local/lib/node_modules/geddy/lib/app/index.js:106:36)
    at async.Initializer.complete (/usr/local/lib/node_modules/geddy/node_modules/utilities/lib/async.js:293:10)
    at /usr/local/lib/node_modules/geddy/lib/app/index.js:117:21
    at /usr/local/lib/node_modules/geddy/lib/controller/init.js:103:9
    at localCallback (/usr/local/lib/node_modules/geddy/lib/sessions/index.js:92:9)
[Mon, 28 Jul 2014 13:56:51 GMT] ERROR Worker 962 died.
[Mon, 28 Jul 2014 13:58:37 GMT] ERROR Worker 970 died.
[Mon, 28 Jul 2014 13:58:44 GMT] ERROR Worker 972 died.
[Mon, 28 Jul 2014 13:59:03 GMT] ERROR Worker 974 died.
[Mon, 28 Jul 2014 14:06:44 GMT] ERROR 127.0.0.1 - - [Mon Jul 28 2014 10:06:44 GMT-0400 (EDT)] "POST /matches/runmatch 1.1" 500 1995 "http://127.0.0.1:4000/matches/setuprun" "Mozilla/5.0 (Macintosh; Intel Mac OS X 10_9_4) AppleWebKit/537.36 (KHTML, like Gecko) Chrome/36.0.1985.125 Safari/537.36"
Error: ENOENT, no such file or directory '/Users/lbacker/Documents/nodeapps/soccersimulator/simulationfiles/undefined/commentary/'
    at Object.fs.readdirSync (fs.js:654:18)
    at simulateGameCommentary (/Users/lbacker/Documents/nodeapps/soccersimulator/lib/MatchService.js:219:16)
    at Object.runMatch (/Users/lbacker/Documents/nodeapps/soccersimulator/lib/MatchService.js:126:3)
    at runmatch (/Users/lbacker/Documents/nodeapps/soccersimulator/app/controllers/matches.js:62:15)
    at callback (/usr/local/lib/node_modules/geddy/lib/controller/base_controller.js:315:24)
    at controller.BaseController._handleAction (/usr/local/lib/node_modules/geddy/lib/controller/base_controller.js:329:7)
    at cb [as callback] (/usr/local/lib/node_modules/geddy/lib/app/index.js:106:36)
    at async.Initializer.complete (/usr/local/lib/node_modules/geddy/node_modules/utilities/lib/async.js:293:10)
    at /usr/local/lib/node_modules/geddy/lib/app/index.js:117:21
    at /usr/local/lib/node_modules/geddy/lib/controller/init.js:103:9
