[Wed, 23 Jul 2014 18:35:01 GMT] INFO Server starting with config: {
  "environment": "development",
  "workers": 1,
  "port": 4000,
  "spdy": null,
  "ssl": null,
  "detailedErrors": true,
  "flash": {
    "defaultClass": "alert",
    "inlineClasses": {
      "success": "alert alert-success",
      "alert": "alert",
      "error": "alert alert-error",
      "info": "alert alert-info"
    },
    "blockClasses": {
      "success": "alert alert-block alert-success",
      "alert": "alert alert-block",
      "error": "alert alert-block alert-error",
      "info": "alert alert-block alert-info"
    }
  },
  "debug": true,
  "rotateWorkers": false,
  "rotationWindow": 7200000,
  "rotationTimeout": 300000,
  "logDir": "/Users/lbacker/Documents/nodeapps/soccersimulator/log",
  "gracefulShutdownTimeout": 30000,
  "heartbeatInterval": 5000,
  "heartbeatWindow": 20000,
  "staticFilePath": "/Users/lbacker/Documents/nodeapps/soccersimulator/public",
  "assetHost": "",
  "assetBasePath": "/",
  "cacheControl": {
    "expires": {
      "default": 0
    }
  },
  "sessions": {
    "store": "filesystem",
    "key": "sid",
    "expiry": 1209600,
    "filename": "_session_store.json"
  },
  "cookieSessionKey": "sdata",
  "i18n": {
    "defaultLocale": "en-us",
    "loadPaths": [
      "/Users/lbacker/Documents/nodeapps/soccersimulator/config/locales"
    ]
  },
  "appName": "Soccer Simulation (development)",
  "hostname": null,
  "fullHostname": null,
  "connectCompatibility": false,
  "mailer": null,
  "generatedByVersion": "0.12.12",
  "simulationFilePath": "/Users/lbacker/Documents/nodeapps/soccersimulator/simulationfiles/",
  "model": {
    "defaultAdapter": "filesystem"
  },
  "ftpPushDetail": {
    "server": "54.83.49.250",
    "userName": "opta-user",
    "password": "0Pt@W0rldCup",
    "directory": "/FTP",
    "protocol": "SFTP"
  }
}
[Wed, 23 Jul 2014 18:35:01 GMT] INFO Creating 1 worker process.
[Wed, 23 Jul 2014 18:35:01 GMT] INFO Server worker running in development on port 4000 with a PID of: 5232
[Wed, 23 Jul 2014 18:36:19 GMT] INFO Creating 1 worker process.
[Wed, 23 Jul 2014 18:36:19 GMT] INFO Server worker running in development on port 4000 with a PID of: 5237
[Wed, 23 Jul 2014 18:36:28 GMT] INFO Code changed, killing 5237, cycling ...
[Wed, 23 Jul 2014 18:36:28 GMT] INFO Creating 1 worker process.
[Wed, 23 Jul 2014 18:36:28 GMT] INFO Server worker running in development on port 4000 with a PID of: 5241
[Wed, 23 Jul 2014 18:37:30 GMT] INFO Code changed, killing 5241, cycling ...
[Wed, 23 Jul 2014 18:37:30 GMT] INFO Creating 1 worker process.
[Wed, 23 Jul 2014 18:37:32 GMT] INFO Creating 1 worker process.
[Wed, 23 Jul 2014 18:37:32 GMT] INFO Server worker running in development on port 4000 with a PID of: 5249
[Wed, 23 Jul 2014 18:38:47 GMT] INFO Creating 1 worker process.
[Wed, 23 Jul 2014 18:38:48 GMT] INFO Server worker running in development on port 4000 with a PID of: 5252
[Wed, 23 Jul 2014 18:39:10 GMT] INFO Code changed, killing 5252, cycling ...
[Wed, 23 Jul 2014 18:39:10 GMT] INFO Creating 1 worker process.
[Wed, 23 Jul 2014 18:39:10 GMT] INFO Server worker running in development on port 4000 with a PID of: 5257
[Wed, 23 Jul 2014 18:40:27 GMT] INFO Code changed, killing 5257, cycling ...
[Wed, 23 Jul 2014 18:40:27 GMT] INFO Creating 1 worker process.
[Wed, 23 Jul 2014 18:40:58 GMT] INFO Creating 1 worker process.
