[Thu, 24 Jul 2014 16:05:38 GMT] INFO Server starting with config: {
  "environment": "development",
  "workers": 1,
  "port": 4000,
  "spdy": null,
  "ssl": null,
  "detailedErrors": true,
  "flash": {
    "defaultClass": "alert",
    "inlineClasses": {
      "success": "alert alert-success",
      "alert": "alert",
      "error": "alert alert-error",
      "info": "alert alert-info"
    },
    "blockClasses": {
      "success": "alert alert-block alert-success",
      "alert": "alert alert-block",
      "error": "alert alert-block alert-error",
      "info": "alert alert-block alert-info"
    }
  },
  "debug": true,
  "rotateWorkers": false,
  "rotationWindow": 7200000,
  "rotationTimeout": 300000,
  "logDir": "/Users/lbacker/Documents/nodeapps/soccersimulator/log",
  "gracefulShutdownTimeout": 30000,
  "heartbeatInterval": 5000,
  "heartbeatWindow": 20000,
  "staticFilePath": "/Users/lbacker/Documents/nodeapps/soccersimulator/public",
  "assetHost": "",
  "assetBasePath": "/",
  "cacheControl": {
    "expires": {
      "default": 0
    }
  },
  "sessions": {
    "store": "filesystem",
    "key": "sid",
    "expiry": 1209600,
    "filename": "_session_store.json"
  },
  "cookieSessionKey": "sdata",
  "i18n": {
    "defaultLocale": "en-us",
    "loadPaths": [
      "/Users/lbacker/Documents/nodeapps/soccersimulator/config/locales"
    ]
  },
  "appName": "Soccer Simulation (development)",
  "hostname": null,
  "fullHostname": null,
  "connectCompatibility": false,
  "mailer": null,
  "generatedByVersion": "0.12.12",
  "simulationFilePath": "/Users/lbacker/Documents/nodeapps/soccersimulator/simulationfiles/",
  "model": {
    "defaultAdapter": "filesystem"
  },
  "ftpPushDetail": {
    "server": "54.83.49.250",
    "userName": "opta-user",
    "password": "0Pt@W0rldCup",
    "directory": "/var/www/FTP/",
    "protocol": "SFTP"
  }
}
[Thu, 24 Jul 2014 16:05:38 GMT] INFO Creating 1 worker process.
[Thu, 24 Jul 2014 16:05:54 GMT] INFO Creating 1 worker process.
[Thu, 24 Jul 2014 16:05:54 GMT] INFO Server worker running in development on port 4000 with a PID of: 6702
[Thu, 24 Jul 2014 16:06:47 GMT] INFO Code changed, killing 6702, cycling ...
[Thu, 24 Jul 2014 16:06:47 GMT] INFO Creating 1 worker process.
[Thu, 24 Jul 2014 16:06:47 GMT] INFO Server worker running in development on port 4000 with a PID of: 6706
[Thu, 24 Jul 2014 16:09:03 GMT] INFO Code changed, killing 6706, cycling ...
[Thu, 24 Jul 2014 16:09:03 GMT] INFO Creating 1 worker process.
[Thu, 24 Jul 2014 16:09:03 GMT] INFO Server worker running in development on port 4000 with a PID of: 6713
[Thu, 24 Jul 2014 16:09:16 GMT] INFO Code changed, killing 6713, cycling ...
[Thu, 24 Jul 2014 16:09:16 GMT] INFO Creating 1 worker process.
[Thu, 24 Jul 2014 16:09:16 GMT] INFO Server worker running in development on port 4000 with a PID of: 6718
[Thu, 24 Jul 2014 16:10:49 GMT] INFO Code changed, killing 6718, cycling ...
[Thu, 24 Jul 2014 16:10:49 GMT] INFO Creating 1 worker process.
[Thu, 24 Jul 2014 16:10:49 GMT] INFO Server worker running in development on port 4000 with a PID of: 6721
[Thu, 24 Jul 2014 16:11:42 GMT] INFO Code changed, killing 6721, cycling ...
[Thu, 24 Jul 2014 16:11:42 GMT] INFO Creating 1 worker process.
[Thu, 24 Jul 2014 16:11:42 GMT] INFO Server worker running in development on port 4000 with a PID of: 6726
[Thu, 24 Jul 2014 16:12:07 GMT] INFO Code changed, killing 6726, cycling ...
[Thu, 24 Jul 2014 16:12:07 GMT] INFO Creating 1 worker process.
[Thu, 24 Jul 2014 16:12:12 GMT] INFO Creating 1 worker process.
[Thu, 24 Jul 2014 16:12:12 GMT] INFO Server worker running in development on port 4000 with a PID of: 6735
[Thu, 24 Jul 2014 16:13:12 GMT] INFO Code changed, killing 6735, cycling ...
[Thu, 24 Jul 2014 16:13:12 GMT] INFO Creating 1 worker process.
[Thu, 24 Jul 2014 16:13:12 GMT] INFO Server worker running in development on port 4000 with a PID of: 6737
[Thu, 24 Jul 2014 16:14:50 GMT] INFO Code changed, killing 6737, cycling ...
[Thu, 24 Jul 2014 16:14:50 GMT] INFO Creating 1 worker process.
[Thu, 24 Jul 2014 16:14:50 GMT] INFO Server worker running in development on port 4000 with a PID of: 6743
[Thu, 24 Jul 2014 16:17:09 GMT] INFO Code changed, killing 6743, cycling ...
[Thu, 24 Jul 2014 16:17:09 GMT] INFO Creating 1 worker process.
[Thu, 24 Jul 2014 16:17:09 GMT] INFO Server worker running in development on port 4000 with a PID of: 6752
[Thu, 24 Jul 2014 16:17:19 GMT] INFO Code changed, killing 6752, cycling ...
[Thu, 24 Jul 2014 16:17:19 GMT] INFO Creating 1 worker process.
[Thu, 24 Jul 2014 16:17:19 GMT] INFO Server worker running in development on port 4000 with a PID of: 6758
[Thu, 24 Jul 2014 16:17:51 GMT] INFO Code changed, killing 6758, cycling ...
[Thu, 24 Jul 2014 16:17:51 GMT] INFO Creating 1 worker process.
[Thu, 24 Jul 2014 16:17:51 GMT] INFO Server worker running in development on port 4000 with a PID of: 6762
[Thu, 24 Jul 2014 16:18:26 GMT] INFO Code changed, killing 6762, cycling ...
[Thu, 24 Jul 2014 16:18:26 GMT] INFO Creating 1 worker process.
[Thu, 24 Jul 2014 16:18:27 GMT] INFO Server worker running in development on port 4000 with a PID of: 6766
[Thu, 24 Jul 2014 16:18:46 GMT] INFO Code changed, killing 6766, cycling ...
[Thu, 24 Jul 2014 16:18:46 GMT] INFO Creating 1 worker process.
[Thu, 24 Jul 2014 16:18:47 GMT] INFO Server worker running in development on port 4000 with a PID of: 6769
[Thu, 24 Jul 2014 16:20:15 GMT] INFO Code changed, killing 6769, cycling ...
[Thu, 24 Jul 2014 16:20:15 GMT] INFO Creating 1 worker process.
[Thu, 24 Jul 2014 16:20:15 GMT] INFO Server worker running in development on port 4000 with a PID of: 6772
[Thu, 24 Jul 2014 16:22:13 GMT] INFO Code changed, killing 6772, cycling ...
[Thu, 24 Jul 2014 16:22:13 GMT] INFO Creating 1 worker process.
[Thu, 24 Jul 2014 16:22:13 GMT] INFO Server worker running in development on port 4000 with a PID of: 6781
[Thu, 24 Jul 2014 16:22:15 GMT] INFO Code changed, killing 6781, cycling ...
[Thu, 24 Jul 2014 16:22:15 GMT] INFO Creating 1 worker process.
[Thu, 24 Jul 2014 16:22:15 GMT] INFO Server worker running in development on port 4000 with a PID of: 6784
[Thu, 24 Jul 2014 16:23:28 GMT] INFO Code changed, killing 6784, cycling ...
[Thu, 24 Jul 2014 16:23:28 GMT] INFO Creating 1 worker process.
[Thu, 24 Jul 2014 16:23:28 GMT] INFO Server worker running in development on port 4000 with a PID of: 6791
[Thu, 24 Jul 2014 16:24:56 GMT] INFO Code changed, killing 6791, cycling ...
[Thu, 24 Jul 2014 16:24:56 GMT] INFO Creating 1 worker process.
[Thu, 24 Jul 2014 16:24:57 GMT] INFO Server worker running in development on port 4000 with a PID of: 6797
[Thu, 24 Jul 2014 17:05:15 GMT] INFO Code changed, killing 6797, cycling ...
[Thu, 24 Jul 2014 17:05:15 GMT] INFO Creating 1 worker process.
[Thu, 24 Jul 2014 17:05:15 GMT] INFO Server worker running in development on port 4000 with a PID of: 6871
[Thu, 24 Jul 2014 17:06:14 GMT] INFO Code changed, killing 6871, cycling ...
[Thu, 24 Jul 2014 17:06:14 GMT] INFO Creating 1 worker process.
[Thu, 24 Jul 2014 17:06:14 GMT] INFO Server worker running in development on port 4000 with a PID of: 6877
[Thu, 24 Jul 2014 17:07:06 GMT] INFO Code changed, killing 6877, cycling ...
[Thu, 24 Jul 2014 17:07:06 GMT] INFO Creating 1 worker process.
[Thu, 24 Jul 2014 17:07:06 GMT] INFO Server worker running in development on port 4000 with a PID of: 6883
[Thu, 24 Jul 2014 17:09:15 GMT] INFO Code changed, killing 6883, cycling ...
[Thu, 24 Jul 2014 17:09:15 GMT] INFO Creating 1 worker process.
[Thu, 24 Jul 2014 17:09:16 GMT] INFO Server worker running in development on port 4000 with a PID of: 6895
[Thu, 24 Jul 2014 17:09:37 GMT] INFO Code changed, killing 6895, cycling ...
[Thu, 24 Jul 2014 17:09:37 GMT] INFO Creating 1 worker process.
[Thu, 24 Jul 2014 17:09:38 GMT] INFO Server worker running in development on port 4000 with a PID of: 6899
[Thu, 24 Jul 2014 17:10:04 GMT] INFO Code changed, killing 6899, cycling ...
[Thu, 24 Jul 2014 17:10:04 GMT] INFO Creating 1 worker process.
[Thu, 24 Jul 2014 17:10:04 GMT] INFO Server worker running in development on port 4000 with a PID of: 6905
[Thu, 24 Jul 2014 17:13:46 GMT] INFO Code changed, killing 6905, cycling ...
[Thu, 24 Jul 2014 17:13:46 GMT] INFO Creating 1 worker process.
[Thu, 24 Jul 2014 17:13:47 GMT] INFO Server worker running in development on port 4000 with a PID of: 6924
[Thu, 24 Jul 2014 17:14:53 GMT] INFO Code changed, killing 6924, cycling ...
[Thu, 24 Jul 2014 17:14:53 GMT] INFO Creating 1 worker process.
[Thu, 24 Jul 2014 17:14:53 GMT] INFO Server worker running in development on port 4000 with a PID of: 6935
[Thu, 24 Jul 2014 17:15:36 GMT] INFO Code changed, killing 6935, cycling ...
[Thu, 24 Jul 2014 17:15:36 GMT] INFO Creating 1 worker process.
[Thu, 24 Jul 2014 17:15:36 GMT] INFO Server worker running in development on port 4000 with a PID of: 6941
[Thu, 24 Jul 2014 17:16:00 GMT] INFO Code changed, killing 6941, cycling ...
[Thu, 24 Jul 2014 17:16:00 GMT] INFO Creating 1 worker process.
[Thu, 24 Jul 2014 17:16:00 GMT] INFO Server worker running in development on port 4000 with a PID of: 6947
[Thu, 24 Jul 2014 17:16:52 GMT] INFO Code changed, killing 6947, cycling ...
[Thu, 24 Jul 2014 17:16:52 GMT] INFO Creating 1 worker process.
[Thu, 24 Jul 2014 17:16:53 GMT] INFO Server worker running in development on port 4000 with a PID of: 6953
[Thu, 24 Jul 2014 17:19:12 GMT] INFO Code changed, killing 6953, cycling ...
[Thu, 24 Jul 2014 17:19:12 GMT] INFO Creating 1 worker process.
[Thu, 24 Jul 2014 17:19:13 GMT] INFO Server worker running in development on port 4000 with a PID of: 7024
[Thu, 24 Jul 2014 17:19:15 GMT] INFO Code changed, killing 7024, cycling ...
[Thu, 24 Jul 2014 17:19:15 GMT] INFO Creating 1 worker process.
[Thu, 24 Jul 2014 17:19:15 GMT] INFO Server worker running in development on port 4000 with a PID of: 7029
[Thu, 24 Jul 2014 17:19:27 GMT] INFO Code changed, killing 7029, cycling ...
[Thu, 24 Jul 2014 17:19:27 GMT] INFO Creating 1 worker process.
[Thu, 24 Jul 2014 17:19:27 GMT] INFO Server worker running in development on port 4000 with a PID of: 7031
[Thu, 24 Jul 2014 17:19:36 GMT] INFO Code changed, killing 7031, cycling ...
[Thu, 24 Jul 2014 17:19:36 GMT] INFO Creating 1 worker process.
[Thu, 24 Jul 2014 17:19:36 GMT] INFO Server worker running in development on port 4000 with a PID of: 7033
[Thu, 24 Jul 2014 17:22:20 GMT] INFO Code changed, killing 7033, cycling ...
[Thu, 24 Jul 2014 17:22:20 GMT] INFO Creating 1 worker process.
[Thu, 24 Jul 2014 17:22:20 GMT] INFO Server worker running in development on port 4000 with a PID of: 7040
[Thu, 24 Jul 2014 17:22:45 GMT] INFO Code changed, killing 7040, cycling ...
[Thu, 24 Jul 2014 17:22:45 GMT] INFO Creating 1 worker process.
[Thu, 24 Jul 2014 17:22:45 GMT] INFO Server worker running in development on port 4000 with a PID of: 7047
[Thu, 24 Jul 2014 17:23:04 GMT] INFO Code changed, killing 7047, cycling ...
[Thu, 24 Jul 2014 17:23:04 GMT] INFO Creating 1 worker process.
[Thu, 24 Jul 2014 17:23:04 GMT] INFO Server worker running in development on port 4000 with a PID of: 7051
[Thu, 24 Jul 2014 17:23:46 GMT] INFO Code changed, killing 7051, cycling ...
[Thu, 24 Jul 2014 17:23:46 GMT] INFO Creating 1 worker process.
[Thu, 24 Jul 2014 17:23:46 GMT] INFO Server worker running in development on port 4000 with a PID of: 7054
[Thu, 24 Jul 2014 17:24:04 GMT] INFO Code changed, killing 7054, cycling ...
[Thu, 24 Jul 2014 17:24:04 GMT] INFO Creating 1 worker process.
[Thu, 24 Jul 2014 17:24:04 GMT] INFO Server worker running in development on port 4000 with a PID of: 7059
[Thu, 24 Jul 2014 17:24:58 GMT] INFO Code changed, killing 7059, cycling ...
[Thu, 24 Jul 2014 17:24:58 GMT] INFO Creating 1 worker process.
[Thu, 24 Jul 2014 17:24:59 GMT] INFO Server worker running in development on port 4000 with a PID of: 7066
[Thu, 24 Jul 2014 17:25:36 GMT] INFO Code changed, killing 7066, cycling ...
[Thu, 24 Jul 2014 17:25:36 GMT] INFO Creating 1 worker process.
[Thu, 24 Jul 2014 17:25:36 GMT] INFO Server worker running in development on port 4000 with a PID of: 7071
[Thu, 24 Jul 2014 17:25:37 GMT] INFO Code changed, killing 7071, cycling ...
[Thu, 24 Jul 2014 17:25:37 GMT] INFO Creating 1 worker process.
[Thu, 24 Jul 2014 17:25:38 GMT] INFO Server worker running in development on port 4000 with a PID of: 7073
[Thu, 24 Jul 2014 17:25:59 GMT] INFO Code changed, killing 7073, cycling ...
[Thu, 24 Jul 2014 17:25:59 GMT] INFO Creating 1 worker process.
[Thu, 24 Jul 2014 17:26:00 GMT] INFO Server worker running in development on port 4000 with a PID of: 7079
[Thu, 24 Jul 2014 17:26:34 GMT] INFO Code changed, killing 7079, cycling ...
[Thu, 24 Jul 2014 17:26:34 GMT] INFO Creating 1 worker process.
[Thu, 24 Jul 2014 17:26:34 GMT] INFO Server worker running in development on port 4000 with a PID of: 7087
[Thu, 24 Jul 2014 17:28:13 GMT] INFO Code changed, killing 7087, cycling ...
[Thu, 24 Jul 2014 17:28:13 GMT] INFO Creating 1 worker process.
[Thu, 24 Jul 2014 17:28:13 GMT] INFO Server worker running in development on port 4000 with a PID of: 7099
[Thu, 24 Jul 2014 17:28:51 GMT] INFO Code changed, killing 7099, cycling ...
[Thu, 24 Jul 2014 17:28:51 GMT] INFO Creating 1 worker process.
[Thu, 24 Jul 2014 17:28:51 GMT] INFO Code changed, killing 7104, cycling ...
[Thu, 24 Jul 2014 17:28:51 GMT] INFO Creating 1 worker process.
[Thu, 24 Jul 2014 17:28:51 GMT] INFO Server worker running in development on port 4000 with a PID of: 7105
[Thu, 24 Jul 2014 17:29:02 GMT] INFO Code changed, killing 7105, cycling ...
[Thu, 24 Jul 2014 17:29:02 GMT] INFO Creating 1 worker process.
[Thu, 24 Jul 2014 17:29:02 GMT] INFO Server worker running in development on port 4000 with a PID of: 7111
[Thu, 24 Jul 2014 17:29:30 GMT] INFO Code changed, killing 7111, cycling ...
[Thu, 24 Jul 2014 17:29:30 GMT] INFO Creating 1 worker process.
[Thu, 24 Jul 2014 17:29:30 GMT] INFO Server worker running in development on port 4000 with a PID of: 7113
[Thu, 24 Jul 2014 17:29:36 GMT] INFO Code changed, killing 7113, cycling ...
[Thu, 24 Jul 2014 17:29:36 GMT] INFO Creating 1 worker process.
[Thu, 24 Jul 2014 17:29:37 GMT] INFO Server worker running in development on port 4000 with a PID of: 7117
[Thu, 24 Jul 2014 17:30:10 GMT] INFO Code changed, killing 7117, cycling ...
[Thu, 24 Jul 2014 17:30:10 GMT] INFO Creating 1 worker process.
[Thu, 24 Jul 2014 17:30:11 GMT] INFO Server worker running in development on port 4000 with a PID of: 7119
[Thu, 24 Jul 2014 17:30:14 GMT] INFO Code changed, killing 7119, cycling ...
[Thu, 24 Jul 2014 17:30:14 GMT] INFO Creating 1 worker process.
[Thu, 24 Jul 2014 17:30:15 GMT] INFO Server worker running in development on port 4000 with a PID of: 7122
[Thu, 24 Jul 2014 17:30:17 GMT] INFO Code changed, killing 7122, cycling ...
[Thu, 24 Jul 2014 17:30:17 GMT] INFO Creating 1 worker process.
[Thu, 24 Jul 2014 17:30:17 GMT] INFO Server worker running in development on port 4000 with a PID of: 7124
[Thu, 24 Jul 2014 17:30:50 GMT] INFO Code changed, killing 7124, cycling ...
[Thu, 24 Jul 2014 17:30:50 GMT] INFO Creating 1 worker process.
[Thu, 24 Jul 2014 17:30:50 GMT] INFO Server worker running in development on port 4000 with a PID of: 7127
[Thu, 24 Jul 2014 17:31:04 GMT] INFO Code changed, killing 7127, cycling ...
[Thu, 24 Jul 2014 17:31:04 GMT] INFO Creating 1 worker process.
[Thu, 24 Jul 2014 17:31:05 GMT] INFO Server worker running in development on port 4000 with a PID of: 7132
[Thu, 24 Jul 2014 17:33:46 GMT] INFO Code changed, killing 7132, cycling ...
[Thu, 24 Jul 2014 17:33:46 GMT] INFO Creating 1 worker process.
[Thu, 24 Jul 2014 17:33:46 GMT] INFO Server worker running in development on port 4000 with a PID of: 7137
[Thu, 24 Jul 2014 17:34:03 GMT] INFO Code changed, killing 7137, cycling ...
[Thu, 24 Jul 2014 17:34:03 GMT] INFO Creating 1 worker process.
[Thu, 24 Jul 2014 17:34:03 GMT] INFO Server worker running in development on port 4000 with a PID of: 7141
[Thu, 24 Jul 2014 17:37:05 GMT] INFO Code changed, killing 7141, cycling ...
[Thu, 24 Jul 2014 17:37:05 GMT] INFO Creating 1 worker process.
[Thu, 24 Jul 2014 17:37:05 GMT] INFO Server worker running in development on port 4000 with a PID of: 7157
[Thu, 24 Jul 2014 17:37:31 GMT] INFO Code changed, killing 7157, cycling ...
[Thu, 24 Jul 2014 17:37:31 GMT] INFO Creating 1 worker process.
[Thu, 24 Jul 2014 17:37:31 GMT] INFO Server worker running in development on port 4000 with a PID of: 7162
[Thu, 24 Jul 2014 17:37:47 GMT] INFO Code changed, killing 7162, cycling ...
[Thu, 24 Jul 2014 17:37:47 GMT] INFO Creating 1 worker process.
[Thu, 24 Jul 2014 17:37:47 GMT] INFO Server worker running in development on port 4000 with a PID of: 7164
[Thu, 24 Jul 2014 17:38:55 GMT] INFO Code changed, killing 7164, cycling ...
[Thu, 24 Jul 2014 17:38:55 GMT] INFO Creating 1 worker process.
[Thu, 24 Jul 2014 17:39:17 GMT] INFO Creating 1 worker process.
[Thu, 24 Jul 2014 17:39:17 GMT] INFO Server worker running in development on port 4000 with a PID of: 7174
[Thu, 24 Jul 2014 17:39:39 GMT] INFO Code changed, killing 7174, cycling ...
[Thu, 24 Jul 2014 17:39:39 GMT] INFO Creating 1 worker process.
[Thu, 24 Jul 2014 17:39:39 GMT] INFO Server worker running in development on port 4000 with a PID of: 7181
[Thu, 24 Jul 2014 17:40:15 GMT] INFO Code changed, killing 7181, cycling ...
[Thu, 24 Jul 2014 17:40:15 GMT] INFO Creating 1 worker process.
[Thu, 24 Jul 2014 17:40:16 GMT] INFO Server worker running in development on port 4000 with a PID of: 7183
[Thu, 24 Jul 2014 17:40:17 GMT] INFO Code changed, killing 7183, cycling ...
[Thu, 24 Jul 2014 17:40:17 GMT] INFO Creating 1 worker process.
[Thu, 24 Jul 2014 17:40:18 GMT] INFO Server worker running in development on port 4000 with a PID of: 7185
[Thu, 24 Jul 2014 17:43:31 GMT] INFO Code changed, killing 7185, cycling ...
[Thu, 24 Jul 2014 17:43:31 GMT] INFO Creating 1 worker process.
[Thu, 24 Jul 2014 17:43:52 GMT] INFO Creating 1 worker process.
[Thu, 24 Jul 2014 17:43:52 GMT] INFO Server worker running in development on port 4000 with a PID of: 7201
[Thu, 24 Jul 2014 17:44:49 GMT] INFO Code changed, killing 7201, cycling ...
[Thu, 24 Jul 2014 17:44:49 GMT] INFO Creating 1 worker process.
[Thu, 24 Jul 2014 17:44:49 GMT] INFO Server worker running in development on port 4000 with a PID of: 7203
[Thu, 24 Jul 2014 17:46:00 GMT] INFO Code changed, killing 7203, cycling ...
[Thu, 24 Jul 2014 17:46:00 GMT] INFO Creating 1 worker process.
[Thu, 24 Jul 2014 17:46:00 GMT] INFO Server worker running in development on port 4000 with a PID of: 7205
[Thu, 24 Jul 2014 17:46:04 GMT] INFO Code changed, killing 7205, cycling ...
[Thu, 24 Jul 2014 17:46:04 GMT] INFO Creating 1 worker process.
[Thu, 24 Jul 2014 17:46:04 GMT] INFO Server worker running in development on port 4000 with a PID of: 7209
[Thu, 24 Jul 2014 17:46:11 GMT] INFO Code changed, killing 7209, cycling ...
[Thu, 24 Jul 2014 17:46:11 GMT] INFO Creating 1 worker process.
[Thu, 24 Jul 2014 17:46:11 GMT] INFO Server worker running in development on port 4000 with a PID of: 7211
[Thu, 24 Jul 2014 17:46:21 GMT] INFO Code changed, killing 7211, cycling ...
[Thu, 24 Jul 2014 17:46:21 GMT] INFO Creating 1 worker process.
[Thu, 24 Jul 2014 17:46:22 GMT] INFO Server worker running in development on port 4000 with a PID of: 7213
[Thu, 24 Jul 2014 17:46:24 GMT] INFO Code changed, killing 7213, cycling ...
[Thu, 24 Jul 2014 17:46:24 GMT] INFO Creating 1 worker process.
[Thu, 24 Jul 2014 17:46:25 GMT] INFO Server worker running in development on port 4000 with a PID of: 7215
[Thu, 24 Jul 2014 17:46:27 GMT] INFO Code changed, killing 7215, cycling ...
[Thu, 24 Jul 2014 17:46:27 GMT] INFO Creating 1 worker process.
[Thu, 24 Jul 2014 17:46:27 GMT] INFO Server worker running in development on port 4000 with a PID of: 7217
[Thu, 24 Jul 2014 17:46:28 GMT] INFO Code changed, killing 7217, cycling ...
[Thu, 24 Jul 2014 17:46:28 GMT] INFO Creating 1 worker process.
[Thu, 24 Jul 2014 17:46:28 GMT] INFO Server worker running in development on port 4000 with a PID of: 7218
[Thu, 24 Jul 2014 17:47:26 GMT] INFO Code changed, killing 7218, cycling ...
[Thu, 24 Jul 2014 17:47:26 GMT] INFO Creating 1 worker process.
[Thu, 24 Jul 2014 17:47:26 GMT] INFO Server worker running in development on port 4000 with a PID of: 7226
[Thu, 24 Jul 2014 17:47:31 GMT] INFO Code changed, killing 7226, cycling ...
[Thu, 24 Jul 2014 17:47:31 GMT] INFO Creating 1 worker process.
[Thu, 24 Jul 2014 17:47:32 GMT] INFO Server worker running in development on port 4000 with a PID of: 7228
[Thu, 24 Jul 2014 17:48:08 GMT] INFO Code changed, killing 7228, cycling ...
[Thu, 24 Jul 2014 17:48:08 GMT] INFO Creating 1 worker process.
[Thu, 24 Jul 2014 17:48:08 GMT] INFO Server worker running in development on port 4000 with a PID of: 7234
[Thu, 24 Jul 2014 17:48:14 GMT] INFO Code changed, killing 7234, cycling ...
[Thu, 24 Jul 2014 17:48:14 GMT] INFO Creating 1 worker process.
[Thu, 24 Jul 2014 17:48:15 GMT] INFO Server worker running in development on port 4000 with a PID of: 7236
[Thu, 24 Jul 2014 17:48:38 GMT] INFO Code changed, killing 7236, cycling ...
[Thu, 24 Jul 2014 17:48:38 GMT] INFO Creating 1 worker process.
[Thu, 24 Jul 2014 17:48:38 GMT] INFO Server worker running in development on port 4000 with a PID of: 7239
[Thu, 24 Jul 2014 17:58:38 GMT] INFO Code changed, killing 7239, cycling ...
[Thu, 24 Jul 2014 17:58:38 GMT] INFO Creating 1 worker process.
[Thu, 24 Jul 2014 17:58:38 GMT] INFO Server worker running in development on port 4000 with a PID of: 7254
[Thu, 24 Jul 2014 17:59:03 GMT] INFO Code changed, killing 7254, cycling ...
[Thu, 24 Jul 2014 17:59:03 GMT] INFO Creating 1 worker process.
[Thu, 24 Jul 2014 17:59:03 GMT] INFO Server worker running in development on port 4000 with a PID of: 7259
[Thu, 24 Jul 2014 17:59:05 GMT] INFO Code changed, killing 7259, cycling ...
[Thu, 24 Jul 2014 17:59:05 GMT] INFO Creating 1 worker process.
[Thu, 24 Jul 2014 17:59:06 GMT] INFO Server worker running in development on port 4000 with a PID of: 7261
[Thu, 24 Jul 2014 18:00:14 GMT] INFO Code changed, killing 7261, cycling ...
[Thu, 24 Jul 2014 18:00:14 GMT] INFO Creating 1 worker process.
[Thu, 24 Jul 2014 18:00:14 GMT] INFO Server worker running in development on port 4000 with a PID of: 7267
[Thu, 24 Jul 2014 18:02:01 GMT] INFO Code changed, killing 7267, cycling ...
[Thu, 24 Jul 2014 18:02:01 GMT] INFO Creating 1 worker process.
[Thu, 24 Jul 2014 18:02:01 GMT] INFO Server worker running in development on port 4000 with a PID of: 7274
[Thu, 24 Jul 2014 18:03:05 GMT] INFO Code changed, killing 7274, cycling ...
[Thu, 24 Jul 2014 18:03:05 GMT] INFO Creating 1 worker process.
[Thu, 24 Jul 2014 18:03:06 GMT] INFO Server worker running in development on port 4000 with a PID of: 7279
[Thu, 24 Jul 2014 18:03:35 GMT] INFO Code changed, killing 7279, cycling ...
[Thu, 24 Jul 2014 18:03:35 GMT] INFO Creating 1 worker process.
[Thu, 24 Jul 2014 18:03:35 GMT] INFO Server worker running in development on port 4000 with a PID of: 7281
[Thu, 24 Jul 2014 18:04:00 GMT] INFO Code changed, killing 7281, cycling ...
[Thu, 24 Jul 2014 18:04:00 GMT] INFO Creating 1 worker process.
[Thu, 24 Jul 2014 18:04:00 GMT] INFO Server worker running in development on port 4000 with a PID of: 7283
[Thu, 24 Jul 2014 18:04:11 GMT] INFO Code changed, killing 7283, cycling ...
[Thu, 24 Jul 2014 18:04:11 GMT] INFO Creating 1 worker process.
[Thu, 24 Jul 2014 18:04:11 GMT] INFO Server worker running in development on port 4000 with a PID of: 7285
[Thu, 24 Jul 2014 18:04:33 GMT] INFO Code changed, killing 7285, cycling ...
[Thu, 24 Jul 2014 18:04:33 GMT] INFO Creating 1 worker process.
[Thu, 24 Jul 2014 18:04:34 GMT] INFO Server worker running in development on port 4000 with a PID of: 7287
[Thu, 24 Jul 2014 18:04:52 GMT] INFO Code changed, killing 7287, cycling ...
[Thu, 24 Jul 2014 18:04:52 GMT] INFO Creating 1 worker process.
[Thu, 24 Jul 2014 18:04:52 GMT] INFO Server worker running in development on port 4000 with a PID of: 7289
[Thu, 24 Jul 2014 18:06:05 GMT] INFO Code changed, killing 7289, cycling ...
[Thu, 24 Jul 2014 18:06:05 GMT] INFO Creating 1 worker process.
[Thu, 24 Jul 2014 18:06:05 GMT] INFO Server worker running in development on port 4000 with a PID of: 7291
[Thu, 24 Jul 2014 18:10:23 GMT] INFO Code changed, killing 7291, cycling ...
[Thu, 24 Jul 2014 18:10:23 GMT] INFO Creating 1 worker process.
[Thu, 24 Jul 2014 18:10:23 GMT] INFO Server worker running in development on port 4000 with a PID of: 7297
[Thu, 24 Jul 2014 18:10:32 GMT] INFO Code changed, killing 7297, cycling ...
[Thu, 24 Jul 2014 18:10:32 GMT] INFO Creating 1 worker process.
[Thu, 24 Jul 2014 18:10:32 GMT] INFO Server worker running in development on port 4000 with a PID of: 7302
[Thu, 24 Jul 2014 18:11:01 GMT] INFO Code changed, killing 7302, cycling ...
[Thu, 24 Jul 2014 18:11:01 GMT] INFO Creating 1 worker process.
[Thu, 24 Jul 2014 18:11:01 GMT] INFO Server worker running in development on port 4000 with a PID of: 7304
[Thu, 24 Jul 2014 18:18:34 GMT] INFO Code changed, killing 7304, cycling ...
[Thu, 24 Jul 2014 18:18:34 GMT] INFO Creating 1 worker process.
[Thu, 24 Jul 2014 18:18:34 GMT] INFO Server worker running in development on port 4000 with a PID of: 7324
[Thu, 24 Jul 2014 19:29:52 GMT] INFO Code changed, killing 7324, cycling ...
[Thu, 24 Jul 2014 19:29:52 GMT] INFO Creating 1 worker process.
[Thu, 24 Jul 2014 19:29:53 GMT] INFO Server worker running in development on port 4000 with a PID of: 7622
[Thu, 24 Jul 2014 19:29:59 GMT] INFO Code changed, killing 7622, cycling ...
[Thu, 24 Jul 2014 19:29:59 GMT] INFO Creating 1 worker process.
[Thu, 24 Jul 2014 19:29:59 GMT] INFO Server worker running in development on port 4000 with a PID of: 7625
[Thu, 24 Jul 2014 19:30:20 GMT] INFO Code changed, killing 7625, cycling ...
[Thu, 24 Jul 2014 19:30:20 GMT] INFO Creating 1 worker process.
[Thu, 24 Jul 2014 19:30:21 GMT] INFO Server worker running in development on port 4000 with a PID of: 7627
[Thu, 24 Jul 2014 19:35:46 GMT] INFO Code changed, killing 7627, cycling ...
[Thu, 24 Jul 2014 19:35:46 GMT] INFO Creating 1 worker process.
[Thu, 24 Jul 2014 19:35:46 GMT] INFO Server worker running in development on port 4000 with a PID of: 7636
[Thu, 24 Jul 2014 19:36:46 GMT] INFO Code changed, killing 7636, cycling ...
[Thu, 24 Jul 2014 19:36:46 GMT] INFO Creating 1 worker process.
[Thu, 24 Jul 2014 19:36:46 GMT] INFO Server worker running in development on port 4000 with a PID of: 7640
[Thu, 24 Jul 2014 19:37:05 GMT] INFO Code changed, killing 7640, cycling ...
[Thu, 24 Jul 2014 19:37:05 GMT] INFO Creating 1 worker process.
[Thu, 24 Jul 2014 19:37:05 GMT] INFO Server worker running in development on port 4000 with a PID of: 7643
[Thu, 24 Jul 2014 19:37:23 GMT] INFO Code changed, killing 7643, cycling ...
[Thu, 24 Jul 2014 19:37:23 GMT] INFO Creating 1 worker process.
[Thu, 24 Jul 2014 19:37:24 GMT] INFO Server worker running in development on port 4000 with a PID of: 7646
[Thu, 24 Jul 2014 19:37:56 GMT] INFO Code changed, killing 7646, cycling ...
[Thu, 24 Jul 2014 19:37:56 GMT] INFO Creating 1 worker process.
[Thu, 24 Jul 2014 19:37:57 GMT] INFO Server worker running in development on port 4000 with a PID of: 7648
[Thu, 24 Jul 2014 19:40:01 GMT] INFO Code changed, killing 7648, cycling ...
[Thu, 24 Jul 2014 19:40:01 GMT] INFO Creating 1 worker process.
[Thu, 24 Jul 2014 19:40:02 GMT] INFO Server worker running in development on port 4000 with a PID of: 7652
[Thu, 24 Jul 2014 19:40:15 GMT] INFO Code changed, killing 7652, cycling ...
[Thu, 24 Jul 2014 19:40:15 GMT] INFO Creating 1 worker process.
[Thu, 24 Jul 2014 19:40:15 GMT] INFO Server worker running in development on port 4000 with a PID of: 7656
[Thu, 24 Jul 2014 19:40:42 GMT] INFO Code changed, killing 7656, cycling ...
[Thu, 24 Jul 2014 19:40:42 GMT] INFO Creating 1 worker process.
[Thu, 24 Jul 2014 19:40:42 GMT] INFO Server worker running in development on port 4000 with a PID of: 7658
[Thu, 24 Jul 2014 19:41:01 GMT] INFO Code changed, killing 7658, cycling ...
[Thu, 24 Jul 2014 19:41:01 GMT] INFO Creating 1 worker process.
[Thu, 24 Jul 2014 19:41:02 GMT] INFO Code changed, killing 7660, cycling ...
[Thu, 24 Jul 2014 19:41:02 GMT] INFO Creating 1 worker process.
[Thu, 24 Jul 2014 19:41:02 GMT] INFO Server worker running in development on port 4000 with a PID of: 7661
[Thu, 24 Jul 2014 19:42:27 GMT] INFO Code changed, killing 7661, cycling ...
[Thu, 24 Jul 2014 19:42:27 GMT] INFO Creating 1 worker process.
[Thu, 24 Jul 2014 19:42:28 GMT] INFO Server worker running in development on port 4000 with a PID of: 7667
[Thu, 24 Jul 2014 19:43:47 GMT] INFO Code changed, killing 7667, cycling ...
[Thu, 24 Jul 2014 19:43:47 GMT] INFO Creating 1 worker process.
[Thu, 24 Jul 2014 19:43:47 GMT] INFO Server worker running in development on port 4000 with a PID of: 7673
[Thu, 24 Jul 2014 19:45:06 GMT] INFO Code changed, killing 7673, cycling ...
[Thu, 24 Jul 2014 19:45:06 GMT] INFO Creating 1 worker process.
[Thu, 24 Jul 2014 19:45:06 GMT] INFO Server worker running in development on port 4000 with a PID of: 7678
[Thu, 24 Jul 2014 19:45:17 GMT] INFO Code changed, killing 7678, cycling ...
[Thu, 24 Jul 2014 19:45:17 GMT] INFO Creating 1 worker process.
[Thu, 24 Jul 2014 19:45:17 GMT] INFO Server worker running in development on port 4000 with a PID of: 7682
[Thu, 24 Jul 2014 19:46:27 GMT] INFO Code changed, killing 7682, cycling ...
[Thu, 24 Jul 2014 19:46:27 GMT] INFO Creating 1 worker process.
[Thu, 24 Jul 2014 19:46:28 GMT] INFO Server worker running in development on port 4000 with a PID of: 7688
[Thu, 24 Jul 2014 19:46:49 GMT] INFO Code changed, killing 7688, cycling ...
[Thu, 24 Jul 2014 19:46:49 GMT] INFO Creating 1 worker process.
[Thu, 24 Jul 2014 19:46:49 GMT] INFO Server worker running in development on port 4000 with a PID of: 7690
[Thu, 24 Jul 2014 19:47:07 GMT] INFO Code changed, killing 7690, cycling ...
[Thu, 24 Jul 2014 19:47:07 GMT] INFO Creating 1 worker process.
[Thu, 24 Jul 2014 19:47:07 GMT] INFO Server worker running in development on port 4000 with a PID of: 7696
[Thu, 24 Jul 2014 19:47:18 GMT] INFO Code changed, killing 7696, cycling ...
[Thu, 24 Jul 2014 19:47:18 GMT] INFO Creating 1 worker process.
[Thu, 24 Jul 2014 19:47:19 GMT] INFO Server worker running in development on port 4000 with a PID of: 7698
[Thu, 24 Jul 2014 19:47:57 GMT] INFO Code changed, killing 7698, cycling ...
[Thu, 24 Jul 2014 19:47:57 GMT] INFO Creating 1 worker process.
[Thu, 24 Jul 2014 19:47:57 GMT] INFO Server worker running in development on port 4000 with a PID of: 7700
[Thu, 24 Jul 2014 19:49:35 GMT] INFO Code changed, killing 7700, cycling ...
[Thu, 24 Jul 2014 19:49:35 GMT] INFO Creating 1 worker process.
[Thu, 24 Jul 2014 19:49:35 GMT] INFO Server worker running in development on port 4000 with a PID of: 7708
[Thu, 24 Jul 2014 19:49:45 GMT] INFO Code changed, killing 7708, cycling ...
[Thu, 24 Jul 2014 19:49:45 GMT] INFO Creating 1 worker process.
[Thu, 24 Jul 2014 19:49:45 GMT] INFO Server worker running in development on port 4000 with a PID of: 7710
[Thu, 24 Jul 2014 19:53:12 GMT] INFO Code changed, killing 7710, cycling ...
[Thu, 24 Jul 2014 19:53:12 GMT] INFO Creating 1 worker process.
[Thu, 24 Jul 2014 19:53:13 GMT] INFO Server worker running in development on port 4000 with a PID of: 7720
[Thu, 24 Jul 2014 19:53:14 GMT] INFO Code changed, killing 7720, cycling ...
[Thu, 24 Jul 2014 19:53:14 GMT] INFO Creating 1 worker process.
[Thu, 24 Jul 2014 19:53:14 GMT] INFO Server worker running in development on port 4000 with a PID of: 7722
[Thu, 24 Jul 2014 19:55:28 GMT] INFO Code changed, killing 7722, cycling ...
[Thu, 24 Jul 2014 19:55:28 GMT] INFO Creating 1 worker process.
[Thu, 24 Jul 2014 19:55:29 GMT] INFO Server worker running in development on port 4000 with a PID of: 7726
[Thu, 24 Jul 2014 19:56:11 GMT] INFO Code changed, killing 7726, cycling ...
[Thu, 24 Jul 2014 19:56:11 GMT] INFO Creating 1 worker process.
[Thu, 24 Jul 2014 19:56:16 GMT] INFO Creating 1 worker process.
[Thu, 24 Jul 2014 19:56:16 GMT] INFO Server worker running in development on port 4000 with a PID of: 7733
[Thu, 24 Jul 2014 19:56:20 GMT] INFO Code changed, killing 7733, cycling ...
[Thu, 24 Jul 2014 19:56:20 GMT] INFO Creating 1 worker process.
[Thu, 24 Jul 2014 19:56:20 GMT] INFO Server worker running in development on port 4000 with a PID of: 7735
[Thu, 24 Jul 2014 19:56:23 GMT] INFO Code changed, killing 7735, cycling ...
[Thu, 24 Jul 2014 19:56:23 GMT] INFO Creating 1 worker process.
[Thu, 24 Jul 2014 19:56:24 GMT] INFO Server worker running in development on port 4000 with a PID of: 7737
[Thu, 24 Jul 2014 19:56:41 GMT] INFO Code changed, killing 7737, cycling ...
[Thu, 24 Jul 2014 19:56:41 GMT] INFO Creating 1 worker process.
[Thu, 24 Jul 2014 19:56:41 GMT] INFO Server worker running in development on port 4000 with a PID of: 7739
[Thu, 24 Jul 2014 19:57:06 GMT] INFO Code changed, killing 7739, cycling ...
[Thu, 24 Jul 2014 19:57:06 GMT] INFO Creating 1 worker process.
[Thu, 24 Jul 2014 19:57:06 GMT] INFO Server worker running in development on port 4000 with a PID of: 7741
[Thu, 24 Jul 2014 19:57:19 GMT] INFO Code changed, killing 7741, cycling ...
[Thu, 24 Jul 2014 19:57:19 GMT] INFO Creating 1 worker process.
[Thu, 24 Jul 2014 19:57:19 GMT] INFO Server worker running in development on port 4000 with a PID of: 7745
[Thu, 24 Jul 2014 19:57:39 GMT] INFO Code changed, killing 7745, cycling ...
[Thu, 24 Jul 2014 19:57:39 GMT] INFO Creating 1 worker process.
[Thu, 24 Jul 2014 19:57:40 GMT] INFO Server worker running in development on port 4000 with a PID of: 7749
[Thu, 24 Jul 2014 19:57:59 GMT] INFO Code changed, killing 7749, cycling ...
[Thu, 24 Jul 2014 19:57:59 GMT] INFO Creating 1 worker process.
[Thu, 24 Jul 2014 19:57:59 GMT] INFO Server worker running in development on port 4000 with a PID of: 7752
[Thu, 24 Jul 2014 19:58:41 GMT] INFO Code changed, killing 7752, cycling ...
[Thu, 24 Jul 2014 19:58:41 GMT] INFO Creating 1 worker process.
[Thu, 24 Jul 2014 19:58:41 GMT] INFO Server worker running in development on port 4000 with a PID of: 7758
[Thu, 24 Jul 2014 20:00:40 GMT] INFO Code changed, killing 7758, cycling ...
[Thu, 24 Jul 2014 20:00:40 GMT] INFO Creating 1 worker process.
[Thu, 24 Jul 2014 20:00:40 GMT] INFO Server worker running in development on port 4000 with a PID of: 7763
[Thu, 24 Jul 2014 20:01:05 GMT] INFO Code changed, killing 7763, cycling ...
[Thu, 24 Jul 2014 20:01:05 GMT] INFO Creating 1 worker process.
[Thu, 24 Jul 2014 20:01:05 GMT] INFO Server worker running in development on port 4000 with a PID of: 7766
[Thu, 24 Jul 2014 20:02:25 GMT] INFO Code changed, killing 7766, cycling ...
[Thu, 24 Jul 2014 20:02:25 GMT] INFO Creating 1 worker process.
[Thu, 24 Jul 2014 20:02:25 GMT] INFO Server worker running in development on port 4000 with a PID of: 7773
[Thu, 24 Jul 2014 20:02:36 GMT] INFO Code changed, killing 7773, cycling ...
[Thu, 24 Jul 2014 20:02:36 GMT] INFO Creating 1 worker process.
[Thu, 24 Jul 2014 20:02:36 GMT] INFO Server worker running in development on port 4000 with a PID of: 7778
[Thu, 24 Jul 2014 20:02:46 GMT] INFO Code changed, killing 7778, cycling ...
[Thu, 24 Jul 2014 20:02:46 GMT] INFO Creating 1 worker process.
[Thu, 24 Jul 2014 20:02:46 GMT] INFO Server worker running in development on port 4000 with a PID of: 7780
[Thu, 24 Jul 2014 20:04:25 GMT] INFO Code changed, killing 7780, cycling ...
[Thu, 24 Jul 2014 20:04:25 GMT] INFO Creating 1 worker process.
[Thu, 24 Jul 2014 20:04:25 GMT] INFO Server worker running in development on port 4000 with a PID of: 7789
[Thu, 24 Jul 2014 20:05:19 GMT] INFO Code changed, killing 7789, cycling ...
[Thu, 24 Jul 2014 20:05:19 GMT] INFO Creating 1 worker process.
[Thu, 24 Jul 2014 20:05:19 GMT] INFO Server worker running in development on port 4000 with a PID of: 7795
[Thu, 24 Jul 2014 20:05:28 GMT] INFO Code changed, killing 7795, cycling ...
[Thu, 24 Jul 2014 20:05:28 GMT] INFO Creating 1 worker process.
[Thu, 24 Jul 2014 20:05:29 GMT] INFO Server worker running in development on port 4000 with a PID of: 7797
[Thu, 24 Jul 2014 20:05:33 GMT] INFO Code changed, killing 7797, cycling ...
[Thu, 24 Jul 2014 20:05:33 GMT] INFO Creating 1 worker process.
[Thu, 24 Jul 2014 20:05:34 GMT] INFO Server worker running in development on port 4000 with a PID of: 7799
[Thu, 24 Jul 2014 20:05:41 GMT] INFO Code changed, killing 7799, cycling ...
[Thu, 24 Jul 2014 20:05:41 GMT] INFO Creating 1 worker process.
[Thu, 24 Jul 2014 20:05:41 GMT] INFO Server worker running in development on port 4000 with a PID of: 7801
[Thu, 24 Jul 2014 20:06:43 GMT] INFO Code changed, killing 7801, cycling ...
[Thu, 24 Jul 2014 20:06:43 GMT] INFO Creating 1 worker process.
[Thu, 24 Jul 2014 20:06:43 GMT] INFO Server worker running in development on port 4000 with a PID of: 7808
[Thu, 24 Jul 2014 20:06:52 GMT] INFO Code changed, killing 7808, cycling ...
[Thu, 24 Jul 2014 20:06:52 GMT] INFO Creating 1 worker process.
[Thu, 24 Jul 2014 20:06:53 GMT] INFO Server worker running in development on port 4000 with a PID of: 7810
[Thu, 24 Jul 2014 20:07:18 GMT] INFO Code changed, killing 7810, cycling ...
[Thu, 24 Jul 2014 20:07:18 GMT] INFO Creating 1 worker process.
[Thu, 24 Jul 2014 20:07:18 GMT] INFO Server worker running in development on port 4000 with a PID of: 7812
[Thu, 24 Jul 2014 20:07:54 GMT] INFO Code changed, killing 7812, cycling ...
[Thu, 24 Jul 2014 20:07:54 GMT] INFO Creating 1 worker process.
[Thu, 24 Jul 2014 20:07:55 GMT] INFO Server worker running in development on port 4000 with a PID of: 7819
[Thu, 24 Jul 2014 20:07:58 GMT] INFO Code changed, killing 7819, cycling ...
[Thu, 24 Jul 2014 20:07:58 GMT] INFO Creating 1 worker process.
[Thu, 24 Jul 2014 20:07:58 GMT] INFO Server worker running in development on port 4000 with a PID of: 7821
[Thu, 24 Jul 2014 20:08:24 GMT] INFO Code changed, killing 7821, cycling ...
[Thu, 24 Jul 2014 20:08:24 GMT] INFO Creating 1 worker process.
[Thu, 24 Jul 2014 20:08:24 GMT] INFO Server worker running in development on port 4000 with a PID of: 7823
[Thu, 24 Jul 2014 20:08:38 GMT] INFO Code changed, killing 7823, cycling ...
[Thu, 24 Jul 2014 20:08:38 GMT] INFO Creating 1 worker process.
[Thu, 24 Jul 2014 20:08:38 GMT] INFO Server worker running in development on port 4000 with a PID of: 7825
[Thu, 24 Jul 2014 20:08:43 GMT] INFO Code changed, killing 7825, cycling ...
[Thu, 24 Jul 2014 20:08:43 GMT] INFO Creating 1 worker process.
[Thu, 24 Jul 2014 20:08:43 GMT] INFO Server worker running in development on port 4000 with a PID of: 7827
[Thu, 24 Jul 2014 20:09:58 GMT] INFO Code changed, killing 7827, cycling ...
[Thu, 24 Jul 2014 20:09:58 GMT] INFO Creating 1 worker process.
[Thu, 24 Jul 2014 20:09:58 GMT] INFO Server worker running in development on port 4000 with a PID of: 7829
[Thu, 24 Jul 2014 20:10:02 GMT] INFO Code changed, killing 7829, cycling ...
[Thu, 24 Jul 2014 20:10:02 GMT] INFO Creating 1 worker process.
[Thu, 24 Jul 2014 20:10:09 GMT] INFO Creating 1 worker process.
[Thu, 24 Jul 2014 20:10:09 GMT] INFO Server worker running in development on port 4000 with a PID of: 7835
[Thu, 24 Jul 2014 20:10:22 GMT] INFO Code changed, killing 7835, cycling ...
[Thu, 24 Jul 2014 20:10:22 GMT] INFO Creating 1 worker process.
[Thu, 24 Jul 2014 20:10:22 GMT] INFO Server worker running in development on port 4000 with a PID of: 7837
[Thu, 24 Jul 2014 20:10:25 GMT] INFO Code changed, killing 7837, cycling ...
[Thu, 24 Jul 2014 20:10:25 GMT] INFO Creating 1 worker process.
[Thu, 24 Jul 2014 20:10:25 GMT] INFO Server worker running in development on port 4000 with a PID of: 7839
[Thu, 24 Jul 2014 20:10:52 GMT] INFO Code changed, killing 7839, cycling ...
[Thu, 24 Jul 2014 20:10:52 GMT] INFO Creating 1 worker process.
[Thu, 24 Jul 2014 20:10:52 GMT] INFO Server worker running in development on port 4000 with a PID of: 7841
[Thu, 24 Jul 2014 20:11:12 GMT] INFO Code changed, killing 7841, cycling ...
[Thu, 24 Jul 2014 20:11:12 GMT] INFO Creating 1 worker process.
[Thu, 24 Jul 2014 20:11:12 GMT] INFO Server worker running in development on port 4000 with a PID of: 7843
[Thu, 24 Jul 2014 20:11:17 GMT] INFO Code changed, killing 7843, cycling ...
[Thu, 24 Jul 2014 20:11:17 GMT] INFO Creating 1 worker process.
[Thu, 24 Jul 2014 20:11:18 GMT] INFO Server worker running in development on port 4000 with a PID of: 7846
[Thu, 24 Jul 2014 20:11:19 GMT] INFO Code changed, killing 7846, cycling ...
[Thu, 24 Jul 2014 20:11:19 GMT] INFO Creating 1 worker process.
[Thu, 24 Jul 2014 20:11:19 GMT] INFO Server worker running in development on port 4000 with a PID of: 7848
[Thu, 24 Jul 2014 20:11:22 GMT] INFO Code changed, killing 7848, cycling ...
[Thu, 24 Jul 2014 20:11:22 GMT] INFO Creating 1 worker process.
[Thu, 24 Jul 2014 20:11:22 GMT] INFO Server worker running in development on port 4000 with a PID of: 7850
[Thu, 24 Jul 2014 20:11:24 GMT] INFO Code changed, killing 7850, cycling ...
[Thu, 24 Jul 2014 20:11:24 GMT] INFO Creating 1 worker process.
[Thu, 24 Jul 2014 20:11:24 GMT] INFO Server worker running in development on port 4000 with a PID of: 7852
[Thu, 24 Jul 2014 20:11:29 GMT] INFO Code changed, killing 7852, cycling ...
[Thu, 24 Jul 2014 20:11:29 GMT] INFO Creating 1 worker process.
[Thu, 24 Jul 2014 20:11:29 GMT] INFO Server worker running in development on port 4000 with a PID of: 7854
[Thu, 24 Jul 2014 20:13:11 GMT] INFO Code changed, killing 7854, cycling ...
[Thu, 24 Jul 2014 20:13:11 GMT] INFO Creating 1 worker process.
[Thu, 24 Jul 2014 20:13:11 GMT] INFO Server worker running in development on port 4000 with a PID of: 7862
[Thu, 24 Jul 2014 20:14:12 GMT] INFO Code changed, killing 7862, cycling ...
[Thu, 24 Jul 2014 20:14:12 GMT] INFO Creating 1 worker process.
[Thu, 24 Jul 2014 20:14:12 GMT] INFO Server worker running in development on port 4000 with a PID of: 7870
[Thu, 24 Jul 2014 20:14:33 GMT] INFO Code changed, killing 7870, cycling ...
[Thu, 24 Jul 2014 20:14:33 GMT] INFO Creating 1 worker process.
[Thu, 24 Jul 2014 20:14:33 GMT] INFO Server worker running in development on port 4000 with a PID of: 7872
[Thu, 24 Jul 2014 20:15:05 GMT] INFO Code changed, killing 7872, cycling ...
[Thu, 24 Jul 2014 20:15:05 GMT] INFO Creating 1 worker process.
[Thu, 24 Jul 2014 20:15:05 GMT] INFO Server worker running in development on port 4000 with a PID of: 7874
[Thu, 24 Jul 2014 20:15:33 GMT] INFO Code changed, killing 7874, cycling ...
[Thu, 24 Jul 2014 20:15:33 GMT] INFO Creating 1 worker process.
[Thu, 24 Jul 2014 20:15:33 GMT] INFO Server worker running in development on port 4000 with a PID of: 7880
[Thu, 24 Jul 2014 20:15:57 GMT] INFO Code changed, killing 7880, cycling ...
[Thu, 24 Jul 2014 20:15:57 GMT] INFO Creating 1 worker process.
[Thu, 24 Jul 2014 20:15:57 GMT] INFO Server worker running in development on port 4000 with a PID of: 7882
[Thu, 24 Jul 2014 20:16:03 GMT] INFO Code changed, killing 7882, cycling ...
[Thu, 24 Jul 2014 20:16:03 GMT] INFO Creating 1 worker process.
[Thu, 24 Jul 2014 20:16:03 GMT] INFO Server worker running in development on port 4000 with a PID of: 7884
[Thu, 24 Jul 2014 20:16:07 GMT] INFO Code changed, killing 7884, cycling ...
[Thu, 24 Jul 2014 20:16:07 GMT] INFO Creating 1 worker process.
[Thu, 24 Jul 2014 20:16:07 GMT] INFO Server worker running in development on port 4000 with a PID of: 7886
[Thu, 24 Jul 2014 20:16:13 GMT] INFO Code changed, killing 7886, cycling ...
[Thu, 24 Jul 2014 20:16:13 GMT] INFO Creating 1 worker process.
[Thu, 24 Jul 2014 20:16:13 GMT] INFO Server worker running in development on port 4000 with a PID of: 7888
[Thu, 24 Jul 2014 20:18:29 GMT] INFO Code changed, killing 7888, cycling ...
[Thu, 24 Jul 2014 20:18:29 GMT] INFO Creating 1 worker process.
[Thu, 24 Jul 2014 20:18:29 GMT] INFO Server worker running in development on port 4000 with a PID of: 7893
[Thu, 24 Jul 2014 20:19:02 GMT] INFO Code changed, killing 7893, cycling ...
[Thu, 24 Jul 2014 20:19:02 GMT] INFO Creating 1 worker process.
[Thu, 24 Jul 2014 20:19:02 GMT] INFO Server worker running in development on port 4000 with a PID of: 7899
[Thu, 24 Jul 2014 20:19:09 GMT] INFO Code changed, killing 7899, cycling ...
[Thu, 24 Jul 2014 20:19:09 GMT] INFO Creating 1 worker process.
[Thu, 24 Jul 2014 20:19:10 GMT] INFO Server worker running in development on port 4000 with a PID of: 7901
[Thu, 24 Jul 2014 20:20:35 GMT] INFO Code changed, killing 7901, cycling ...
[Thu, 24 Jul 2014 20:20:35 GMT] INFO Creating 1 worker process.
[Thu, 24 Jul 2014 20:20:35 GMT] INFO Server worker running in development on port 4000 with a PID of: 7904
[Thu, 24 Jul 2014 20:20:44 GMT] INFO Code changed, killing 7904, cycling ...
[Thu, 24 Jul 2014 20:20:44 GMT] INFO Creating 1 worker process.
[Thu, 24 Jul 2014 20:20:45 GMT] INFO Server worker running in development on port 4000 with a PID of: 7908
[Thu, 24 Jul 2014 20:20:56 GMT] INFO Code changed, killing 7908, cycling ...
[Thu, 24 Jul 2014 20:20:56 GMT] INFO Creating 1 worker process.
[Thu, 24 Jul 2014 20:20:56 GMT] INFO Server worker running in development on port 4000 with a PID of: 7910
[Thu, 24 Jul 2014 20:21:05 GMT] INFO Code changed, killing 7910, cycling ...
[Thu, 24 Jul 2014 20:21:05 GMT] INFO Creating 1 worker process.
[Thu, 24 Jul 2014 20:21:06 GMT] INFO Server worker running in development on port 4000 with a PID of: 7912
[Thu, 24 Jul 2014 20:21:15 GMT] INFO Code changed, killing 7912, cycling ...
[Thu, 24 Jul 2014 20:21:15 GMT] INFO Creating 1 worker process.
[Thu, 24 Jul 2014 20:21:15 GMT] INFO Server worker running in development on port 4000 with a PID of: 7914
[Thu, 24 Jul 2014 20:21:58 GMT] INFO Code changed, killing 7914, cycling ...
[Thu, 24 Jul 2014 20:21:58 GMT] INFO Creating 1 worker process.
[Thu, 24 Jul 2014 20:21:58 GMT] INFO Server worker running in development on port 4000 with a PID of: 7921
[Thu, 24 Jul 2014 20:21:59 GMT] INFO Code changed, killing 7921, cycling ...
[Thu, 24 Jul 2014 20:21:59 GMT] INFO Creating 1 worker process.
[Thu, 24 Jul 2014 20:21:59 GMT] INFO Server worker running in development on port 4000 with a PID of: 7922
[Thu, 24 Jul 2014 20:22:00 GMT] INFO Code changed, killing 7922, cycling ...
[Thu, 24 Jul 2014 20:22:00 GMT] INFO Creating 1 worker process.
[Thu, 24 Jul 2014 20:22:00 GMT] INFO Server worker running in development on port 4000 with a PID of: 7923
[Thu, 24 Jul 2014 20:22:43 GMT] INFO Code changed, killing 7923, cycling ...
[Thu, 24 Jul 2014 20:22:43 GMT] INFO Creating 1 worker process.
[Thu, 24 Jul 2014 20:22:43 GMT] INFO Server worker running in development on port 4000 with a PID of: 7925
[Thu, 24 Jul 2014 20:22:48 GMT] INFO Code changed, killing 7925, cycling ...
[Thu, 24 Jul 2014 20:22:48 GMT] INFO Creating 1 worker process.
[Thu, 24 Jul 2014 20:22:49 GMT] INFO Server worker running in development on port 4000 with a PID of: 7928
[Thu, 24 Jul 2014 20:22:56 GMT] INFO Code changed, killing 7928, cycling ...
[Thu, 24 Jul 2014 20:22:56 GMT] INFO Creating 1 worker process.
[Thu, 24 Jul 2014 20:22:56 GMT] INFO Server worker running in development on port 4000 with a PID of: 7930
[Thu, 24 Jul 2014 20:23:02 GMT] INFO Code changed, killing 7930, cycling ...
[Thu, 24 Jul 2014 20:23:02 GMT] INFO Creating 1 worker process.
[Thu, 24 Jul 2014 20:23:02 GMT] INFO Server worker running in development on port 4000 with a PID of: 7933
[Thu, 24 Jul 2014 20:23:09 GMT] INFO Code changed, killing 7933, cycling ...
[Thu, 24 Jul 2014 20:23:09 GMT] INFO Creating 1 worker process.
[Thu, 24 Jul 2014 20:23:09 GMT] INFO Server worker running in development on port 4000 with a PID of: 7935
[Thu, 24 Jul 2014 20:23:12 GMT] INFO Code changed, killing 7935, cycling ...
[Thu, 24 Jul 2014 20:23:12 GMT] INFO Creating 1 worker process.
[Thu, 24 Jul 2014 20:23:12 GMT] INFO Server worker running in development on port 4000 with a PID of: 7937
[Fri, 25 Jul 2014 12:57:53 GMT] INFO Code changed, killing 7937, cycling ...
[Fri, 25 Jul 2014 12:57:53 GMT] INFO Creating 1 worker process.
[Fri, 25 Jul 2014 12:57:53 GMT] INFO Server worker running in development on port 4000 with a PID of: 8175
[Fri, 25 Jul 2014 12:58:06 GMT] INFO Code changed, killing 8175, cycling ...
[Fri, 25 Jul 2014 12:58:06 GMT] INFO Creating 1 worker process.
[Fri, 25 Jul 2014 12:58:06 GMT] INFO Server worker running in development on port 4000 with a PID of: 8178
[Fri, 25 Jul 2014 12:58:08 GMT] INFO Code changed, killing 8178, cycling ...
[Fri, 25 Jul 2014 12:58:08 GMT] INFO Creating 1 worker process.
[Fri, 25 Jul 2014 12:58:09 GMT] INFO Server worker running in development on port 4000 with a PID of: 8182
[Fri, 25 Jul 2014 12:58:38 GMT] INFO Code changed, killing 8182, cycling ...
[Fri, 25 Jul 2014 12:58:38 GMT] INFO Creating 1 worker process.
[Fri, 25 Jul 2014 12:58:38 GMT] INFO Server worker running in development on port 4000 with a PID of: 8184
[Fri, 25 Jul 2014 12:58:39 GMT] INFO Code changed, killing 8184, cycling ...
[Fri, 25 Jul 2014 12:58:39 GMT] INFO Creating 1 worker process.
[Fri, 25 Jul 2014 12:58:40 GMT] INFO Server worker running in development on port 4000 with a PID of: 8186
[Fri, 25 Jul 2014 12:58:40 GMT] INFO Code changed, killing 8186, cycling ...
[Fri, 25 Jul 2014 12:58:40 GMT] INFO Creating 1 worker process.
[Fri, 25 Jul 2014 12:58:41 GMT] INFO Server worker running in development on port 4000 with a PID of: 8187
[Fri, 25 Jul 2014 12:59:24 GMT] INFO Code changed, killing 8187, cycling ...
[Fri, 25 Jul 2014 12:59:24 GMT] INFO Creating 1 worker process.
[Fri, 25 Jul 2014 12:59:24 GMT] INFO Server worker running in development on port 4000 with a PID of: 8189
[Fri, 25 Jul 2014 12:59:45 GMT] INFO Code changed, killing 8189, cycling ...
[Fri, 25 Jul 2014 12:59:45 GMT] INFO Creating 1 worker process.
[Fri, 25 Jul 2014 12:59:45 GMT] INFO Server worker running in development on port 4000 with a PID of: 8192
[Fri, 25 Jul 2014 12:59:50 GMT] INFO Code changed, killing 8192, cycling ...
[Fri, 25 Jul 2014 12:59:50 GMT] INFO Creating 1 worker process.
[Fri, 25 Jul 2014 12:59:51 GMT] INFO Server worker running in development on port 4000 with a PID of: 8194
[Fri, 25 Jul 2014 12:59:55 GMT] INFO Code changed, killing 8194, cycling ...
[Fri, 25 Jul 2014 12:59:55 GMT] INFO Creating 1 worker process.
[Fri, 25 Jul 2014 12:59:56 GMT] INFO Server worker running in development on port 4000 with a PID of: 8196
[Fri, 25 Jul 2014 13:01:03 GMT] INFO Code changed, killing 8196, cycling ...
[Fri, 25 Jul 2014 13:01:03 GMT] INFO Creating 1 worker process.
[Fri, 25 Jul 2014 13:01:04 GMT] INFO Server worker running in development on port 4000 with a PID of: 8198
[Fri, 25 Jul 2014 13:01:17 GMT] INFO Code changed, killing 8198, cycling ...
[Fri, 25 Jul 2014 13:01:17 GMT] INFO Creating 1 worker process.
[Fri, 25 Jul 2014 13:01:18 GMT] INFO Server worker running in development on port 4000 with a PID of: 8202
[Fri, 25 Jul 2014 13:01:36 GMT] INFO Code changed, killing 8202, cycling ...
[Fri, 25 Jul 2014 13:01:36 GMT] INFO Creating 1 worker process.
[Fri, 25 Jul 2014 13:01:36 GMT] INFO Server worker running in development on port 4000 with a PID of: 8204
[Fri, 25 Jul 2014 13:02:02 GMT] INFO Code changed, killing 8204, cycling ...
[Fri, 25 Jul 2014 13:02:02 GMT] INFO Creating 1 worker process.
[Fri, 25 Jul 2014 13:02:03 GMT] INFO Server worker running in development on port 4000 with a PID of: 8208
[Fri, 25 Jul 2014 13:02:06 GMT] INFO Code changed, killing 8208, cycling ...
[Fri, 25 Jul 2014 13:02:06 GMT] INFO Creating 1 worker process.
[Fri, 25 Jul 2014 13:02:07 GMT] INFO Server worker running in development on port 4000 with a PID of: 8210
[Fri, 25 Jul 2014 13:02:44 GMT] INFO Code changed, killing 8210, cycling ...
[Fri, 25 Jul 2014 13:02:44 GMT] INFO Creating 1 worker process.
[Fri, 25 Jul 2014 13:02:44 GMT] INFO Server worker running in development on port 4000 with a PID of: 8218
[Fri, 25 Jul 2014 13:04:03 GMT] INFO Code changed, killing 8218, cycling ...
[Fri, 25 Jul 2014 13:04:03 GMT] INFO Creating 1 worker process.
[Fri, 25 Jul 2014 13:04:03 GMT] INFO Server worker running in development on port 4000 with a PID of: 8220
[Fri, 25 Jul 2014 13:04:08 GMT] INFO Code changed, killing 8220, cycling ...
[Fri, 25 Jul 2014 13:04:08 GMT] INFO Creating 1 worker process.
[Fri, 25 Jul 2014 13:04:08 GMT] INFO Server worker running in development on port 4000 with a PID of: 8225
[Fri, 25 Jul 2014 13:04:16 GMT] INFO Code changed, killing 8225, cycling ...
[Fri, 25 Jul 2014 13:04:16 GMT] INFO Creating 1 worker process.
[Fri, 25 Jul 2014 13:04:16 GMT] INFO Server worker running in development on port 4000 with a PID of: 8227
[Fri, 25 Jul 2014 13:04:19 GMT] INFO Code changed, killing 8227, cycling ...
[Fri, 25 Jul 2014 13:04:19 GMT] INFO Creating 1 worker process.
[Fri, 25 Jul 2014 13:04:19 GMT] INFO Server worker running in development on port 4000 with a PID of: 8229
[Fri, 25 Jul 2014 13:04:23 GMT] INFO Code changed, killing 8229, cycling ...
[Fri, 25 Jul 2014 13:04:23 GMT] INFO Creating 1 worker process.
[Fri, 25 Jul 2014 13:04:23 GMT] INFO Server worker running in development on port 4000 with a PID of: 8231
[Fri, 25 Jul 2014 13:05:50 GMT] INFO Code changed, killing 8231, cycling ...
[Fri, 25 Jul 2014 13:05:50 GMT] INFO Creating 1 worker process.
[Fri, 25 Jul 2014 13:05:50 GMT] INFO Server worker running in development on port 4000 with a PID of: 8239
[Fri, 25 Jul 2014 13:05:59 GMT] INFO Code changed, killing 8239, cycling ...
[Fri, 25 Jul 2014 13:05:59 GMT] INFO Creating 1 worker process.
[Fri, 25 Jul 2014 13:05:59 GMT] INFO Server worker running in development on port 4000 with a PID of: 8242
[Fri, 25 Jul 2014 13:08:50 GMT] INFO Code changed, killing 8242, cycling ...
[Fri, 25 Jul 2014 13:08:50 GMT] INFO Creating 1 worker process.
[Fri, 25 Jul 2014 13:08:50 GMT] INFO Server worker running in development on port 4000 with a PID of: 8249
[Fri, 25 Jul 2014 13:11:51 GMT] INFO Code changed, killing 8249, cycling ...
[Fri, 25 Jul 2014 13:11:51 GMT] INFO Creating 1 worker process.
[Fri, 25 Jul 2014 13:12:18 GMT] INFO Creating 1 worker process.
[Fri, 25 Jul 2014 13:12:28 GMT] INFO Creating 1 worker process.
[Fri, 25 Jul 2014 13:12:32 GMT] INFO Creating 1 worker process.
[Fri, 25 Jul 2014 13:12:47 GMT] INFO Creating 1 worker process.
[Fri, 25 Jul 2014 13:12:48 GMT] INFO Server worker running in development on port 4000 with a PID of: 8271
[Fri, 25 Jul 2014 13:12:59 GMT] INFO Code changed, killing 8271, cycling ...
[Fri, 25 Jul 2014 13:12:59 GMT] INFO Creating 1 worker process.
[Fri, 25 Jul 2014 13:12:59 GMT] INFO Server worker running in development on port 4000 with a PID of: 8273
[Fri, 25 Jul 2014 13:13:30 GMT] INFO Code changed, killing 8273, cycling ...
[Fri, 25 Jul 2014 13:13:30 GMT] INFO Creating 1 worker process.
[Fri, 25 Jul 2014 13:13:30 GMT] INFO Server worker running in development on port 4000 with a PID of: 8279
[Fri, 25 Jul 2014 13:13:32 GMT] INFO Code changed, killing 8279, cycling ...
[Fri, 25 Jul 2014 13:13:32 GMT] INFO Creating 1 worker process.
[Fri, 25 Jul 2014 13:13:33 GMT] INFO Server worker running in development on port 4000 with a PID of: 8281
[Fri, 25 Jul 2014 13:13:37 GMT] INFO Code changed, killing 8281, cycling ...
[Fri, 25 Jul 2014 13:13:37 GMT] INFO Creating 1 worker process.
[Fri, 25 Jul 2014 13:13:37 GMT] INFO Server worker running in development on port 4000 with a PID of: 8283
[Fri, 25 Jul 2014 13:14:30 GMT] INFO Code changed, killing 8283, cycling ...
[Fri, 25 Jul 2014 13:14:30 GMT] INFO Creating 1 worker process.
[Fri, 25 Jul 2014 13:14:30 GMT] INFO Server worker running in development on port 4000 with a PID of: 8285
[Fri, 25 Jul 2014 13:14:30 GMT] INFO Code changed, killing 8285, cycling ...
[Fri, 25 Jul 2014 13:14:30 GMT] INFO Creating 1 worker process.
[Fri, 25 Jul 2014 13:14:31 GMT] INFO Server worker running in development on port 4000 with a PID of: 8286
[Fri, 25 Jul 2014 13:14:52 GMT] INFO Code changed, killing 8286, cycling ...
[Fri, 25 Jul 2014 13:14:52 GMT] INFO Creating 1 worker process.
[Fri, 25 Jul 2014 13:14:52 GMT] INFO Server worker running in development on port 4000 with a PID of: 8288
[Fri, 25 Jul 2014 13:14:55 GMT] INFO Code changed, killing 8288, cycling ...
[Fri, 25 Jul 2014 13:14:55 GMT] INFO Creating 1 worker process.
[Fri, 25 Jul 2014 13:14:55 GMT] INFO Server worker running in development on port 4000 with a PID of: 8290
[Fri, 25 Jul 2014 13:15:17 GMT] INFO Code changed, killing 8290, cycling ...
[Fri, 25 Jul 2014 13:15:17 GMT] INFO Creating 1 worker process.
[Fri, 25 Jul 2014 13:15:17 GMT] INFO Server worker running in development on port 4000 with a PID of: 8292
[Fri, 25 Jul 2014 13:15:22 GMT] INFO Code changed, killing 8292, cycling ...
[Fri, 25 Jul 2014 13:15:22 GMT] INFO Creating 1 worker process.
[Fri, 25 Jul 2014 13:15:22 GMT] INFO Server worker running in development on port 4000 with a PID of: 8294
[Fri, 25 Jul 2014 13:15:35 GMT] INFO Code changed, killing 8294, cycling ...
[Fri, 25 Jul 2014 13:15:35 GMT] INFO Creating 1 worker process.
[Fri, 25 Jul 2014 13:15:35 GMT] INFO Server worker running in development on port 4000 with a PID of: 8296
[Fri, 25 Jul 2014 13:15:54 GMT] INFO Code changed, killing 8296, cycling ...
[Fri, 25 Jul 2014 13:15:54 GMT] INFO Creating 1 worker process.
[Fri, 25 Jul 2014 13:15:55 GMT] INFO Server worker running in development on port 4000 with a PID of: 8303
[Fri, 25 Jul 2014 13:16:28 GMT] INFO Code changed, killing 8303, cycling ...
[Fri, 25 Jul 2014 13:16:28 GMT] INFO Creating 1 worker process.
[Fri, 25 Jul 2014 13:16:28 GMT] INFO Server worker running in development on port 4000 with a PID of: 8305
[Fri, 25 Jul 2014 13:16:29 GMT] INFO Code changed, killing 8305, cycling ...
[Fri, 25 Jul 2014 13:16:29 GMT] INFO Creating 1 worker process.
[Fri, 25 Jul 2014 13:16:29 GMT] INFO Server worker running in development on port 4000 with a PID of: 8306
[Fri, 25 Jul 2014 13:17:22 GMT] INFO Code changed, killing 8306, cycling ...
[Fri, 25 Jul 2014 13:17:22 GMT] INFO Creating 1 worker process.
[Fri, 25 Jul 2014 13:17:23 GMT] INFO Server worker running in development on port 4000 with a PID of: 8308
[Fri, 25 Jul 2014 13:17:40 GMT] INFO Code changed, killing 8308, cycling ...
[Fri, 25 Jul 2014 13:17:40 GMT] INFO Creating 1 worker process.
[Fri, 25 Jul 2014 13:17:40 GMT] INFO Server worker running in development on port 4000 with a PID of: 8310
[Fri, 25 Jul 2014 13:17:49 GMT] INFO Code changed, killing 8310, cycling ...
[Fri, 25 Jul 2014 13:17:49 GMT] INFO Creating 1 worker process.
[Fri, 25 Jul 2014 13:17:49 GMT] INFO Server worker running in development on port 4000 with a PID of: 8312
[Fri, 25 Jul 2014 13:17:56 GMT] INFO Code changed, killing 8312, cycling ...
[Fri, 25 Jul 2014 13:17:56 GMT] INFO Creating 1 worker process.
[Fri, 25 Jul 2014 13:17:57 GMT] INFO Server worker running in development on port 4000 with a PID of: 8314
[Fri, 25 Jul 2014 13:17:59 GMT] INFO Code changed, killing 8314, cycling ...
[Fri, 25 Jul 2014 13:17:59 GMT] INFO Creating 1 worker process.
[Fri, 25 Jul 2014 13:17:59 GMT] INFO Server worker running in development on port 4000 with a PID of: 8316
[Fri, 25 Jul 2014 13:19:04 GMT] INFO Code changed, killing 8316, cycling ...
[Fri, 25 Jul 2014 13:19:04 GMT] INFO Creating 1 worker process.
[Fri, 25 Jul 2014 13:19:05 GMT] INFO Server worker running in development on port 4000 with a PID of: 8318
[Fri, 25 Jul 2014 13:19:10 GMT] INFO Code changed, killing 8318, cycling ...
[Fri, 25 Jul 2014 13:19:10 GMT] INFO Creating 1 worker process.
[Fri, 25 Jul 2014 13:19:10 GMT] INFO Server worker running in development on port 4000 with a PID of: 8322
[Fri, 25 Jul 2014 13:19:20 GMT] INFO Code changed, killing 8322, cycling ...
[Fri, 25 Jul 2014 13:19:20 GMT] INFO Creating 1 worker process.
[Fri, 25 Jul 2014 13:19:20 GMT] INFO Server worker running in development on port 4000 with a PID of: 8324
[Fri, 25 Jul 2014 13:20:27 GMT] INFO Code changed, killing 8324, cycling ...
[Fri, 25 Jul 2014 13:20:27 GMT] INFO Creating 1 worker process.
[Fri, 25 Jul 2014 13:20:28 GMT] INFO Server worker running in development on port 4000 with a PID of: 8326
[Fri, 25 Jul 2014 13:21:29 GMT] INFO Code changed, killing 8326, cycling ...
[Fri, 25 Jul 2014 13:21:29 GMT] INFO Creating 1 worker process.
[Fri, 25 Jul 2014 13:22:49 GMT] INFO Creating 1 worker process.
[Fri, 25 Jul 2014 13:22:49 GMT] INFO Server worker running in development on port 4000 with a PID of: 8337
[Fri, 25 Jul 2014 13:23:26 GMT] INFO Code changed, killing 8337, cycling ...
[Fri, 25 Jul 2014 13:23:26 GMT] INFO Creating 1 worker process.
[Fri, 25 Jul 2014 13:23:26 GMT] INFO Server worker running in development on port 4000 with a PID of: 8339
[Fri, 25 Jul 2014 13:24:37 GMT] INFO Code changed, killing 8339, cycling ...
[Fri, 25 Jul 2014 13:24:37 GMT] INFO Creating 1 worker process.
[Fri, 25 Jul 2014 13:24:37 GMT] INFO Server worker running in development on port 4000 with a PID of: 8341
[Fri, 25 Jul 2014 13:24:40 GMT] INFO Code changed, killing 8341, cycling ...
[Fri, 25 Jul 2014 13:24:40 GMT] INFO Creating 1 worker process.
[Fri, 25 Jul 2014 13:24:40 GMT] INFO Server worker running in development on port 4000 with a PID of: 8346
[Fri, 25 Jul 2014 13:24:45 GMT] INFO Code changed, killing 8346, cycling ...
[Fri, 25 Jul 2014 13:24:45 GMT] INFO Creating 1 worker process.
[Fri, 25 Jul 2014 13:24:45 GMT] INFO Server worker running in development on port 4000 with a PID of: 8348
[Fri, 25 Jul 2014 13:25:42 GMT] INFO Code changed, killing 8348, cycling ...
[Fri, 25 Jul 2014 13:25:42 GMT] INFO Creating 1 worker process.
[Fri, 25 Jul 2014 13:25:42 GMT] INFO Server worker running in development on port 4000 with a PID of: 8356
[Fri, 25 Jul 2014 13:25:44 GMT] INFO Code changed, killing 8356, cycling ...
[Fri, 25 Jul 2014 13:25:44 GMT] INFO Creating 1 worker process.
[Fri, 25 Jul 2014 13:25:45 GMT] INFO Server worker running in development on port 4000 with a PID of: 8358
[Fri, 25 Jul 2014 13:26:18 GMT] INFO Code changed, killing 8358, cycling ...
[Fri, 25 Jul 2014 13:26:18 GMT] INFO Creating 1 worker process.
[Fri, 25 Jul 2014 13:26:18 GMT] INFO Server worker running in development on port 4000 with a PID of: 8360
[Fri, 25 Jul 2014 13:32:19 GMT] INFO Code changed, killing 8360, cycling ...
[Fri, 25 Jul 2014 13:32:19 GMT] INFO Creating 1 worker process.
[Fri, 25 Jul 2014 13:32:20 GMT] INFO Creating 1 worker process.
[Fri, 25 Jul 2014 13:32:21 GMT] INFO Server worker running in development on port 4000 with a PID of: 8376
[Fri, 25 Jul 2014 13:32:46 GMT] INFO Code changed, killing 8376, cycling ...
[Fri, 25 Jul 2014 13:32:46 GMT] INFO Creating 1 worker process.
[Fri, 25 Jul 2014 13:32:47 GMT] INFO Server worker running in development on port 4000 with a PID of: 8379
[Fri, 25 Jul 2014 13:53:07 GMT] INFO Code changed, killing 8379, cycling ...
[Fri, 25 Jul 2014 13:53:07 GMT] INFO Creating 1 worker process.
[Fri, 25 Jul 2014 13:53:08 GMT] INFO Server worker running in development on port 4000 with a PID of: 8420
[Fri, 25 Jul 2014 13:53:09 GMT] INFO Code changed, killing 8420, cycling ...
[Fri, 25 Jul 2014 13:53:09 GMT] INFO Creating 1 worker process.
[Fri, 25 Jul 2014 13:53:09 GMT] INFO Server worker running in development on port 4000 with a PID of: 8422
[Fri, 25 Jul 2014 13:53:26 GMT] INFO Code changed, killing 8422, cycling ...
[Fri, 25 Jul 2014 13:53:26 GMT] INFO Creating 1 worker process.
[Fri, 25 Jul 2014 13:53:32 GMT] INFO Creating 1 worker process.
[Fri, 25 Jul 2014 13:53:32 GMT] INFO Server worker running in development on port 4000 with a PID of: 8433
[Fri, 25 Jul 2014 13:54:07 GMT] INFO Code changed, killing 8433, cycling ...
[Fri, 25 Jul 2014 13:54:07 GMT] INFO Creating 1 worker process.
[Fri, 25 Jul 2014 13:54:07 GMT] INFO Server worker running in development on port 4000 with a PID of: 8435
[Fri, 25 Jul 2014 13:54:30 GMT] INFO Code changed, killing 8435, cycling ...
[Fri, 25 Jul 2014 13:54:30 GMT] INFO Creating 1 worker process.
[Fri, 25 Jul 2014 13:54:30 GMT] INFO Server worker running in development on port 4000 with a PID of: 8437
[Fri, 25 Jul 2014 13:55:11 GMT] INFO Code changed, killing 8437, cycling ...
[Fri, 25 Jul 2014 13:55:11 GMT] INFO Creating 1 worker process.
[Fri, 25 Jul 2014 13:55:12 GMT] INFO Server worker running in development on port 4000 with a PID of: 8439
[Fri, 25 Jul 2014 13:55:30 GMT] INFO Code changed, killing 8439, cycling ...
[Fri, 25 Jul 2014 13:55:30 GMT] INFO Creating 1 worker process.
[Fri, 25 Jul 2014 13:55:30 GMT] INFO Server worker running in development on port 4000 with a PID of: 8446
[Fri, 25 Jul 2014 14:18:08 GMT] INFO Code changed, killing 8446, cycling ...
[Fri, 25 Jul 2014 14:18:08 GMT] INFO Creating 1 worker process.
[Fri, 25 Jul 2014 14:18:09 GMT] INFO Server worker running in development on port 4000 with a PID of: 8505
[Fri, 25 Jul 2014 14:18:11 GMT] INFO Code changed, killing 8505, cycling ...
[Fri, 25 Jul 2014 14:18:11 GMT] INFO Creating 1 worker process.
[Fri, 25 Jul 2014 14:18:12 GMT] INFO Server worker running in development on port 4000 with a PID of: 8510
[Fri, 25 Jul 2014 14:18:25 GMT] INFO Code changed, killing 8510, cycling ...
[Fri, 25 Jul 2014 14:18:25 GMT] INFO Creating 1 worker process.
[Fri, 25 Jul 2014 14:18:25 GMT] INFO Server worker running in development on port 4000 with a PID of: 8512
[Fri, 25 Jul 2014 14:18:32 GMT] INFO Code changed, killing 8512, cycling ...
[Fri, 25 Jul 2014 14:18:32 GMT] INFO Creating 1 worker process.
[Fri, 25 Jul 2014 14:18:33 GMT] INFO Server worker running in development on port 4000 with a PID of: 8514
[Fri, 25 Jul 2014 14:18:54 GMT] INFO Code changed, killing 8514, cycling ...
[Fri, 25 Jul 2014 14:18:54 GMT] INFO Creating 1 worker process.
[Fri, 25 Jul 2014 14:18:54 GMT] INFO Server worker running in development on port 4000 with a PID of: 8516
[Fri, 25 Jul 2014 14:32:15 GMT] INFO Code changed, killing 8516, cycling ...
[Fri, 25 Jul 2014 14:32:15 GMT] INFO Creating 1 worker process.
[Fri, 25 Jul 2014 14:32:16 GMT] INFO Server worker running in development on port 4000 with a PID of: 8536
[Fri, 25 Jul 2014 14:32:17 GMT] INFO Code changed, killing 8536, cycling ...
[Fri, 25 Jul 2014 14:32:17 GMT] INFO Creating 1 worker process.
[Fri, 25 Jul 2014 14:32:17 GMT] INFO Server worker running in development on port 4000 with a PID of: 8537
[Fri, 25 Jul 2014 14:32:18 GMT] INFO Code changed, killing 8537, cycling ...
[Fri, 25 Jul 2014 14:32:18 GMT] INFO Creating 1 worker process.
[Fri, 25 Jul 2014 14:32:19 GMT] INFO Server worker running in development on port 4000 with a PID of: 8539
[Fri, 25 Jul 2014 14:32:23 GMT] INFO Code changed, killing 8539, cycling ...
[Fri, 25 Jul 2014 14:32:23 GMT] INFO Creating 1 worker process.
[Fri, 25 Jul 2014 14:32:24 GMT] INFO Server worker running in development on port 4000 with a PID of: 8544
[Fri, 25 Jul 2014 14:32:39 GMT] INFO Code changed, killing 8544, cycling ...
[Fri, 25 Jul 2014 14:32:39 GMT] INFO Creating 1 worker process.
[Fri, 25 Jul 2014 14:32:39 GMT] INFO Server worker running in development on port 4000 with a PID of: 8547
