[Tue, 05 Aug 2014 13:31:54 GMT] INFO Server starting with config: {
  "environment": "development",
  "workers": 1,
  "port": 4001,
  "spdy": null,
  "ssl": null,
  "detailedErrors": true,
  "flash": {
    "defaultClass": "alert",
    "inlineClasses": {
      "success": "alert alert-success",
      "alert": "alert",
      "error": "alert alert-error",
      "info": "alert alert-info"
    },
    "blockClasses": {
      "success": "alert alert-block alert-success",
      "alert": "alert alert-block",
      "error": "alert alert-block alert-error",
      "info": "alert alert-block alert-info"
    }
  },
  "debug": true,
  "rotateWorkers": false,
  "rotationWindow": 7200000,
  "rotationTimeout": 300000,
  "logDir": "/Users/lbacker/Documents/nodeapps/soccersimulator/log",
  "gracefulShutdownTimeout": 30000,
  "heartbeatInterval": 5000,
  "heartbeatWindow": 20000,
  "staticFilePath": "/Users/lbacker/Documents/nodeapps/soccersimulator/public",
  "assetHost": "",
  "assetBasePath": "/",
  "cacheControl": {
    "expires": {
      "default": 0
    }
  },
  "sessions": {
    "store": "filesystem",
    "key": "sid",
    "expiry": 1209600,
    "filename": "_session_store.json"
  },
  "cookieSessionKey": "sdata",
  "i18n": {
    "defaultLocale": "en-us",
    "loadPaths": [
      "/Users/lbacker/Documents/nodeapps/soccersimulator/config/locales"
    ]
  },
  "appName": "Soccer Simulation (development)",
  "hostname": null,
  "fullHostname": null,
  "connectCompatibility": false,
  "mailer": null,
  "generatedByVersion": "0.12.12",
  "simulationFilePath": "/Users/lbacker/Documents/nodeapps/soccersimulator/simulationfiles/",
  "simulationShortTime": 1,
  "simulationLongTime": 5,
  "model": {
    "defaultAdapter": "filesystem"
  },
  "ftpPushDetail": {
    "ftpEnabled": false,
    "nonFTPPushPath": "/Users/lbacker/Documents/nodexml/FTP",
    "server": "54.83.49.250",
    "userName": "opta-user",
    "password": "0Pt@W0rldCup",
    "directory": "/var/www/FTP/",
    "protocol": "SFTP"
  }
}
[Tue, 05 Aug 2014 13:31:54 GMT] INFO Creating 1 worker process.
[Tue, 05 Aug 2014 13:31:54 GMT] INFO Server worker running in development on port 4001 with a PID of: 8776
[Tue, 05 Aug 2014 15:48:18 GMT] INFO Code changed, killing 8776, cycling ...
[Tue, 05 Aug 2014 15:48:18 GMT] INFO Creating 1 worker process.
[Tue, 05 Aug 2014 15:48:20 GMT] INFO Server worker running in development on port 4001 with a PID of: 10095
[Tue, 05 Aug 2014 15:48:24 GMT] INFO Code changed, killing 10095, cycling ...
[Tue, 05 Aug 2014 15:48:24 GMT] INFO Creating 1 worker process.
[Tue, 05 Aug 2014 15:48:24 GMT] INFO Server worker running in development on port 4001 with a PID of: 10100
[Tue, 05 Aug 2014 15:49:25 GMT] INFO Code changed, killing 10100, cycling ...
[Tue, 05 Aug 2014 15:49:25 GMT] INFO Creating 1 worker process.
[Tue, 05 Aug 2014 15:49:25 GMT] INFO Server worker running in development on port 4001 with a PID of: 10108
[Tue, 05 Aug 2014 15:59:23 GMT] INFO Code changed, killing 10108, cycling ...
[Tue, 05 Aug 2014 15:59:23 GMT] INFO Creating 1 worker process.
[Tue, 05 Aug 2014 15:59:23 GMT] INFO Server worker running in development on port 4001 with a PID of: 10124
[Tue, 05 Aug 2014 15:59:25 GMT] INFO Code changed, killing 10124, cycling ...
[Tue, 05 Aug 2014 15:59:25 GMT] INFO Creating 1 worker process.
[Tue, 05 Aug 2014 15:59:25 GMT] INFO Server worker running in development on port 4001 with a PID of: 10128
[Tue, 05 Aug 2014 16:00:02 GMT] INFO Code changed, killing 10128, cycling ...
[Tue, 05 Aug 2014 16:00:02 GMT] INFO Creating 1 worker process.
[Tue, 05 Aug 2014 16:00:02 GMT] INFO Server worker running in development on port 4001 with a PID of: 10131
[Tue, 05 Aug 2014 16:01:30 GMT] INFO Code changed, killing 10131, cycling ...
[Tue, 05 Aug 2014 16:01:30 GMT] INFO Creating 1 worker process.
[Tue, 05 Aug 2014 16:01:31 GMT] INFO Server worker running in development on port 4001 with a PID of: 10134
[Tue, 05 Aug 2014 16:01:42 GMT] INFO Code changed, killing 10134, cycling ...
[Tue, 05 Aug 2014 16:01:42 GMT] INFO Creating 1 worker process.
[Tue, 05 Aug 2014 16:01:42 GMT] INFO Server worker running in development on port 4001 with a PID of: 10139
