[Wed, 23 Jul 2014 17:54:29 GMT] INFO Server starting with config: {
  "environment": "development",
  "workers": 1,
  "port": 4000,
  "spdy": null,
  "ssl": null,
  "detailedErrors": true,
  "flash": {
    "defaultClass": "alert",
    "inlineClasses": {
      "success": "alert alert-success",
      "alert": "alert",
      "error": "alert alert-error",
      "info": "alert alert-info"
    },
    "blockClasses": {
      "success": "alert alert-block alert-success",
      "alert": "alert alert-block",
      "error": "alert alert-block alert-error",
      "info": "alert alert-block alert-info"
    }
  },
  "debug": false,
  "rotateWorkers": false,
  "rotationWindow": 7200000,
  "rotationTimeout": 300000,
  "logDir": "/Users/lbacker/Documents/nodeapps/soccersimulator/log",
  "gracefulShutdownTimeout": 30000,
  "heartbeatInterval": 5000,
  "heartbeatWindow": 20000,
  "staticFilePath": "/Users/lbacker/Documents/nodeapps/soccersimulator/public",
  "assetHost": "",
  "assetBasePath": "/",
  "cacheControl": {
    "expires": {
      "default": 0
    }
  },
  "sessions": {
    "store": "filesystem",
    "key": "sid",
    "expiry": 1209600,
    "filename": "_session_store.json"
  },
  "cookieSessionKey": "sdata",
  "i18n": {
    "defaultLocale": "en-us",
    "loadPaths": [
      "/Users/lbacker/Documents/nodeapps/soccersimulator/config/locales"
    ]
  },
  "appName": "Soccer Simulation (development)",
  "hostname": null,
  "fullHostname": null,
  "connectCompatibility": false,
  "mailer": null,
  "generatedByVersion": "0.12.12",
  "simulationFilePath": "/Users/lbacker/Documents/nodeapps/soccersimulator/simulationfiles/",
  "model": {
    "defaultAdapter": "filesystem"
  }
}
[Wed, 23 Jul 2014 17:54:29 GMT] INFO Creating 1 worker process.
[Wed, 23 Jul 2014 17:54:29 GMT] INFO Server worker running in development on port 4000 with a PID of: 4979
[Wed, 23 Jul 2014 17:54:38 GMT] INFO Code changed, killing 4979, cycling ...
[Wed, 23 Jul 2014 17:54:38 GMT] INFO Creating 1 worker process.
[Wed, 23 Jul 2014 17:54:38 GMT] INFO Server worker running in development on port 4000 with a PID of: 4982
[Wed, 23 Jul 2014 18:01:37 GMT] INFO Code changed, killing 4982, cycling ...
[Wed, 23 Jul 2014 18:01:37 GMT] INFO Creating 1 worker process.
[Wed, 23 Jul 2014 18:01:37 GMT] INFO Server worker running in development on port 4000 with a PID of: 5001
[Wed, 23 Jul 2014 18:01:43 GMT] INFO Code changed, killing 5001, cycling ...
[Wed, 23 Jul 2014 18:01:43 GMT] INFO Creating 1 worker process.
[Wed, 23 Jul 2014 18:01:43 GMT] INFO Server worker running in development on port 4000 with a PID of: 5004
[Wed, 23 Jul 2014 18:01:53 GMT] INFO Code changed, killing 5004, cycling ...
[Wed, 23 Jul 2014 18:01:53 GMT] INFO Creating 1 worker process.
[Wed, 23 Jul 2014 18:01:54 GMT] INFO Server worker running in development on port 4000 with a PID of: 5007
[Wed, 23 Jul 2014 18:02:07 GMT] INFO Code changed, killing 5007, cycling ...
[Wed, 23 Jul 2014 18:02:07 GMT] INFO Creating 1 worker process.
[Wed, 23 Jul 2014 18:02:07 GMT] INFO Server worker running in development on port 4000 with a PID of: 5009
[Wed, 23 Jul 2014 18:02:21 GMT] INFO Code changed, killing 5009, cycling ...
[Wed, 23 Jul 2014 18:02:21 GMT] INFO Creating 1 worker process.
[Wed, 23 Jul 2014 18:02:21 GMT] INFO Server worker running in development on port 4000 with a PID of: 5011
[Wed, 23 Jul 2014 18:02:25 GMT] INFO Code changed, killing 5011, cycling ...
[Wed, 23 Jul 2014 18:02:25 GMT] INFO Creating 1 worker process.
[Wed, 23 Jul 2014 18:02:26 GMT] INFO Server worker running in development on port 4000 with a PID of: 5013
[Wed, 23 Jul 2014 18:02:39 GMT] INFO Code changed, killing 5013, cycling ...
[Wed, 23 Jul 2014 18:02:39 GMT] INFO Creating 1 worker process.
[Wed, 23 Jul 2014 18:02:39 GMT] INFO Server worker running in development on port 4000 with a PID of: 5015
