[Fri, 25 Jul 2014 15:58:48 GMT] INFO Server starting with config: {
  "environment": "development",
  "workers": 1,
  "port": 4000,
  "spdy": null,
  "ssl": null,
  "detailedErrors": true,
  "flash": {
    "defaultClass": "alert",
    "inlineClasses": {
      "success": "alert alert-success",
      "alert": "alert",
      "error": "alert alert-error",
      "info": "alert alert-info"
    },
    "blockClasses": {
      "success": "alert alert-block alert-success",
      "alert": "alert alert-block",
      "error": "alert alert-block alert-error",
      "info": "alert alert-block alert-info"
    }
  },
  "debug": true,
  "rotateWorkers": false,
  "rotationWindow": 7200000,
  "rotationTimeout": 300000,
  "logDir": "/Users/lbacker/Documents/nodeapps/soccersimulator/log",
  "gracefulShutdownTimeout": 30000,
  "heartbeatInterval": 5000,
  "heartbeatWindow": 20000,
  "staticFilePath": "/Users/lbacker/Documents/nodeapps/soccersimulator/public",
  "assetHost": "",
  "assetBasePath": "/",
  "cacheControl": {
    "expires": {
      "default": 0
    }
  },
  "sessions": {
    "store": "filesystem",
    "key": "sid",
    "expiry": 1209600,
    "filename": "_session_store.json"
  },
  "cookieSessionKey": "sdata",
  "i18n": {
    "defaultLocale": "en-us",
    "loadPaths": [
      "/Users/lbacker/Documents/nodeapps/soccersimulator/config/locales"
    ]
  },
  "appName": "Soccer Simulation (development)",
  "hostname": null,
  "fullHostname": null,
  "connectCompatibility": false,
  "mailer": null,
  "generatedByVersion": "0.12.12",
  "simulationFilePath": "/Users/lbacker/Documents/nodeapps/soccersimulator/simulationfiles/",
  "simulationShortTime": 1,
  "simulationLongTime": 5,
  "model": {
    "defaultAdapter": "filesystem"
  },
  "ftpPushDetail": {
    "server": "54.83.49.250",
    "userName": "opta-user",
    "password": "0Pt@W0rldCup",
    "directory": "/var/www/FTP/",
    "protocol": "SFTP"
  }
}
[Fri, 25 Jul 2014 15:58:48 GMT] INFO Creating 1 worker process.
[Fri, 25 Jul 2014 15:58:49 GMT] INFO Server worker running in development on port 4000 with a PID of: 9399
[Fri, 25 Jul 2014 15:58:53 GMT] INFO Code changed, killing 9399, cycling ...
[Fri, 25 Jul 2014 15:58:53 GMT] INFO Creating 1 worker process.
[Fri, 25 Jul 2014 15:58:54 GMT] INFO Server worker running in development on port 4000 with a PID of: 9401
[Fri, 25 Jul 2014 16:01:22 GMT] INFO Code changed, killing 9401, cycling ...
[Fri, 25 Jul 2014 16:01:22 GMT] INFO Creating 1 worker process.
[Fri, 25 Jul 2014 16:01:22 GMT] INFO Server worker running in development on port 4000 with a PID of: 9409
[Fri, 25 Jul 2014 16:01:46 GMT] INFO Code changed, killing 9409, cycling ...
[Fri, 25 Jul 2014 16:01:46 GMT] INFO Creating 1 worker process.
[Fri, 25 Jul 2014 16:01:46 GMT] INFO Server worker running in development on port 4000 with a PID of: 9414
[Fri, 25 Jul 2014 16:01:48 GMT] INFO Code changed, killing 9414, cycling ...
[Fri, 25 Jul 2014 16:01:48 GMT] INFO Creating 1 worker process.
[Fri, 25 Jul 2014 16:01:48 GMT] INFO Server worker running in development on port 4000 with a PID of: 9416
[Fri, 25 Jul 2014 16:02:30 GMT] INFO Code changed, killing 9416, cycling ...
[Fri, 25 Jul 2014 16:02:30 GMT] INFO Creating 1 worker process.
[Fri, 25 Jul 2014 16:02:30 GMT] INFO Server worker running in development on port 4000 with a PID of: 9418
[Fri, 25 Jul 2014 16:02:48 GMT] INFO Code changed, killing 9418, cycling ...
[Fri, 25 Jul 2014 16:02:48 GMT] INFO Creating 1 worker process.
[Fri, 25 Jul 2014 16:02:49 GMT] INFO Server worker running in development on port 4000 with a PID of: 9421
[Fri, 25 Jul 2014 16:03:24 GMT] INFO Code changed, killing 9421, cycling ...
[Fri, 25 Jul 2014 16:03:24 GMT] INFO Creating 1 worker process.
[Fri, 25 Jul 2014 16:03:25 GMT] INFO Server worker running in development on port 4000 with a PID of: 9424
[Fri, 25 Jul 2014 16:03:32 GMT] INFO Code changed, killing 9424, cycling ...
[Fri, 25 Jul 2014 16:03:32 GMT] INFO Creating 1 worker process.
[Fri, 25 Jul 2014 16:03:32 GMT] INFO Server worker running in development on port 4000 with a PID of: 9428
[Fri, 25 Jul 2014 16:03:44 GMT] INFO Code changed, killing 9428, cycling ...
[Fri, 25 Jul 2014 16:03:44 GMT] INFO Creating 1 worker process.
[Fri, 25 Jul 2014 16:03:45 GMT] INFO Server worker running in development on port 4000 with a PID of: 9430
[Fri, 25 Jul 2014 16:03:49 GMT] INFO Code changed, killing 9430, cycling ...
[Fri, 25 Jul 2014 16:03:49 GMT] INFO Creating 1 worker process.
[Fri, 25 Jul 2014 16:03:49 GMT] INFO Server worker running in development on port 4000 with a PID of: 9432
[Fri, 25 Jul 2014 16:03:56 GMT] INFO Code changed, killing 9432, cycling ...
[Fri, 25 Jul 2014 16:03:56 GMT] INFO Creating 1 worker process.
[Fri, 25 Jul 2014 16:03:56 GMT] INFO Server worker running in development on port 4000 with a PID of: 9434
[Fri, 25 Jul 2014 16:04:47 GMT] INFO Code changed, killing 9434, cycling ...
[Fri, 25 Jul 2014 16:04:47 GMT] INFO Creating 1 worker process.
[Fri, 25 Jul 2014 16:04:47 GMT] INFO Server worker running in development on port 4000 with a PID of: 9437
[Fri, 25 Jul 2014 16:05:14 GMT] INFO Code changed, killing 9437, cycling ...
[Fri, 25 Jul 2014 16:05:14 GMT] INFO Creating 1 worker process.
[Fri, 25 Jul 2014 16:05:14 GMT] INFO Server worker running in development on port 4000 with a PID of: 9440
[Fri, 25 Jul 2014 16:05:20 GMT] INFO Code changed, killing 9440, cycling ...
[Fri, 25 Jul 2014 16:05:20 GMT] INFO Creating 1 worker process.
[Fri, 25 Jul 2014 16:05:20 GMT] INFO Server worker running in development on port 4000 with a PID of: 9443
[Fri, 25 Jul 2014 16:06:42 GMT] INFO Code changed, killing 9443, cycling ...
[Fri, 25 Jul 2014 16:06:42 GMT] INFO Creating 1 worker process.
[Fri, 25 Jul 2014 16:06:42 GMT] INFO Server worker running in development on port 4000 with a PID of: 9446
[Fri, 25 Jul 2014 16:06:49 GMT] INFO Code changed, killing 9446, cycling ...
[Fri, 25 Jul 2014 16:06:49 GMT] INFO Creating 1 worker process.
[Fri, 25 Jul 2014 16:06:49 GMT] INFO Server worker running in development on port 4000 with a PID of: 9450
[Fri, 25 Jul 2014 16:06:56 GMT] INFO Code changed, killing 9450, cycling ...
[Fri, 25 Jul 2014 16:06:56 GMT] INFO Creating 1 worker process.
[Fri, 25 Jul 2014 16:06:56 GMT] INFO Server worker running in development on port 4000 with a PID of: 9452
[Fri, 25 Jul 2014 16:07:18 GMT] INFO Code changed, killing 9452, cycling ...
[Fri, 25 Jul 2014 16:07:18 GMT] INFO Creating 1 worker process.
[Fri, 25 Jul 2014 16:07:18 GMT] INFO Server worker running in development on port 4000 with a PID of: 9457
[Fri, 25 Jul 2014 16:07:39 GMT] INFO Code changed, killing 9457, cycling ...
[Fri, 25 Jul 2014 16:07:39 GMT] INFO Creating 1 worker process.
[Fri, 25 Jul 2014 16:07:39 GMT] INFO Server worker running in development on port 4000 with a PID of: 9460
[Fri, 25 Jul 2014 16:07:43 GMT] INFO Code changed, killing 9460, cycling ...
[Fri, 25 Jul 2014 16:07:43 GMT] INFO Creating 1 worker process.
[Fri, 25 Jul 2014 16:07:43 GMT] INFO Server worker running in development on port 4000 with a PID of: 9462
[Fri, 25 Jul 2014 16:09:56 GMT] INFO Code changed, killing 9462, cycling ...
[Fri, 25 Jul 2014 16:09:56 GMT] INFO Creating 1 worker process.
[Fri, 25 Jul 2014 16:09:58 GMT] INFO Creating 1 worker process.
[Fri, 25 Jul 2014 16:10:06 GMT] INFO Creating 1 worker process.
[Fri, 25 Jul 2014 16:10:34 GMT] INFO Creating 1 worker process.
[Fri, 25 Jul 2014 16:10:43 GMT] INFO Creating 1 worker process.
[Fri, 25 Jul 2014 16:10:56 GMT] INFO Creating 1 worker process.
[Fri, 25 Jul 2014 16:11:40 GMT] INFO Creating 1 worker process.
[Fri, 25 Jul 2014 16:11:41 GMT] INFO Creating 1 worker process.
[Fri, 25 Jul 2014 16:12:15 GMT] INFO Creating 1 worker process.
[Fri, 25 Jul 2014 16:12:16 GMT] INFO Creating 1 worker process.
[Fri, 25 Jul 2014 16:12:20 GMT] INFO Creating 1 worker process.
[Fri, 25 Jul 2014 16:12:56 GMT] INFO Creating 1 worker process.
[Fri, 25 Jul 2014 16:12:56 GMT] INFO Server worker running in development on port 4000 with a PID of: 9494
[Fri, 25 Jul 2014 16:20:52 GMT] INFO Code changed, killing 9494, cycling ...
[Fri, 25 Jul 2014 16:20:52 GMT] INFO Creating 1 worker process.
[Fri, 25 Jul 2014 16:20:52 GMT] INFO Server worker running in development on port 4000 with a PID of: 9509
[Fri, 25 Jul 2014 17:14:40 GMT] INFO Code changed, killing 9509, cycling ...
[Fri, 25 Jul 2014 17:14:40 GMT] INFO Creating 1 worker process.
[Fri, 25 Jul 2014 17:14:40 GMT] INFO Code changed, killing 9618, cycling ...
[Fri, 25 Jul 2014 17:14:40 GMT] INFO Creating 1 worker process.
[Fri, 25 Jul 2014 17:14:40 GMT] INFO Server worker running in development on port 4000 with a PID of: 9620
[Fri, 25 Jul 2014 17:15:12 GMT] INFO Code changed, killing 9620, cycling ...
[Fri, 25 Jul 2014 17:15:12 GMT] INFO Creating 1 worker process.
[Fri, 25 Jul 2014 17:15:12 GMT] INFO Server worker running in development on port 4000 with a PID of: 9623
[Fri, 25 Jul 2014 17:15:13 GMT] INFO Code changed, killing 9623, cycling ...
[Fri, 25 Jul 2014 17:15:13 GMT] INFO Creating 1 worker process.
[Fri, 25 Jul 2014 17:15:13 GMT] INFO Server worker running in development on port 4000 with a PID of: 9624
[Fri, 25 Jul 2014 17:18:24 GMT] INFO Code changed, killing 9624, cycling ...
[Fri, 25 Jul 2014 17:18:24 GMT] INFO Creating 1 worker process.
[Fri, 25 Jul 2014 17:18:25 GMT] INFO Server worker running in development on port 4000 with a PID of: 9705
[Fri, 25 Jul 2014 17:18:30 GMT] INFO Code changed, killing 9705, cycling ...
[Fri, 25 Jul 2014 17:18:30 GMT] INFO Creating 1 worker process.
[Fri, 25 Jul 2014 17:18:30 GMT] INFO Server worker running in development on port 4000 with a PID of: 9709
[Fri, 25 Jul 2014 17:18:49 GMT] INFO Code changed, killing 9709, cycling ...
[Fri, 25 Jul 2014 17:18:49 GMT] INFO Creating 1 worker process.
[Fri, 25 Jul 2014 17:18:49 GMT] INFO Server worker running in development on port 4000 with a PID of: 9711
