[Wed, 23 Jul 2014 18:21:28 GMT] INFO Server starting with config: {
  "environment": "development",
  "workers": 1,
  "port": 4000,
  "spdy": null,
  "ssl": null,
  "detailedErrors": true,
  "flash": {
    "defaultClass": "alert",
    "inlineClasses": {
      "success": "alert alert-success",
      "alert": "alert",
      "error": "alert alert-error",
      "info": "alert alert-info"
    },
    "blockClasses": {
      "success": "alert alert-block alert-success",
      "alert": "alert alert-block",
      "error": "alert alert-block alert-error",
      "info": "alert alert-block alert-info"
    }
  },
  "debug": true,
  "rotateWorkers": false,
  "rotationWindow": 7200000,
  "rotationTimeout": 300000,
  "logDir": "/Users/lbacker/Documents/nodeapps/soccersimulator/log",
  "gracefulShutdownTimeout": 30000,
  "heartbeatInterval": 5000,
  "heartbeatWindow": 20000,
  "staticFilePath": "/Users/lbacker/Documents/nodeapps/soccersimulator/public",
  "assetHost": "",
  "assetBasePath": "/",
  "cacheControl": {
    "expires": {
      "default": 0
    }
  },
  "sessions": {
    "store": "filesystem",
    "key": "sid",
    "expiry": 1209600,
    "filename": "_session_store.json"
  },
  "cookieSessionKey": "sdata",
  "i18n": {
    "defaultLocale": "en-us",
    "loadPaths": [
      "/Users/lbacker/Documents/nodeapps/soccersimulator/config/locales"
    ]
  },
  "appName": "Soccer Simulation (development)",
  "hostname": null,
  "fullHostname": null,
  "connectCompatibility": false,
  "mailer": null,
  "generatedByVersion": "0.12.12",
  "simulationFilePath": "/Users/lbacker/Documents/nodeapps/soccersimulator/simulationfiles/",
  "model": {
    "defaultAdapter": "filesystem"
  },
  "ftpPushDetail": {
    "server": "54.83.49.250",
    "userName": "opta-user",
    "password": "0Pt@W0rldCup",
    "directory": "/FTP",
    "protocol": "SFTP"
  }
}
[Wed, 23 Jul 2014 18:21:28 GMT] INFO Creating 1 worker process.
[Wed, 23 Jul 2014 18:21:28 GMT] INFO Server worker running in development on port 4000 with a PID of: 5111
[Wed, 23 Jul 2014 18:22:32 GMT] INFO Code changed, killing 5111, cycling ...
[Wed, 23 Jul 2014 18:22:32 GMT] INFO Creating 1 worker process.
[Wed, 23 Jul 2014 18:22:33 GMT] INFO Server worker running in development on port 4000 with a PID of: 5121
[Wed, 23 Jul 2014 18:22:36 GMT] INFO Code changed, killing 5121, cycling ...
[Wed, 23 Jul 2014 18:22:36 GMT] INFO Creating 1 worker process.
[Wed, 23 Jul 2014 18:22:36 GMT] INFO Server worker running in development on port 4000 with a PID of: 5123
[Wed, 23 Jul 2014 18:23:08 GMT] INFO Code changed, killing 5123, cycling ...
[Wed, 23 Jul 2014 18:23:08 GMT] INFO Creating 1 worker process.
[Wed, 23 Jul 2014 18:23:08 GMT] INFO Server worker running in development on port 4000 with a PID of: 5127
[Wed, 23 Jul 2014 18:23:53 GMT] INFO Code changed, killing 5127, cycling ...
[Wed, 23 Jul 2014 18:23:53 GMT] INFO Creating 1 worker process.
[Wed, 23 Jul 2014 18:23:53 GMT] INFO Server worker running in development on port 4000 with a PID of: 5134
[Wed, 23 Jul 2014 18:24:09 GMT] INFO Code changed, killing 5134, cycling ...
[Wed, 23 Jul 2014 18:24:09 GMT] INFO Creating 1 worker process.
[Wed, 23 Jul 2014 18:24:09 GMT] INFO Server worker running in development on port 4000 with a PID of: 5137
[Wed, 23 Jul 2014 18:24:16 GMT] INFO Code changed, killing 5137, cycling ...
[Wed, 23 Jul 2014 18:24:16 GMT] INFO Creating 1 worker process.
[Wed, 23 Jul 2014 18:24:16 GMT] INFO Server worker running in development on port 4000 with a PID of: 5139
[Wed, 23 Jul 2014 18:24:48 GMT] INFO Code changed, killing 5139, cycling ...
[Wed, 23 Jul 2014 18:24:48 GMT] INFO Creating 1 worker process.
[Wed, 23 Jul 2014 18:24:48 GMT] INFO Server worker running in development on port 4000 with a PID of: 5145
[Wed, 23 Jul 2014 18:25:06 GMT] INFO Code changed, killing 5145, cycling ...
[Wed, 23 Jul 2014 18:25:06 GMT] INFO Creating 1 worker process.
[Wed, 23 Jul 2014 18:25:06 GMT] INFO Server worker running in development on port 4000 with a PID of: 5149
[Wed, 23 Jul 2014 18:25:08 GMT] INFO Code changed, killing 5149, cycling ...
[Wed, 23 Jul 2014 18:25:08 GMT] INFO Creating 1 worker process.
[Wed, 23 Jul 2014 18:25:08 GMT] INFO Server worker running in development on port 4000 with a PID of: 5152
[Wed, 23 Jul 2014 18:25:08 GMT] INFO Code changed, killing 5152, cycling ...
[Wed, 23 Jul 2014 18:25:09 GMT] INFO Creating 1 worker process.
[Wed, 23 Jul 2014 18:25:09 GMT] INFO Server worker running in development on port 4000 with a PID of: 5153
[Wed, 23 Jul 2014 18:25:21 GMT] INFO Code changed, killing 5153, cycling ...
[Wed, 23 Jul 2014 18:25:21 GMT] INFO Creating 1 worker process.
[Wed, 23 Jul 2014 18:25:21 GMT] INFO Server worker running in development on port 4000 with a PID of: 5155
[Wed, 23 Jul 2014 18:25:31 GMT] INFO Code changed, killing 5155, cycling ...
[Wed, 23 Jul 2014 18:25:31 GMT] INFO Creating 1 worker process.
[Wed, 23 Jul 2014 18:25:31 GMT] INFO Server worker running in development on port 4000 with a PID of: 5159
[Wed, 23 Jul 2014 18:26:20 GMT] INFO Code changed, killing 5159, cycling ...
[Wed, 23 Jul 2014 18:26:20 GMT] INFO Creating 1 worker process.
[Wed, 23 Jul 2014 18:26:20 GMT] INFO Server worker running in development on port 4000 with a PID of: 5165
[Wed, 23 Jul 2014 18:27:36 GMT] INFO Code changed, killing 5165, cycling ...
[Wed, 23 Jul 2014 18:27:36 GMT] INFO Creating 1 worker process.
[Wed, 23 Jul 2014 18:27:36 GMT] INFO Server worker running in development on port 4000 with a PID of: 5170
[Wed, 23 Jul 2014 18:28:15 GMT] INFO Code changed, killing 5170, cycling ...
[Wed, 23 Jul 2014 18:28:15 GMT] INFO Creating 1 worker process.
[Wed, 23 Jul 2014 18:28:15 GMT] INFO Server worker running in development on port 4000 with a PID of: 5176
