[Wed, 23 Jul 2014 18:28:56 GMT] INFO Server starting with config: {
  "environment": "development",
  "workers": 1,
  "port": 4000,
  "spdy": null,
  "ssl": null,
  "detailedErrors": true,
  "flash": {
    "defaultClass": "alert",
    "inlineClasses": {
      "success": "alert alert-success",
      "alert": "alert",
      "error": "alert alert-error",
      "info": "alert alert-info"
    },
    "blockClasses": {
      "success": "alert alert-block alert-success",
      "alert": "alert alert-block",
      "error": "alert alert-block alert-error",
      "info": "alert alert-block alert-info"
    }
  },
  "debug": true,
  "rotateWorkers": false,
  "rotationWindow": 7200000,
  "rotationTimeout": 300000,
  "logDir": "/Users/lbacker/Documents/nodeapps/soccersimulator/log",
  "gracefulShutdownTimeout": 30000,
  "heartbeatInterval": 5000,
  "heartbeatWindow": 20000,
  "staticFilePath": "/Users/lbacker/Documents/nodeapps/soccersimulator/public",
  "assetHost": "",
  "assetBasePath": "/",
  "cacheControl": {
    "expires": {
      "default": 0
    }
  },
  "sessions": {
    "store": "filesystem",
    "key": "sid",
    "expiry": 1209600,
    "filename": "_session_store.json"
  },
  "cookieSessionKey": "sdata",
  "i18n": {
    "defaultLocale": "en-us",
    "loadPaths": [
      "/Users/lbacker/Documents/nodeapps/soccersimulator/config/locales"
    ]
  },
  "appName": "Soccer Simulation (development)",
  "hostname": null,
  "fullHostname": null,
  "connectCompatibility": false,
  "mailer": null,
  "generatedByVersion": "0.12.12",
  "simulationFilePath": "/Users/lbacker/Documents/nodeapps/soccersimulator/simulationfiles/",
  "model": {
    "defaultAdapter": "filesystem"
  },
  "ftpPushDetail": {
    "server": "54.83.49.250",
    "userName": "opta-user",
    "password": "0Pt@W0rldCup",
    "directory": "/FTP",
    "protocol": "SFTP"
  }
}
[Wed, 23 Jul 2014 18:28:56 GMT] INFO Creating 1 worker process.
[Wed, 23 Jul 2014 18:28:56 GMT] INFO Server worker running in development on port 4000 with a PID of: 5187
[Wed, 23 Jul 2014 18:29:56 GMT] INFO Code changed, killing 5187, cycling ...
[Wed, 23 Jul 2014 18:29:56 GMT] INFO Creating 1 worker process.
[Wed, 23 Jul 2014 18:29:56 GMT] INFO Server worker running in development on port 4000 with a PID of: 5192
[Wed, 23 Jul 2014 18:30:31 GMT] INFO Code changed, killing 5192, cycling ...
[Wed, 23 Jul 2014 18:30:31 GMT] INFO Creating 1 worker process.
[Wed, 23 Jul 2014 18:30:31 GMT] INFO Server worker running in development on port 4000 with a PID of: 5197
[Wed, 23 Jul 2014 18:30:41 GMT] INFO Code changed, killing 5197, cycling ...
[Wed, 23 Jul 2014 18:30:41 GMT] INFO Creating 1 worker process.
[Wed, 23 Jul 2014 18:30:42 GMT] INFO Server worker running in development on port 4000 with a PID of: 5199
[Wed, 23 Jul 2014 18:30:46 GMT] INFO Code changed, killing 5199, cycling ...
[Wed, 23 Jul 2014 18:30:46 GMT] INFO Creating 1 worker process.
[Wed, 23 Jul 2014 18:30:46 GMT] INFO Server worker running in development on port 4000 with a PID of: 5201
[Wed, 23 Jul 2014 18:32:17 GMT] INFO Code changed, killing 5201, cycling ...
[Wed, 23 Jul 2014 18:32:17 GMT] INFO Creating 1 worker process.
[Wed, 23 Jul 2014 18:32:17 GMT] INFO Server worker running in development on port 4000 with a PID of: 5207
[Wed, 23 Jul 2014 18:32:34 GMT] INFO Creating 1 worker process.
[Wed, 23 Jul 2014 18:32:34 GMT] INFO Server worker running in development on port 4000 with a PID of: 5211
[Wed, 23 Jul 2014 18:32:40 GMT] INFO Code changed, killing 5211, cycling ...
[Wed, 23 Jul 2014 18:32:40 GMT] INFO Creating 1 worker process.
[Wed, 23 Jul 2014 18:32:40 GMT] INFO Server worker running in development on port 4000 with a PID of: 5213
[Wed, 23 Jul 2014 18:32:59 GMT] INFO Creating 1 worker process.
[Wed, 23 Jul 2014 18:33:00 GMT] INFO Server worker running in development on port 4000 with a PID of: 5217
[Wed, 23 Jul 2014 18:33:22 GMT] INFO Code changed, killing 5217, cycling ...
[Wed, 23 Jul 2014 18:33:22 GMT] INFO Creating 1 worker process.
[Wed, 23 Jul 2014 18:33:22 GMT] INFO Server worker running in development on port 4000 with a PID of: 5219
[Wed, 23 Jul 2014 18:33:28 GMT] INFO Code changed, killing 5219, cycling ...
[Wed, 23 Jul 2014 18:33:28 GMT] INFO Creating 1 worker process.
[Wed, 23 Jul 2014 18:33:28 GMT] INFO Server worker running in development on port 4000 with a PID of: 5221
[Wed, 23 Jul 2014 18:34:35 GMT] INFO Code changed, killing 5221, cycling ...
[Wed, 23 Jul 2014 18:34:35 GMT] INFO Creating 1 worker process.
[Wed, 23 Jul 2014 18:34:35 GMT] INFO Server worker running in development on port 4000 with a PID of: 5225
[Wed, 23 Jul 2014 18:34:38 GMT] INFO Code changed, killing 5225, cycling ...
[Wed, 23 Jul 2014 18:34:38 GMT] INFO Creating 1 worker process.
[Wed, 23 Jul 2014 18:34:39 GMT] INFO Server worker running in development on port 4000 with a PID of: 5229
