[Tue, 29 Jul 2014 15:55:01 GMT] ERROR Worker 4309 died.
[Tue, 29 Jul 2014 15:55:20 GMT] ERROR 127.0.0.1 - - [Tue Jul 29 2014 11:55:20 GMT-0400 (EDT)] "GET /soccer/squad?IDTeam=t357 1.1" 500 2127 "-" "Mozilla/5.0 (Macintosh; Intel Mac OS X 10_9_4) AppleWebKit/537.36 (KHTML, like Gecko) Chrome/36.0.1985.125 Safari/537.36"
TypeError: ejs:65
    63| 
    64| 				<td>
 >> 65| 					<%= getYearDifference(playerArray[i]['dob']) %>
    66| 					<%= playerArray[i]['dob'] %>
    67| 				</td>
    68| 				
Object 784986920520 has no method 'format'
    at handleErr (/usr/local/lib/node_modules/geddy/lib/template/engines/ejs.js:58:15)
    at Object.rethrow (/usr/local/lib/node_modules/geddy/lib/template/engines/ejs.js:90:41)
    at eval (eval at <anonymous> (/usr/local/lib/node_modules/geddy/lib/template/engines/ejs.js:88:10), <anonymous>:39:249)
    at /usr/local/lib/node_modules/geddy/lib/template/engines/ejs.js:101:17
    at ejs.render (/usr/local/lib/node_modules/geddy/lib/template/adapters/ejs.js:28:10)
    at Adapter.render (/usr/local/lib/node_modules/geddy/lib/template/adapters/index.js:159:24)
    at Partial.renderSelf (/usr/local/lib/node_modules/geddy/lib/template/partial.js:130:36)
    at handleData (/usr/local/lib/node_modules/geddy/lib/template/partial.js:99:16)
    at /usr/local/lib/node_modules/geddy/lib/template/partial.js:117:9
    at fs.js:266:14
[Tue, 29 Jul 2014 15:55:49 GMT] ERROR 127.0.0.1 - - [Tue Jul 29 2014 11:55:49 GMT-0400 (EDT)] "GET /soccer/squad?IDTeam=t357 1.1" 500 2127 "-" "Mozilla/5.0 (Macintosh; Intel Mac OS X 10_9_4) AppleWebKit/537.36 (KHTML, like Gecko) Chrome/36.0.1985.125 Safari/537.36"
TypeError: ejs:65
    63| 
    64| 				<td>
 >> 65| 					<%= getYearDifference(playerArray[i]['dob']) %>
    66| 					<%= playerArray[i]['dob'] %>
    67| 				</td>
    68| 				
Object 784986949670 has no method 'format'
    at handleErr (/usr/local/lib/node_modules/geddy/lib/template/engines/ejs.js:58:15)
    at Object.rethrow (/usr/local/lib/node_modules/geddy/lib/template/engines/ejs.js:90:41)
    at eval (eval at <anonymous> (/usr/local/lib/node_modules/geddy/lib/template/engines/ejs.js:88:10), <anonymous>:39:249)
    at /usr/local/lib/node_modules/geddy/lib/template/engines/ejs.js:101:17
    at ejs.render (/usr/local/lib/node_modules/geddy/lib/template/adapters/ejs.js:28:10)
    at Adapter.render (/usr/local/lib/node_modules/geddy/lib/template/adapters/index.js:159:24)
    at Partial.renderSelf (/usr/local/lib/node_modules/geddy/lib/template/partial.js:130:36)
    at handleData (/usr/local/lib/node_modules/geddy/lib/template/partial.js:99:16)
    at /usr/local/lib/node_modules/geddy/lib/template/partial.js:117:9
    at fs.js:266:14
[Tue, 29 Jul 2014 15:56:22 GMT] ERROR 127.0.0.1 - - [Tue Jul 29 2014 11:56:22 GMT-0400 (EDT)] "GET /soccer/squad?IDTeam=t357 1.1" 500 2127 "-" "Mozilla/5.0 (Macintosh; Intel Mac OS X 10_9_4) AppleWebKit/537.36 (KHTML, like Gecko) Chrome/36.0.1985.125 Safari/537.36"
TypeError: ejs:65
    63| 
    64| 				<td>
 >> 65| 					<%= getYearDifference(playerArray[i]['dob']) %>
    66| 					<%= playerArray[i]['dob'] %>
    67| 				</td>
    68| 				
Object 784986982237 has no method 'format'
    at handleErr (/usr/local/lib/node_modules/geddy/lib/template/engines/ejs.js:58:15)
    at Object.rethrow (/usr/local/lib/node_modules/geddy/lib/template/engines/ejs.js:90:41)
    at eval (eval at <anonymous> (/usr/local/lib/node_modules/geddy/lib/template/engines/ejs.js:88:10), <anonymous>:39:249)
    at /usr/local/lib/node_modules/geddy/lib/template/engines/ejs.js:101:17
    at ejs.render (/usr/local/lib/node_modules/geddy/lib/template/adapters/ejs.js:28:10)
    at Adapter.render (/usr/local/lib/node_modules/geddy/lib/template/adapters/index.js:159:24)
    at Partial.renderSelf (/usr/local/lib/node_modules/geddy/lib/template/partial.js:130:36)
    at handleData (/usr/local/lib/node_modules/geddy/lib/template/partial.js:99:16)
    at /usr/local/lib/node_modules/geddy/lib/template/partial.js:117:9
    at fs.js:266:14
[Tue, 29 Jul 2014 16:05:31 GMT] ERROR Worker 4374 died.
[Tue, 29 Jul 2014 16:07:50 GMT] ERROR Worker 4393 died.
[Tue, 29 Jul 2014 16:22:00 GMT] ERROR 127.0.0.1 - - [Tue Jul 29 2014 12:22:00 GMT-0400 (EDT)] "GET /soccer/player?IDPlayer=p55634 1.1" 500 1986 "http://127.0.0.1:4000/soccer/squad?IDTeam=t357" "Mozilla/5.0 (Macintosh; Intel Mac OS X 10_9_4) AppleWebKit/537.36 (KHTML, like Gecko) Chrome/36.0.1985.125 Safari/537.36"
ReferenceError: result is not defined
    at Object.getPlayer (/Users/lbacker/Documents/nodeapps/sportsdataviewer/lib/service/SoccerService.js:58:9)
    at player (/Users/lbacker/Documents/nodeapps/sportsdataviewer/app/controllers/soccer.js:40:27)
    at callback (/usr/local/lib/node_modules/geddy/lib/controller/base_controller.js:315:24)
    at controller.BaseController._handleAction (/usr/local/lib/node_modules/geddy/lib/controller/base_controller.js:329:7)
    at cb [as callback] (/usr/local/lib/node_modules/geddy/lib/app/index.js:106:36)
    at async.Initializer.complete (/usr/local/lib/node_modules/geddy/node_modules/utilities/lib/async.js:293:10)
    at /usr/local/lib/node_modules/geddy/lib/app/index.js:117:21
    at /usr/local/lib/node_modules/geddy/lib/controller/init.js:103:9
    at localCallback (/usr/local/lib/node_modules/geddy/lib/sessions/index.js:92:9)
    at Filesystem.read (/usr/local/lib/node_modules/geddy/lib/sessions/stores/filesystem.js:53:5)
[Tue, 29 Jul 2014 16:31:28 GMT] ERROR 127.0.0.1 - - [Tue Jul 29 2014 12:31:27 GMT-0400 (EDT)] "GET /soccer/player?IDPlayer=p55634 1.1" 500 1986 "-" "Mozilla/5.0 (Macintosh; Intel Mac OS X 10_9_4) AppleWebKit/537.36 (KHTML, like Gecko) Chrome/36.0.1985.125 Safari/537.36"
ReferenceError: resutl is not defined
    at Object.getPlayer (/Users/lbacker/Documents/nodeapps/sportsdataviewer/lib/service/SoccerService.js:77:7)
    at player (/Users/lbacker/Documents/nodeapps/sportsdataviewer/app/controllers/soccer.js:40:27)
    at callback (/usr/local/lib/node_modules/geddy/lib/controller/base_controller.js:315:24)
    at controller.BaseController._handleAction (/usr/local/lib/node_modules/geddy/lib/controller/base_controller.js:329:7)
    at cb [as callback] (/usr/local/lib/node_modules/geddy/lib/app/index.js:106:36)
    at async.Initializer.complete (/usr/local/lib/node_modules/geddy/node_modules/utilities/lib/async.js:293:10)
    at /usr/local/lib/node_modules/geddy/lib/app/index.js:117:21
    at /usr/local/lib/node_modules/geddy/lib/controller/init.js:103:9
    at localCallback (/usr/local/lib/node_modules/geddy/lib/sessions/index.js:92:9)
    at Filesystem.read (/usr/local/lib/node_modules/geddy/lib/sessions/stores/filesystem.js:53:5)
[Tue, 29 Jul 2014 17:13:00 GMT] ERROR 127.0.0.1 - - [Tue Jul 29 2014 13:13:00 GMT-0400 (EDT)] "GET /soccer/player?IDPlayer=p55634 1.1" 500 2227 "-" "Mozilla/5.0 (Macintosh; Intel Mac OS X 10_9_4) AppleWebKit/537.36 (KHTML, like Gecko) Chrome/36.0.1985.125 Safari/537.36"
TypeError: ejs:3
    1| <div class='container'>
    2| 	<h4 class='flag <%= player.teamMetadata.abbreviation.toLowerCase() %>'>
 >> 3| 		<a href="<%- urlFor({
    4| 			controller: 'soccer', 
    5| 			action: 'squad',
    6| 			IDTeam : player.info.teamID,
Cannot read property 'teamID' of undefined
    at handleErr (/usr/local/lib/node_modules/geddy/lib/template/engines/ejs.js:58:15)
    at Object.rethrow (/usr/local/lib/node_modules/geddy/lib/template/engines/ejs.js:90:41)
    at eval (eval at <anonymous> (/usr/local/lib/node_modules/geddy/lib/template/engines/ejs.js:88:10), <anonymous>:7:230)
    at /usr/local/lib/node_modules/geddy/lib/template/engines/ejs.js:101:17
    at ejs.render (/usr/local/lib/node_modules/geddy/lib/template/adapters/ejs.js:28:10)
    at Adapter.render (/usr/local/lib/node_modules/geddy/lib/template/adapters/index.js:159:24)
    at Partial.renderSelf (/usr/local/lib/node_modules/geddy/lib/template/partial.js:130:36)
    at handleData (/usr/local/lib/node_modules/geddy/lib/template/partial.js:99:16)
    at /usr/local/lib/node_modules/geddy/lib/template/partial.js:117:9
    at fs.js:266:14
[Tue, 29 Jul 2014 17:14:09 GMT] ERROR 127.0.0.1 - - [Tue Jul 29 2014 13:14:09 GMT-0400 (EDT)] "GET /soccer/player?IDPlayer=p55634 1.1" 500 1808 "-" "Mozilla/5.0 (Macintosh; Intel Mac OS X 10_9_4) AppleWebKit/537.36 (KHTML, like Gecko) Chrome/36.0.1985.125 Safari/537.36"
SyntaxError: Unexpected token ,
    at Object.Function (<anonymous>)
    at compile (/usr/local/lib/node_modules/geddy/lib/template/engines/ejs.js:88:10)
    at ejs.compile (/usr/local/lib/node_modules/geddy/lib/template/engines/ejs.js:25:18)
    at ejs.compile (/usr/local/lib/node_modules/geddy/lib/template/adapters/ejs.js:24:22)
    at Adapter.compile (/usr/local/lib/node_modules/geddy/lib/template/adapters/index.js:138:35)
    at Adapter.render (/usr/local/lib/node_modules/geddy/lib/template/adapters/index.js:159:42)
    at Partial.renderSelf (/usr/local/lib/node_modules/geddy/lib/template/partial.js:130:36)
    at handleData (/usr/local/lib/node_modules/geddy/lib/template/partial.js:99:16)
    at /usr/local/lib/node_modules/geddy/lib/template/partial.js:117:9
    at fs.js:266:14
[Tue, 29 Jul 2014 17:14:18 GMT] ERROR 127.0.0.1 - - [Tue Jul 29 2014 13:14:18 GMT-0400 (EDT)] "GET /soccer/player?IDPlayer=p55634 1.1" 500 2129 "-" "Mozilla/5.0 (Macintosh; Intel Mac OS X 10_9_4) AppleWebKit/537.36 (KHTML, like Gecko) Chrome/36.0.1985.125 Safari/537.36"
TypeError: ejs:9
    7| 			relPath: true
    8| 		}) %>">
 >> 9| 			<%= getCountry(params.language)[player.info.teamName.toLowerCase()] %>
    10| 		</a>
    11| 	</h4>
    12| </div>
Cannot read property 'teamName' of undefined
    at handleErr (/usr/local/lib/node_modules/geddy/lib/template/engines/ejs.js:58:15)
    at Object.rethrow (/usr/local/lib/node_modules/geddy/lib/template/engines/ejs.js:90:41)
    at eval (eval at <anonymous> (/usr/local/lib/node_modules/geddy/lib/template/engines/ejs.js:88:10), <anonymous>:7:230)
    at /usr/local/lib/node_modules/geddy/lib/template/engines/ejs.js:101:17
    at ejs.render (/usr/local/lib/node_modules/geddy/lib/template/adapters/ejs.js:28:10)
    at Adapter.render (/usr/local/lib/node_modules/geddy/lib/template/adapters/index.js:159:24)
    at Partial.renderSelf (/usr/local/lib/node_modules/geddy/lib/template/partial.js:130:36)
    at handleData (/usr/local/lib/node_modules/geddy/lib/template/partial.js:99:16)
    at /usr/local/lib/node_modules/geddy/lib/template/partial.js:117:9
    at fs.js:266:14
[Tue, 29 Jul 2014 17:16:12 GMT] ERROR 127.0.0.1 - - [Tue Jul 29 2014 13:16:12 GMT-0400 (EDT)] "GET /soccer/player?IDPlayer=p55634 1.1" 500 2138 "-" "Mozilla/5.0 (Macintosh; Intel Mac OS X 10_9_4) AppleWebKit/537.36 (KHTML, like Gecko) Chrome/36.0.1985.125 Safari/537.36"
ReferenceError: ejs:9
    7| 			relPath: true
    8| 		}) %>">
 >> 9| 			<%+ player.player.info.teamName%>
    10| 
    11| 			< %= getCountry(params.language)[player.info.teamName.toLowerCase()] % >
    12| 		</a>
Invalid left-hand side in assignment
    at handleErr (/usr/local/lib/node_modules/geddy/lib/template/engines/ejs.js:58:15)
    at Object.rethrow (/usr/local/lib/node_modules/geddy/lib/template/engines/ejs.js:90:41)
    at eval (eval at <anonymous> (/usr/local/lib/node_modules/geddy/lib/template/engines/ejs.js:88:10), <anonymous>:7:236)
    at /usr/local/lib/node_modules/geddy/lib/template/engines/ejs.js:101:17
    at ejs.render (/usr/local/lib/node_modules/geddy/lib/template/adapters/ejs.js:28:10)
    at Adapter.render (/usr/local/lib/node_modules/geddy/lib/template/adapters/index.js:159:24)
    at Partial.renderSelf (/usr/local/lib/node_modules/geddy/lib/template/partial.js:130:36)
    at handleData (/usr/local/lib/node_modules/geddy/lib/template/partial.js:99:16)
    at /usr/local/lib/node_modules/geddy/lib/template/partial.js:117:9
    at fs.js:266:14
[Tue, 29 Jul 2014 17:16:47 GMT] ERROR 127.0.0.1 - - [Tue Jul 29 2014 13:16:47 GMT-0400 (EDT)] "GET /soccer/player?IDPlayer=p55634 1.1" 500 2145 "-" "Mozilla/5.0 (Macintosh; Intel Mac OS X 10_9_4) AppleWebKit/537.36 (KHTML, like Gecko) Chrome/36.0.1985.125 Safari/537.36"
TypeError: ejs:9
    7| 			relPath: true
    8| 		}) %>">
 >> 9| 			<%= player.player.info.teamName%>
    10| 
    11| 			< %= getCountry(params.language)[player.info.teamName.toLowerCase()] % >
    12| 		</a>
Cannot read property 'info' of undefined
    at handleErr (/usr/local/lib/node_modules/geddy/lib/template/engines/ejs.js:58:15)
    at Object.rethrow (/usr/local/lib/node_modules/geddy/lib/template/engines/ejs.js:90:41)
    at eval (eval at <anonymous> (/usr/local/lib/node_modules/geddy/lib/template/engines/ejs.js:88:10), <anonymous>:7:272)
    at /usr/local/lib/node_modules/geddy/lib/template/engines/ejs.js:101:17
    at ejs.render (/usr/local/lib/node_modules/geddy/lib/template/adapters/ejs.js:28:10)
    at Adapter.render (/usr/local/lib/node_modules/geddy/lib/template/adapters/index.js:159:24)
    at Partial.renderSelf (/usr/local/lib/node_modules/geddy/lib/template/partial.js:130:36)
    at handleData (/usr/local/lib/node_modules/geddy/lib/template/partial.js:99:16)
    at /usr/local/lib/node_modules/geddy/lib/template/partial.js:117:9
    at fs.js:266:14
[Tue, 29 Jul 2014 17:17:33 GMT] ERROR 127.0.0.1 - - [Tue Jul 29 2014 13:17:33 GMT-0400 (EDT)] "GET /soccer/squad?IDTeam=t357 1.1" 500 1812 "http://127.0.0.1:4000/soccer/player?IDPlayer=p55634" "Mozilla/5.0 (Macintosh; Intel Mac OS X 10_9_4) AppleWebKit/537.36 (KHTML, like Gecko) Chrome/36.0.1985.125 Safari/537.36"
SyntaxError: Unexpected token catch
    at Object.Function (<anonymous>)
    at compile (/usr/local/lib/node_modules/geddy/lib/template/engines/ejs.js:88:10)
    at ejs.compile (/usr/local/lib/node_modules/geddy/lib/template/engines/ejs.js:25:18)
    at ejs.compile (/usr/local/lib/node_modules/geddy/lib/template/adapters/ejs.js:24:22)
    at Adapter.compile (/usr/local/lib/node_modules/geddy/lib/template/adapters/index.js:138:35)
    at Adapter.render (/usr/local/lib/node_modules/geddy/lib/template/adapters/index.js:159:42)
    at Partial.renderSelf (/usr/local/lib/node_modules/geddy/lib/template/partial.js:130:36)
    at handleData (/usr/local/lib/node_modules/geddy/lib/template/partial.js:99:16)
    at /usr/local/lib/node_modules/geddy/lib/template/partial.js:117:9
    at fs.js:266:14
[Tue, 29 Jul 2014 17:17:50 GMT] ERROR 127.0.0.1 - - [Tue Jul 29 2014 13:17:50 GMT-0400 (EDT)] "GET /soccer/squad?IDTeam=t357 1.1" 500 1812 "http://127.0.0.1:4000/soccer/" "Mozilla/5.0 (Macintosh; Intel Mac OS X 10_9_4) AppleWebKit/537.36 (KHTML, like Gecko) Chrome/36.0.1985.125 Safari/537.36"
SyntaxError: Unexpected token catch
    at Object.Function (<anonymous>)
    at compile (/usr/local/lib/node_modules/geddy/lib/template/engines/ejs.js:88:10)
    at ejs.compile (/usr/local/lib/node_modules/geddy/lib/template/engines/ejs.js:25:18)
    at ejs.compile (/usr/local/lib/node_modules/geddy/lib/template/adapters/ejs.js:24:22)
    at Adapter.compile (/usr/local/lib/node_modules/geddy/lib/template/adapters/index.js:138:35)
    at Adapter.render (/usr/local/lib/node_modules/geddy/lib/template/adapters/index.js:159:42)
    at Partial.renderSelf (/usr/local/lib/node_modules/geddy/lib/template/partial.js:130:36)
    at handleData (/usr/local/lib/node_modules/geddy/lib/template/partial.js:99:16)
    at /usr/local/lib/node_modules/geddy/lib/template/partial.js:117:9
    at fs.js:266:14
[Tue, 29 Jul 2014 17:18:02 GMT] ERROR 127.0.0.1 - - [Tue Jul 29 2014 13:18:02 GMT-0400 (EDT)] "GET /soccer/squad?IDTeam=t357 1.1" 500 1812 "http://127.0.0.1:4000/soccer/" "Mozilla/5.0 (Macintosh; Intel Mac OS X 10_9_4) AppleWebKit/537.36 (KHTML, like Gecko) Chrome/36.0.1985.125 Safari/537.36"
SyntaxError: Unexpected token catch
    at Object.Function (<anonymous>)
    at compile (/usr/local/lib/node_modules/geddy/lib/template/engines/ejs.js:88:10)
    at ejs.compile (/usr/local/lib/node_modules/geddy/lib/template/engines/ejs.js:25:18)
    at ejs.compile (/usr/local/lib/node_modules/geddy/lib/template/adapters/ejs.js:24:22)
    at Adapter.compile (/usr/local/lib/node_modules/geddy/lib/template/adapters/index.js:138:35)
    at Adapter.render (/usr/local/lib/node_modules/geddy/lib/template/adapters/index.js:159:42)
    at Partial.renderSelf (/usr/local/lib/node_modules/geddy/lib/template/partial.js:130:36)
    at handleData (/usr/local/lib/node_modules/geddy/lib/template/partial.js:99:16)
    at /usr/local/lib/node_modules/geddy/lib/template/partial.js:117:9
    at fs.js:266:14
[Tue, 29 Jul 2014 17:18:08 GMT] ERROR 127.0.0.1 - - [Tue Jul 29 2014 13:18:08 GMT-0400 (EDT)] "GET /soccer/squad?IDTeam=t357 1.1" 500 1812 "http://127.0.0.1:4000/soccer/" "Mozilla/5.0 (Macintosh; Intel Mac OS X 10_9_4) AppleWebKit/537.36 (KHTML, like Gecko) Chrome/36.0.1985.125 Safari/537.36"
SyntaxError: Unexpected token catch
    at Object.Function (<anonymous>)
    at compile (/usr/local/lib/node_modules/geddy/lib/template/engines/ejs.js:88:10)
    at ejs.compile (/usr/local/lib/node_modules/geddy/lib/template/engines/ejs.js:25:18)
    at ejs.compile (/usr/local/lib/node_modules/geddy/lib/template/adapters/ejs.js:24:22)
    at Adapter.compile (/usr/local/lib/node_modules/geddy/lib/template/adapters/index.js:138:35)
    at Adapter.render (/usr/local/lib/node_modules/geddy/lib/template/adapters/index.js:159:42)
    at Partial.renderSelf (/usr/local/lib/node_modules/geddy/lib/template/partial.js:130:36)
    at handleData (/usr/local/lib/node_modules/geddy/lib/template/partial.js:99:16)
    at /usr/local/lib/node_modules/geddy/lib/template/partial.js:117:9
    at fs.js:266:14
[Tue, 29 Jul 2014 17:19:02 GMT] ERROR 127.0.0.1 - - [Tue Jul 29 2014 13:19:02 GMT-0400 (EDT)] "GET /soccer/squad?IDTeam=t357 1.1" 500 1812 "http://127.0.0.1:4000/soccer/" "Mozilla/5.0 (Macintosh; Intel Mac OS X 10_9_4) AppleWebKit/537.36 (KHTML, like Gecko) Chrome/36.0.1985.125 Safari/537.36"
SyntaxError: Unexpected token catch
    at Object.Function (<anonymous>)
    at compile (/usr/local/lib/node_modules/geddy/lib/template/engines/ejs.js:88:10)
    at ejs.compile (/usr/local/lib/node_modules/geddy/lib/template/engines/ejs.js:25:18)
    at ejs.compile (/usr/local/lib/node_modules/geddy/lib/template/adapters/ejs.js:24:22)
    at Adapter.compile (/usr/local/lib/node_modules/geddy/lib/template/adapters/index.js:138:35)
    at Adapter.render (/usr/local/lib/node_modules/geddy/lib/template/adapters/index.js:159:42)
    at Partial.renderSelf (/usr/local/lib/node_modules/geddy/lib/template/partial.js:130:36)
    at handleData (/usr/local/lib/node_modules/geddy/lib/template/partial.js:99:16)
    at /usr/local/lib/node_modules/geddy/lib/template/partial.js:117:9
    at fs.js:266:14
[Tue, 29 Jul 2014 17:23:50 GMT] ERROR 127.0.0.1 - - [Tue Jul 29 2014 13:23:50 GMT-0400 (EDT)] "GET /soccer/player?IDPlayer=p55634 1.1" 500 1808 "http://127.0.0.1:4000/soccer/squad?IDTeam=t357" "Mozilla/5.0 (Macintosh; Intel Mac OS X 10_9_4) AppleWebKit/537.36 (KHTML, like Gecko) Chrome/36.0.1985.125 Safari/537.36"
SyntaxError: Unexpected token .
    at Object.Function (<anonymous>)
    at compile (/usr/local/lib/node_modules/geddy/lib/template/engines/ejs.js:88:10)
    at ejs.compile (/usr/local/lib/node_modules/geddy/lib/template/engines/ejs.js:25:18)
    at ejs.compile (/usr/local/lib/node_modules/geddy/lib/template/adapters/ejs.js:24:22)
    at Adapter.compile (/usr/local/lib/node_modules/geddy/lib/template/adapters/index.js:138:35)
    at Adapter.render (/usr/local/lib/node_modules/geddy/lib/template/adapters/index.js:159:42)
    at Partial.renderSelf (/usr/local/lib/node_modules/geddy/lib/template/partial.js:130:36)
    at handleData (/usr/local/lib/node_modules/geddy/lib/template/partial.js:99:16)
    at /usr/local/lib/node_modules/geddy/lib/template/partial.js:117:9
    at fs.js:266:14
[Tue, 29 Jul 2014 17:24:01 GMT] ERROR 127.0.0.1 - - [Tue Jul 29 2014 13:24:01 GMT-0400 (EDT)] "GET /soccer/player?IDPlayer=p55634 1.1" 500 1808 "http://127.0.0.1:4000/soccer/squad?IDTeam=t357" "Mozilla/5.0 (Macintosh; Intel Mac OS X 10_9_4) AppleWebKit/537.36 (KHTML, like Gecko) Chrome/36.0.1985.125 Safari/537.36"
SyntaxError: Unexpected token .
    at Object.Function (<anonymous>)
    at compile (/usr/local/lib/node_modules/geddy/lib/template/engines/ejs.js:88:10)
    at ejs.compile (/usr/local/lib/node_modules/geddy/lib/template/engines/ejs.js:25:18)
    at ejs.compile (/usr/local/lib/node_modules/geddy/lib/template/adapters/ejs.js:24:22)
    at Adapter.compile (/usr/local/lib/node_modules/geddy/lib/template/adapters/index.js:138:35)
    at Adapter.render (/usr/local/lib/node_modules/geddy/lib/template/adapters/index.js:159:42)
    at Partial.renderSelf (/usr/local/lib/node_modules/geddy/lib/template/partial.js:130:36)
    at handleData (/usr/local/lib/node_modules/geddy/lib/template/partial.js:99:16)
    at /usr/local/lib/node_modules/geddy/lib/template/partial.js:117:9
    at fs.js:266:14
[Tue, 29 Jul 2014 17:24:21 GMT] ERROR 127.0.0.1 - - [Tue Jul 29 2014 13:24:21 GMT-0400 (EDT)] "GET /soccer/player?IDPlayer=p55634&language=chiense 1.1" 500 2183 "-" "Mozilla/5.0 (Macintosh; Intel Mac OS X 10_9_4) AppleWebKit/537.36 (KHTML, like Gecko) Chrome/36.0.1985.125 Safari/537.36"
TypeError: ejs:17
    15| 			relPath: true
    16| 		}) %>">
 >> 17| 			<%= getCountry(params.language)[player.info.teamName.toLowerCase()] %>
    18| 		</a>
    19| 	</h4>
    20| 	<h1><%= player.info['name'] %></h1>
Cannot read property 'germany' of undefined
    at handleErr (/usr/local/lib/node_modules/geddy/lib/template/engines/ejs.js:58:15)
    at Object.rethrow (/usr/local/lib/node_modules/geddy/lib/template/engines/ejs.js:90:41)
    at eval (eval at <anonymous> (/usr/local/lib/node_modules/geddy/lib/template/engines/ejs.js:88:10), <anonymous>:15:702)
    at /usr/local/lib/node_modules/geddy/lib/template/engines/ejs.js:101:17
    at ejs.render (/usr/local/lib/node_modules/geddy/lib/template/adapters/ejs.js:28:10)
    at Adapter.render (/usr/local/lib/node_modules/geddy/lib/template/adapters/index.js:159:24)
    at Partial.renderSelf (/usr/local/lib/node_modules/geddy/lib/template/partial.js:130:36)
    at handleData (/usr/local/lib/node_modules/geddy/lib/template/partial.js:99:16)
    at /usr/local/lib/node_modules/geddy/lib/template/partial.js:117:9
    at fs.js:266:14
[Tue, 29 Jul 2014 17:30:41 GMT] ERROR 127.0.0.1 - - [Tue Jul 29 2014 13:30:41 GMT-0400 (EDT)] "GET /soccer/player?IDPlayer=p55634&language=chinese 1.1" 500 2126 "-" "Mozilla/5.0 (Macintosh; Intel Mac OS X 10_9_4) AppleWebKit/537.36 (KHTML, like Gecko) Chrome/36.0.1985.125 Safari/537.36"
ReferenceError: ejs:37
    35| 		</p>
    36| 		<p>
 >> 37| 			<strong><%= $rb['birthplace'] %>:</strong> 
    38| 			<%= $playerObject['placeOfBirth'] %>
    39| 		</p>
    40| 		<p>
$rb is not defined
    at handleErr (/usr/local/lib/node_modules/geddy/lib/template/engines/ejs.js:58:15)
    at Object.rethrow (/usr/local/lib/node_modules/geddy/lib/template/engines/ejs.js:90:41)
    at eval (eval at <anonymous> (/usr/local/lib/node_modules/geddy/lib/template/engines/ejs.js:88:10), <anonymous>:15:1702)
    at /usr/local/lib/node_modules/geddy/lib/template/engines/ejs.js:101:17
    at ejs.render (/usr/local/lib/node_modules/geddy/lib/template/adapters/ejs.js:28:10)
    at Adapter.render (/usr/local/lib/node_modules/geddy/lib/template/adapters/index.js:159:24)
    at Partial.renderSelf (/usr/local/lib/node_modules/geddy/lib/template/partial.js:130:36)
    at handleData (/usr/local/lib/node_modules/geddy/lib/template/partial.js:99:16)
    at /usr/local/lib/node_modules/geddy/lib/template/partial.js:117:9
    at fs.js:266:14
[Tue, 29 Jul 2014 17:43:35 GMT] ERROR 127.0.0.1 - - [Tue Jul 29 2014 13:43:35 GMT-0400 (EDT)] "GET /soccer/player?IDPlayer=p55634 1.1" 500 2261 "-" "Mozilla/5.0 (Macintosh; Intel Mac OS X 10_9_4) AppleWebKit/537.36 (KHTML, like Gecko) Chrome/36.0.1985.125 Safari/537.36"
TypeError: ejs:68
    66| 	<tr>
    67| 		<td><%= player.individualGameStat.length %></td>
 >> 68| 		<td><%= player.totaStat.goals %></td>
    69| 		<td><%= player.totaStat.goal_assist %></td>
    70| 		<td><%= player.totaStat.total_scoring_att %></td>
    71| 	</tr>
Cannot read property 'goals' of undefined
    at handleErr (/usr/local/lib/node_modules/geddy/lib/template/engines/ejs.js:58:15)
    at Object.rethrow (/usr/local/lib/node_modules/geddy/lib/template/engines/ejs.js:90:41)
    at eval (eval at <anonymous> (/usr/local/lib/node_modules/geddy/lib/template/engines/ejs.js:88:10), <anonymous>:15:2724)
    at /usr/local/lib/node_modules/geddy/lib/template/engines/ejs.js:101:17
    at ejs.render (/usr/local/lib/node_modules/geddy/lib/template/adapters/ejs.js:28:10)
    at Adapter.render (/usr/local/lib/node_modules/geddy/lib/template/adapters/index.js:159:24)
    at Partial.renderSelf (/usr/local/lib/node_modules/geddy/lib/template/partial.js:130:36)
    at handleData (/usr/local/lib/node_modules/geddy/lib/template/partial.js:99:16)
    at /usr/local/lib/node_modules/geddy/lib/template/partial.js:117:9
    at fs.js:266:14
[Tue, 29 Jul 2014 17:43:50 GMT] ERROR 127.0.0.1 - - [Tue Jul 29 2014 13:43:50 GMT-0400 (EDT)] "GET /soccer/player?IDPlayer=p55634 1.1" 500 2230 "-" "Mozilla/5.0 (Macintosh; Intel Mac OS X 10_9_4) AppleWebKit/537.36 (KHTML, like Gecko) Chrome/36.0.1985.125 Safari/537.36"
TypeError: ejs:68
    66| 	<tr>
    67| 		<td><%= 9 %></td>
 >> 68| 		<td><%= player.totaStat.goals %></td>
    69| 		<td><%= player.totaStat.goal_assist %></td>
    70| 		<td><%= player.totaStat.total_scoring_att %></td>
    71| 	</tr>
Cannot read property 'goals' of undefined
    at handleErr (/usr/local/lib/node_modules/geddy/lib/template/engines/ejs.js:58:15)
    at Object.rethrow (/usr/local/lib/node_modules/geddy/lib/template/engines/ejs.js:90:41)
    at eval (eval at <anonymous> (/usr/local/lib/node_modules/geddy/lib/template/engines/ejs.js:88:10), <anonymous>:15:2693)
    at /usr/local/lib/node_modules/geddy/lib/template/engines/ejs.js:101:17
    at ejs.render (/usr/local/lib/node_modules/geddy/lib/template/adapters/ejs.js:28:10)
    at Adapter.render (/usr/local/lib/node_modules/geddy/lib/template/adapters/index.js:159:24)
    at Partial.renderSelf (/usr/local/lib/node_modules/geddy/lib/template/partial.js:130:36)
    at handleData (/usr/local/lib/node_modules/geddy/lib/template/partial.js:99:16)
    at /usr/local/lib/node_modules/geddy/lib/template/partial.js:117:9
    at fs.js:266:14
[Tue, 29 Jul 2014 17:43:56 GMT] ERROR 127.0.0.1 - - [Tue Jul 29 2014 13:43:56 GMT-0400 (EDT)] "GET /soccer/player?IDPlayer=p55634 1.1" 500 2232 "-" "Mozilla/5.0 (Macintosh; Intel Mac OS X 10_9_4) AppleWebKit/537.36 (KHTML, like Gecko) Chrome/36.0.1985.125 Safari/537.36"
TypeError: ejs:68
    66| 	<tr>
    67| 		<td>< %= 9 % ></td>
 >> 68| 		<td><%= player.totaStat.goals %></td>
    69| 		<td><%= player.totaStat.goal_assist %></td>
    70| 		<td><%= player.totaStat.total_scoring_att %></td>
    71| 	</tr>
Cannot read property 'goals' of undefined
    at handleErr (/usr/local/lib/node_modules/geddy/lib/template/engines/ejs.js:58:15)
    at Object.rethrow (/usr/local/lib/node_modules/geddy/lib/template/engines/ejs.js:90:41)
    at eval (eval at <anonymous> (/usr/local/lib/node_modules/geddy/lib/template/engines/ejs.js:88:10), <anonymous>:15:2636)
    at /usr/local/lib/node_modules/geddy/lib/template/engines/ejs.js:101:17
    at ejs.render (/usr/local/lib/node_modules/geddy/lib/template/adapters/ejs.js:28:10)
    at Adapter.render (/usr/local/lib/node_modules/geddy/lib/template/adapters/index.js:159:24)
    at Partial.renderSelf (/usr/local/lib/node_modules/geddy/lib/template/partial.js:130:36)
    at handleData (/usr/local/lib/node_modules/geddy/lib/template/partial.js:99:16)
    at /usr/local/lib/node_modules/geddy/lib/template/partial.js:117:9
    at fs.js:266:14
[Tue, 29 Jul 2014 17:53:45 GMT] ERROR 127.0.0.1 - - [Tue Jul 29 2014 13:53:45 GMT-0400 (EDT)] "GET /soccer/player?IDPlayer=p55634 1.1" 500 1808 "-" "Mozilla/5.0 (Macintosh; Intel Mac OS X 10_9_4) AppleWebKit/537.36 (KHTML, like Gecko) Chrome/36.0.1985.125 Safari/537.36"
SyntaxError: Unexpected token )
    at Object.Function (<anonymous>)
    at compile (/usr/local/lib/node_modules/geddy/lib/template/engines/ejs.js:88:10)
    at ejs.compile (/usr/local/lib/node_modules/geddy/lib/template/engines/ejs.js:25:18)
    at ejs.compile (/usr/local/lib/node_modules/geddy/lib/template/adapters/ejs.js:24:22)
    at Adapter.compile (/usr/local/lib/node_modules/geddy/lib/template/adapters/index.js:138:35)
    at Adapter.render (/usr/local/lib/node_modules/geddy/lib/template/adapters/index.js:159:42)
    at Partial.renderSelf (/usr/local/lib/node_modules/geddy/lib/template/partial.js:130:36)
    at handleData (/usr/local/lib/node_modules/geddy/lib/template/partial.js:99:16)
    at /usr/local/lib/node_modules/geddy/lib/template/partial.js:117:9
    at fs.js:266:14
[Tue, 29 Jul 2014 17:54:12 GMT] ERROR 127.0.0.1 - - [Tue Jul 29 2014 13:54:12 GMT-0400 (EDT)] "GET /soccer/player?IDPlayer=p55634 1.1" 500 1811 "-" "Mozilla/5.0 (Macintosh; Intel Mac OS X 10_9_4) AppleWebKit/537.36 (KHTML, like Gecko) Chrome/36.0.1985.125 Safari/537.36"
SyntaxError: Unexpected identifier
    at Object.Function (<anonymous>)
    at compile (/usr/local/lib/node_modules/geddy/lib/template/engines/ejs.js:88:10)
    at ejs.compile (/usr/local/lib/node_modules/geddy/lib/template/engines/ejs.js:25:18)
    at ejs.compile (/usr/local/lib/node_modules/geddy/lib/template/adapters/ejs.js:24:22)
    at Adapter.compile (/usr/local/lib/node_modules/geddy/lib/template/adapters/index.js:138:35)
    at Adapter.render (/usr/local/lib/node_modules/geddy/lib/template/adapters/index.js:159:42)
    at Partial.renderSelf (/usr/local/lib/node_modules/geddy/lib/template/partial.js:130:36)
    at handleData (/usr/local/lib/node_modules/geddy/lib/template/partial.js:99:16)
    at /usr/local/lib/node_modules/geddy/lib/template/partial.js:117:9
    at fs.js:266:14
[Tue, 29 Jul 2014 17:54:33 GMT] ERROR 127.0.0.1 - - [Tue Jul 29 2014 13:54:33 GMT-0400 (EDT)] "GET /soccer/player?IDPlayer=p55634 1.1" 500 1808 "-" "Mozilla/5.0 (Macintosh; Intel Mac OS X 10_9_4) AppleWebKit/537.36 (KHTML, like Gecko) Chrome/36.0.1985.125 Safari/537.36"
SyntaxError: Unexpected token )
    at Object.Function (<anonymous>)
    at compile (/usr/local/lib/node_modules/geddy/lib/template/engines/ejs.js:88:10)
    at ejs.compile (/usr/local/lib/node_modules/geddy/lib/template/engines/ejs.js:25:18)
    at ejs.compile (/usr/local/lib/node_modules/geddy/lib/template/adapters/ejs.js:24:22)
    at Adapter.compile (/usr/local/lib/node_modules/geddy/lib/template/adapters/index.js:138:35)
    at Adapter.render (/usr/local/lib/node_modules/geddy/lib/template/adapters/index.js:159:42)
    at Partial.renderSelf (/usr/local/lib/node_modules/geddy/lib/template/partial.js:130:36)
    at handleData (/usr/local/lib/node_modules/geddy/lib/template/partial.js:99:16)
    at /usr/local/lib/node_modules/geddy/lib/template/partial.js:117:9
    at fs.js:266:14
[Tue, 29 Jul 2014 18:07:32 GMT] ERROR 127.0.0.1 - - [Tue Jul 29 2014 14:07:32 GMT-0400 (EDT)] "GET /soccer 1.1" 500 2174 "-" "Mozilla/5.0 (Macintosh; Intel Mac OS X 10_9_4) AppleWebKit/537.36 (KHTML, like Gecko) Chrome/36.0.1985.125 Safari/537.36"
ReferenceError: ejs:16
    14| 		<tr>
    15| 			<th id="stats-home-name">
 >> 16| 				<%= getCountry(params.language)[gameData.home.name.toLowerCase()] %>
    17| 			</th>
    18| 			<th></th>
    19| 			<th id="stats-away-name">
params is not defined
    at handleErr (/usr/local/lib/node_modules/geddy/lib/template/engines/ejs.js:58:15)
    at Object.rethrow (/usr/local/lib/node_modules/geddy/lib/template/engines/ejs.js:90:41)
    at eval (eval at <anonymous> (/usr/local/lib/node_modules/geddy/lib/template/engines/ejs.js:88:10), <anonymous>:12:3596)
    at /usr/local/lib/node_modules/geddy/lib/template/engines/ejs.js:101:17
    at ejs.render (/usr/local/lib/node_modules/geddy/lib/template/adapters/ejs.js:28:10)
    at Adapter.render (/usr/local/lib/node_modules/geddy/lib/template/adapters/index.js:159:24)
    at Partial.renderSelf (/usr/local/lib/node_modules/geddy/lib/template/partial.js:130:36)
    at handleData (/usr/local/lib/node_modules/geddy/lib/template/partial.js:99:16)
    at /usr/local/lib/node_modules/geddy/lib/template/partial.js:117:9
    at fs.js:266:14
[Tue, 29 Jul 2014 18:09:33 GMT] ERROR 127.0.0.1 - - [Tue Jul 29 2014 14:09:33 GMT-0400 (EDT)] "GET /soccer 1.1" 500 2218 "-" "Mozilla/5.0 (Macintosh; Intel Mac OS X 10_9_4) AppleWebKit/537.36 (KHTML, like Gecko) Chrome/36.0.1985.125 Safari/537.36"
ReferenceError: ejs:15
    13|     <div class="time">
    14|       <%= commentary[i]['minute'] %>  
 >> 15|       <%= getBundle(language)['minutes'] %>
    16|     </div>
    17|     <div class="description">
    18|       <%= commentary[i]['comment'] %>
language is not defined
    at handleErr (/usr/local/lib/node_modules/geddy/lib/template/engines/ejs.js:58:15)
    at Object.rethrow (/usr/local/lib/node_modules/geddy/lib/template/engines/ejs.js:90:41)
    at eval (eval at <anonymous> (/usr/local/lib/node_modules/geddy/lib/template/engines/ejs.js:88:10), <anonymous>:10:724)
    at /usr/local/lib/node_modules/geddy/lib/template/engines/ejs.js:101:17
    at ejs.render (/usr/local/lib/node_modules/geddy/lib/template/adapters/ejs.js:28:10)
    at Adapter.render (/usr/local/lib/node_modules/geddy/lib/template/adapters/index.js:159:24)
    at Partial.renderSelf (/usr/local/lib/node_modules/geddy/lib/template/partial.js:130:36)
    at handleData (/usr/local/lib/node_modules/geddy/lib/template/partial.js:99:16)
    at /usr/local/lib/node_modules/geddy/lib/template/partial.js:117:9
    at fs.js:266:14
[Tue, 29 Jul 2014 18:11:45 GMT] ERROR 127.0.0.1 - - [Tue Jul 29 2014 14:11:45 GMT-0400 (EDT)] "GET /soccer/squad?IDTeam=t357&language=undefined 1.1" 500 2346 "http://127.0.0.1:4000/soccer" "Mozilla/5.0 (Macintosh; Intel Mac OS X 10_9_4) AppleWebKit/537.36 (KHTML, like Gecko) Chrome/36.0.1985.125 Safari/537.36"
TypeError: ejs:13
    11| %><div class='testRoster2'>
    12| <h2 class='flag <%= squad.teamMetadata.abbreviation.toLowerCase() %>'>
 >> 13| 	<%= getCountry(params.language)[squad.team.name.toLowerCase()] %>
    14| </h2>
    15| <% if(squad.team.nickName.length){ /* do we have a nickname to display? */ %>
    16| 	<h3>'<%= squad.team.nickName %>'</h3>
Cannot read property 'germany' of undefined
    at handleErr (/usr/local/lib/node_modules/geddy/lib/template/engines/ejs.js:58:15)
    at Object.rethrow (/usr/local/lib/node_modules/geddy/lib/template/engines/ejs.js:90:41)
    at eval (eval at <anonymous> (/usr/local/lib/node_modules/geddy/lib/template/engines/ejs.js:88:10), <anonymous>:39:249)
    at /usr/local/lib/node_modules/geddy/lib/template/engines/ejs.js:101:17
    at ejs.render (/usr/local/lib/node_modules/geddy/lib/template/adapters/ejs.js:28:10)
    at Adapter.render (/usr/local/lib/node_modules/geddy/lib/template/adapters/index.js:159:24)
    at Partial.renderSelf (/usr/local/lib/node_modules/geddy/lib/template/partial.js:130:36)
    at handleData (/usr/local/lib/node_modules/geddy/lib/template/partial.js:99:16)
    at /usr/local/lib/node_modules/geddy/lib/template/partial.js:117:9
    at fs.js:266:14
[Tue, 29 Jul 2014 18:17:38 GMT] ERROR 127.0.0.1 - - [Tue Jul 29 2014 14:17:38 GMT-0400 (EDT)] "GET /soccer/squad?IDTeam=t632 1.1" 500 2345 "http://127.0.0.1:4000/soccer?language=chinese" "Mozilla/5.0 (Macintosh; Intel Mac OS X 10_9_4) AppleWebKit/537.36 (KHTML, like Gecko) Chrome/36.0.1985.125 Safari/537.36"
TypeError: ejs:13
    11| %><div class='testRoster2'>
    12| <h2 class='flag <%= squad.teamMetadata.abbreviation.toLowerCase() %>'>
 >> 13| 	<%= getCountry(params.language)[squad.team.name.toLowerCase()] %>
    14| </h2>
    15| <% if(squad.team.nickName.length){ /* do we have a nickname to display? */ %>
    16| 	<h3>'<%= squad.team.nickName %>'</h3>
Cannot read property 'length' of undefined
    at handleErr (/usr/local/lib/node_modules/geddy/lib/template/engines/ejs.js:58:15)
    at Object.rethrow (/usr/local/lib/node_modules/geddy/lib/template/engines/ejs.js:90:41)
    at eval (eval at <anonymous> (/usr/local/lib/node_modules/geddy/lib/template/engines/ejs.js:88:10), <anonymous>:39:249)
    at /usr/local/lib/node_modules/geddy/lib/template/engines/ejs.js:101:17
    at ejs.render (/usr/local/lib/node_modules/geddy/lib/template/adapters/ejs.js:28:10)
    at Adapter.render (/usr/local/lib/node_modules/geddy/lib/template/adapters/index.js:159:24)
    at Partial.renderSelf (/usr/local/lib/node_modules/geddy/lib/template/partial.js:130:36)
    at handleData (/usr/local/lib/node_modules/geddy/lib/template/partial.js:99:16)
    at /usr/local/lib/node_modules/geddy/lib/template/partial.js:117:9
    at fs.js:266:14
[Tue, 29 Jul 2014 18:18:31 GMT] ERROR 127.0.0.1 - - [Tue Jul 29 2014 14:18:31 GMT-0400 (EDT)] "GET /soccer/squad?IDTeam=t357&language=undefined 1.1" 500 2346 "http://127.0.0.1:4000/soccer?" "Mozilla/5.0 (Macintosh; Intel Mac OS X 10_9_4) AppleWebKit/537.36 (KHTML, like Gecko) Chrome/36.0.1985.125 Safari/537.36"
TypeError: ejs:13
    11| %><div class='testRoster2'>
    12| <h2 class='flag <%= squad.teamMetadata.abbreviation.toLowerCase() %>'>
 >> 13| 	<%= getCountry(params.language)[squad.team.name.toLowerCase()] %>
    14| </h2>
    15| <% if(squad.team.nickName.length){ /* do we have a nickname to display? */ %>
    16| 	<h3>'<%= squad.team.nickName %>'</h3>
Cannot read property 'germany' of undefined
    at handleErr (/usr/local/lib/node_modules/geddy/lib/template/engines/ejs.js:58:15)
    at Object.rethrow (/usr/local/lib/node_modules/geddy/lib/template/engines/ejs.js:90:41)
    at eval (eval at <anonymous> (/usr/local/lib/node_modules/geddy/lib/template/engines/ejs.js:88:10), <anonymous>:39:249)
    at /usr/local/lib/node_modules/geddy/lib/template/engines/ejs.js:101:17
    at ejs.render (/usr/local/lib/node_modules/geddy/lib/template/adapters/ejs.js:28:10)
    at Adapter.render (/usr/local/lib/node_modules/geddy/lib/template/adapters/index.js:159:24)
    at Partial.renderSelf (/usr/local/lib/node_modules/geddy/lib/template/partial.js:130:36)
    at handleData (/usr/local/lib/node_modules/geddy/lib/template/partial.js:99:16)
    at /usr/local/lib/node_modules/geddy/lib/template/partial.js:117:9
    at fs.js:266:14
[Tue, 29 Jul 2014 18:19:02 GMT] ERROR 127.0.0.1 - - [Tue Jul 29 2014 14:19:02 GMT-0400 (EDT)] "GET /soccer/squad?IDTeam=t357&language=undefined 1.1" 500 2291 "http://127.0.0.1:4000/soccer?" "Mozilla/5.0 (Macintosh; Intel Mac OS X 10_9_4) AppleWebKit/537.36 (KHTML, like Gecko) Chrome/36.0.1985.125 Safari/537.36"
TypeError: ejs:22
    20| 		<tr>
    21| 			<th></th>
 >> 22| 			<th><%= getBundle(params.language)['name']%></th>
    23| 			<th><%= getBundle(params.language)['age']%></th>
    24| 			<th>
    25| 				<span class='full'><%= getBundle(params.language)['position']%></span>
Cannot read property 'name' of undefined
    at handleErr (/usr/local/lib/node_modules/geddy/lib/template/engines/ejs.js:58:15)
    at Object.rethrow (/usr/local/lib/node_modules/geddy/lib/template/engines/ejs.js:90:41)
    at eval (eval at <anonymous> (/usr/local/lib/node_modules/geddy/lib/template/engines/ejs.js:88:10), <anonymous>:39:249)
    at /usr/local/lib/node_modules/geddy/lib/template/engines/ejs.js:101:17
    at ejs.render (/usr/local/lib/node_modules/geddy/lib/template/adapters/ejs.js:28:10)
    at Adapter.render (/usr/local/lib/node_modules/geddy/lib/template/adapters/index.js:159:24)
    at Partial.renderSelf (/usr/local/lib/node_modules/geddy/lib/template/partial.js:130:36)
    at handleData (/usr/local/lib/node_modules/geddy/lib/template/partial.js:99:16)
    at /usr/local/lib/node_modules/geddy/lib/template/partial.js:117:9
    at fs.js:266:14
