[Tue, 29 Jul 2014 14:36:09 GMT] ERROR 127.0.0.1 - - [Tue Jul 29 2014 10:36:09 GMT-0400 (EDT)] "GET /soccer/squad?IDTeam=t357 1.1" 500 2084 "-" "Mozilla/5.0 (Macintosh; Intel Mac OS X 10_9_4) AppleWebKit/537.36 (KHTML, like Gecko) Chrome/36.0.1985.125 Safari/537.36"
TypeError: Cannot set property 'foo' of undefined
    at null.<anonymous> (/Users/lbacker/Documents/nodeapps/sportsdataviewer/app/controllers/soccer.js:24:13)
    at null.<anonymous> (/usr/local/lib/node_modules/geddy/lib/controller/base_controller.js:166:17)
    at async.AsyncBase.runItem (/usr/local/lib/node_modules/geddy/node_modules/utilities/lib/async.js:115:10)
    at async.AsyncBase.next (/usr/local/lib/node_modules/geddy/node_modules/utilities/lib/async.js:120:12)
    at controller.BaseController._execFilters (/usr/local/lib/node_modules/geddy/lib/controller/base_controller.js:227:11)
    at controller.BaseController._handleAction (/usr/local/lib/node_modules/geddy/lib/controller/base_controller.js:326:20)
    at cb [as callback] (/usr/local/lib/node_modules/geddy/lib/app/index.js:106:36)
    at async.Initializer.complete (/usr/local/lib/node_modules/geddy/node_modules/utilities/lib/async.js:293:10)
    at /usr/local/lib/node_modules/geddy/lib/app/index.js:117:21
    at /usr/local/lib/node_modules/geddy/lib/controller/init.js:103:9
[Tue, 29 Jul 2014 14:39:57 GMT] ERROR 127.0.0.1 - - [Tue Jul 29 2014 10:39:57 GMT-0400 (EDT)] "GET /soccer/squad?IDTeam=t357&language=english 1.1" 500 2193 "-" "Mozilla/5.0 (Macintosh; Intel Mac OS X 10_9_4) AppleWebKit/537.36 (KHTML, like Gecko) Chrome/36.0.1985.125 Safari/537.36"
ReferenceError: ejs:4
    2| 
    3| <div class='testRoster2'>
 >> 4| 	<h2 class='flag <%= getCountry(language)[squad.teamMetadata.abbreviation.toLowerCase()] %>'>
    5| 		<%= getCountry(language)[squad.team.name.toLowerCase()] %>
    6| 	</h2>
    7| </div>
language is not defined
    at handleErr (/usr/local/lib/node_modules/geddy/lib/template/engines/ejs.js:58:15)
    at Object.rethrow (/usr/local/lib/node_modules/geddy/lib/template/engines/ejs.js:90:41)
    at eval (eval at <anonymous> (/usr/local/lib/node_modules/geddy/lib/template/engines/ejs.js:88:10), <anonymous>:2:504)
    at /usr/local/lib/node_modules/geddy/lib/template/engines/ejs.js:101:17
    at ejs.render (/usr/local/lib/node_modules/geddy/lib/template/adapters/ejs.js:28:10)
    at Adapter.render (/usr/local/lib/node_modules/geddy/lib/template/adapters/index.js:159:24)
    at Partial.renderSelf (/usr/local/lib/node_modules/geddy/lib/template/partial.js:130:36)
    at handleData (/usr/local/lib/node_modules/geddy/lib/template/partial.js:99:16)
    at /usr/local/lib/node_modules/geddy/lib/template/partial.js:117:9
    at fs.js:266:14
[Tue, 29 Jul 2014 14:40:12 GMT] ERROR 127.0.0.1 - - [Tue Jul 29 2014 10:40:12 GMT-0400 (EDT)] "GET /soccer/squad?IDTeam=t357&language=english 1.1" 500 2196 "-" "Mozilla/5.0 (Macintosh; Intel Mac OS X 10_9_4) AppleWebKit/537.36 (KHTML, like Gecko) Chrome/36.0.1985.125 Safari/537.36"
ReferenceError: ejs:4
    2| 
    3| <div class='testRoster2'>
 >> 4| 	<h2 class='flag <%= getCountry(param.language)[squad.teamMetadata.abbreviation.toLowerCase()] %>'>
    5| 		<%= getCountry(language)[squad.team.name.toLowerCase()] %>
    6| 	</h2>
    7| </div>
param is not defined
    at handleErr (/usr/local/lib/node_modules/geddy/lib/template/engines/ejs.js:58:15)
    at Object.rethrow (/usr/local/lib/node_modules/geddy/lib/template/engines/ejs.js:90:41)
    at eval (eval at <anonymous> (/usr/local/lib/node_modules/geddy/lib/template/engines/ejs.js:88:10), <anonymous>:2:510)
    at /usr/local/lib/node_modules/geddy/lib/template/engines/ejs.js:101:17
    at ejs.render (/usr/local/lib/node_modules/geddy/lib/template/adapters/ejs.js:28:10)
    at Adapter.render (/usr/local/lib/node_modules/geddy/lib/template/adapters/index.js:159:24)
    at Partial.renderSelf (/usr/local/lib/node_modules/geddy/lib/template/partial.js:130:36)
    at handleData (/usr/local/lib/node_modules/geddy/lib/template/partial.js:99:16)
    at /usr/local/lib/node_modules/geddy/lib/template/partial.js:117:9
    at fs.js:266:14
[Tue, 29 Jul 2014 14:40:18 GMT] ERROR 127.0.0.1 - - [Tue Jul 29 2014 10:40:18 GMT-0400 (EDT)] "GET /soccer/squad?IDTeam=t357&language=english 1.1" 500 2192 "-" "Mozilla/5.0 (Macintosh; Intel Mac OS X 10_9_4) AppleWebKit/537.36 (KHTML, like Gecko) Chrome/36.0.1985.125 Safari/537.36"
ReferenceError: ejs:5
    3| <div class='testRoster2'>
    4| 	<h2 class='flag <%= getCountry(params.language)[squad.teamMetadata.abbreviation.toLowerCase()] %>'>
 >> 5| 		<%= getCountry(language)[squad.team.name.toLowerCase()] %>
    6| 	</h2>
    7| </div>
language is not defined
    at handleErr (/usr/local/lib/node_modules/geddy/lib/template/engines/ejs.js:58:15)
    at Object.rethrow (/usr/local/lib/node_modules/geddy/lib/template/engines/ejs.js:90:41)
    at eval (eval at <anonymous> (/usr/local/lib/node_modules/geddy/lib/template/engines/ejs.js:88:10), <anonymous>:2:511)
    at /usr/local/lib/node_modules/geddy/lib/template/engines/ejs.js:101:17
    at ejs.render (/usr/local/lib/node_modules/geddy/lib/template/adapters/ejs.js:28:10)
    at Adapter.render (/usr/local/lib/node_modules/geddy/lib/template/adapters/index.js:159:24)
    at Partial.renderSelf (/usr/local/lib/node_modules/geddy/lib/template/partial.js:130:36)
    at handleData (/usr/local/lib/node_modules/geddy/lib/template/partial.js:99:16)
    at /usr/local/lib/node_modules/geddy/lib/template/partial.js:117:9
    at fs.js:266:14
[Tue, 29 Jul 2014 14:40:38 GMT] ERROR Worker 3987 died.
[Tue, 29 Jul 2014 14:41:01 GMT] ERROR 127.0.0.1 - - [Tue Jul 29 2014 10:41:01 GMT-0400 (EDT)] "GET /soccer/squad?IDTeam=t357&language=english 1.1" 500 2192 "-" "Mozilla/5.0 (Macintosh; Intel Mac OS X 10_9_4) AppleWebKit/537.36 (KHTML, like Gecko) Chrome/36.0.1985.125 Safari/537.36"
ReferenceError: ejs:5
    3| <div class='testRoster2'>
    4| 	<h2 class='flag <%= getCountry(params.language)[squad.teamMetadata.abbreviation.toLowerCase()] %>'>
 >> 5| 		<%= getCountry(language)[squad.team.name.toLowerCase()] %>
    6| 	</h2>
    7| </div>
language is not defined
    at handleErr (/usr/local/lib/node_modules/geddy/lib/template/engines/ejs.js:58:15)
    at Object.rethrow (/usr/local/lib/node_modules/geddy/lib/template/engines/ejs.js:90:41)
    at eval (eval at <anonymous> (/usr/local/lib/node_modules/geddy/lib/template/engines/ejs.js:88:10), <anonymous>:2:511)
    at /usr/local/lib/node_modules/geddy/lib/template/engines/ejs.js:101:17
    at ejs.render (/usr/local/lib/node_modules/geddy/lib/template/adapters/ejs.js:28:10)
    at Adapter.render (/usr/local/lib/node_modules/geddy/lib/template/adapters/index.js:159:24)
    at Partial.renderSelf (/usr/local/lib/node_modules/geddy/lib/template/partial.js:130:36)
    at handleData (/usr/local/lib/node_modules/geddy/lib/template/partial.js:99:16)
    at /usr/local/lib/node_modules/geddy/lib/template/partial.js:117:9
    at fs.js:266:14
[Tue, 29 Jul 2014 14:44:58 GMT] ERROR 127.0.0.1 - - [Tue Jul 29 2014 10:44:58 GMT-0400 (EDT)] "GET /soccer/squad?IDTeam=t357&language=english 1.1" 500 2194 "-" "Mozilla/5.0 (Macintosh; Intel Mac OS X 10_9_4) AppleWebKit/537.36 (KHTML, like Gecko) Chrome/36.0.1985.125 Safari/537.36"
ReferenceError: ejs:5
    3| <div class='testRoster2'>
    4| 	<h2 class='flag <%= getCountry('english')[squad.teamMetadata.abbreviation.toLowerCase()] %>'>
 >> 5| 		<%= getCountry(language)[squad.team.name.toLowerCase()] %>
    6| 	</h2>
    7| </div>
language is not defined
    at handleErr (/usr/local/lib/node_modules/geddy/lib/template/engines/ejs.js:58:15)
    at Object.rethrow (/usr/local/lib/node_modules/geddy/lib/template/engines/ejs.js:90:41)
    at eval (eval at <anonymous> (/usr/local/lib/node_modules/geddy/lib/template/engines/ejs.js:88:10), <anonymous>:2:505)
    at /usr/local/lib/node_modules/geddy/lib/template/engines/ejs.js:101:17
    at ejs.render (/usr/local/lib/node_modules/geddy/lib/template/adapters/ejs.js:28:10)
    at Adapter.render (/usr/local/lib/node_modules/geddy/lib/template/adapters/index.js:159:24)
    at Partial.renderSelf (/usr/local/lib/node_modules/geddy/lib/template/partial.js:130:36)
    at handleData (/usr/local/lib/node_modules/geddy/lib/template/partial.js:99:16)
    at /usr/local/lib/node_modules/geddy/lib/template/partial.js:117:9
    at fs.js:266:14
[Tue, 29 Jul 2014 14:45:03 GMT] ERROR 127.0.0.1 - - [Tue Jul 29 2014 10:45:03 GMT-0400 (EDT)] "GET /soccer/squad?IDTeam=t357 1.1" 500 2194 "-" "Mozilla/5.0 (Macintosh; Intel Mac OS X 10_9_4) AppleWebKit/537.36 (KHTML, like Gecko) Chrome/36.0.1985.125 Safari/537.36"
ReferenceError: ejs:5
    3| <div class='testRoster2'>
    4| 	<h2 class='flag <%= getCountry('english')[squad.teamMetadata.abbreviation.toLowerCase()] %>'>
 >> 5| 		<%= getCountry(language)[squad.team.name.toLowerCase()] %>
    6| 	</h2>
    7| </div>
language is not defined
    at handleErr (/usr/local/lib/node_modules/geddy/lib/template/engines/ejs.js:58:15)
    at Object.rethrow (/usr/local/lib/node_modules/geddy/lib/template/engines/ejs.js:90:41)
    at eval (eval at <anonymous> (/usr/local/lib/node_modules/geddy/lib/template/engines/ejs.js:88:10), <anonymous>:2:505)
    at /usr/local/lib/node_modules/geddy/lib/template/engines/ejs.js:101:17
    at ejs.render (/usr/local/lib/node_modules/geddy/lib/template/adapters/ejs.js:28:10)
    at Adapter.render (/usr/local/lib/node_modules/geddy/lib/template/adapters/index.js:159:24)
    at Partial.renderSelf (/usr/local/lib/node_modules/geddy/lib/template/partial.js:130:36)
    at handleData (/usr/local/lib/node_modules/geddy/lib/template/partial.js:99:16)
    at /usr/local/lib/node_modules/geddy/lib/template/partial.js:117:9
    at fs.js:266:14
[Tue, 29 Jul 2014 14:45:29 GMT] ERROR 127.0.0.1 - - [Tue Jul 29 2014 10:45:29 GMT-0400 (EDT)] "GET /soccer/squad?IDTeam=t357 1.1" 500 2163 "-" "Mozilla/5.0 (Macintosh; Intel Mac OS X 10_9_4) AppleWebKit/537.36 (KHTML, like Gecko) Chrome/36.0.1985.125 Safari/537.36"
ReferenceError: ejs:5
    3| <div class='testRoster2'>
    4| 	<h2 class='flag <%= squad.teamMetadata.abbreviation.toLowerCase() %>'>
 >> 5| 		<%= getCountry(language)[squad.team.name.toLowerCase()] %>
    6| 	</h2>
    7| </div>
language is not defined
    at handleErr (/usr/local/lib/node_modules/geddy/lib/template/engines/ejs.js:58:15)
    at Object.rethrow (/usr/local/lib/node_modules/geddy/lib/template/engines/ejs.js:90:41)
    at eval (eval at <anonymous> (/usr/local/lib/node_modules/geddy/lib/template/engines/ejs.js:88:10), <anonymous>:2:482)
    at /usr/local/lib/node_modules/geddy/lib/template/engines/ejs.js:101:17
    at ejs.render (/usr/local/lib/node_modules/geddy/lib/template/adapters/ejs.js:28:10)
    at Adapter.render (/usr/local/lib/node_modules/geddy/lib/template/adapters/index.js:159:24)
    at Partial.renderSelf (/usr/local/lib/node_modules/geddy/lib/template/partial.js:130:36)
    at handleData (/usr/local/lib/node_modules/geddy/lib/template/partial.js:99:16)
    at /usr/local/lib/node_modules/geddy/lib/template/partial.js:117:9
    at fs.js:266:14
[Tue, 29 Jul 2014 14:49:10 GMT] ERROR 127.0.0.1 - - [Tue Jul 29 2014 10:49:10 GMT-0400 (EDT)] "GET /soccer/squad?IDTeam=t357 1.1" 500 1811 "-" "Mozilla/5.0 (Macintosh; Intel Mac OS X 10_9_4) AppleWebKit/537.36 (KHTML, like Gecko) Chrome/36.0.1985.125 Safari/537.36"
SyntaxError: Unexpected identifier
    at Object.Function (<anonymous>)
    at compile (/usr/local/lib/node_modules/geddy/lib/template/engines/ejs.js:88:10)
    at ejs.compile (/usr/local/lib/node_modules/geddy/lib/template/engines/ejs.js:25:18)
    at ejs.compile (/usr/local/lib/node_modules/geddy/lib/template/adapters/ejs.js:24:22)
    at Adapter.compile (/usr/local/lib/node_modules/geddy/lib/template/adapters/index.js:138:35)
    at Adapter.render (/usr/local/lib/node_modules/geddy/lib/template/adapters/index.js:159:42)
    at Partial.renderSelf (/usr/local/lib/node_modules/geddy/lib/template/partial.js:130:36)
    at handleData (/usr/local/lib/node_modules/geddy/lib/template/partial.js:99:16)
    at /usr/local/lib/node_modules/geddy/lib/template/partial.js:117:9
    at fs.js:266:14
[Tue, 29 Jul 2014 14:51:22 GMT] ERROR 127.0.0.1 - - [Tue Jul 29 2014 10:51:22 GMT-0400 (EDT)] "GET /soccer/squad?IDTeam=t357 1.1" 500 2256 "-" "Mozilla/5.0 (Macintosh; Intel Mac OS X 10_9_4) AppleWebKit/537.36 (KHTML, like Gecko) Chrome/36.0.1985.125 Safari/537.36"
ReferenceError: ejs:14
    12| 			<tr>
    13| 				<th></th>
 >> 14| 				<th><%= getBundle(language)['name']%></th>
    15| 				<th><%= getBundle(language)['age']%></th>
    16| 				<th>
    17| 					<span class='full'><%= getBundle(language)['position']%></span>
language is not defined
    at handleErr (/usr/local/lib/node_modules/geddy/lib/template/engines/ejs.js:58:15)
    at Object.rethrow (/usr/local/lib/node_modules/geddy/lib/template/engines/ejs.js:90:41)
    at eval (eval at <anonymous> (/usr/local/lib/node_modules/geddy/lib/template/engines/ejs.js:88:10), <anonymous>:2:1389)
    at /usr/local/lib/node_modules/geddy/lib/template/engines/ejs.js:101:17
    at ejs.render (/usr/local/lib/node_modules/geddy/lib/template/adapters/ejs.js:28:10)
    at Adapter.render (/usr/local/lib/node_modules/geddy/lib/template/adapters/index.js:159:24)
    at Partial.renderSelf (/usr/local/lib/node_modules/geddy/lib/template/partial.js:130:36)
    at handleData (/usr/local/lib/node_modules/geddy/lib/template/partial.js:99:16)
    at /usr/local/lib/node_modules/geddy/lib/template/partial.js:117:9
    at fs.js:266:14
[Tue, 29 Jul 2014 15:02:36 GMT] ERROR 127.0.0.1 - - [Tue Jul 29 2014 11:02:36 GMT-0400 (EDT)] "GET /soccer/squad?IDTeam=t357 1.1" 500 1811 "-" "Mozilla/5.0 (Macintosh; Intel Mac OS X 10_9_4) AppleWebKit/537.36 (KHTML, like Gecko) Chrome/36.0.1985.125 Safari/537.36"
SyntaxError: Unexpected token else
    at Object.Function (<anonymous>)
    at compile (/usr/local/lib/node_modules/geddy/lib/template/engines/ejs.js:88:10)
    at ejs.compile (/usr/local/lib/node_modules/geddy/lib/template/engines/ejs.js:25:18)
    at ejs.compile (/usr/local/lib/node_modules/geddy/lib/template/adapters/ejs.js:24:22)
    at Adapter.compile (/usr/local/lib/node_modules/geddy/lib/template/adapters/index.js:138:35)
    at Adapter.render (/usr/local/lib/node_modules/geddy/lib/template/adapters/index.js:159:42)
    at Partial.renderSelf (/usr/local/lib/node_modules/geddy/lib/template/partial.js:130:36)
    at handleData (/usr/local/lib/node_modules/geddy/lib/template/partial.js:99:16)
    at /usr/local/lib/node_modules/geddy/lib/template/partial.js:117:9
    at fs.js:266:14
[Tue, 29 Jul 2014 15:07:56 GMT] ERROR 127.0.0.1 - - [Tue Jul 29 2014 11:07:56 GMT-0400 (EDT)] "GET /soccer/squad?IDTeam=t357 1.1" 500 2087 "-" "Mozilla/5.0 (Macintosh; Intel Mac OS X 10_9_4) AppleWebKit/537.36 (KHTML, like Gecko) Chrome/36.0.1985.125 Safari/537.36"
ReferenceError: ejs:45
    43| 				<td>
    44| 					<a href=''>
 >> 45| 						<%= $playerArray[i]['name'] %>
    46| 					</a>
    47| 				</td>
    48| 
$playerArray is not defined
    at handleErr (/usr/local/lib/node_modules/geddy/lib/template/engines/ejs.js:58:15)
    at Object.rethrow (/usr/local/lib/node_modules/geddy/lib/template/engines/ejs.js:90:41)
    at eval (eval at <anonymous> (/usr/local/lib/node_modules/geddy/lib/template/engines/ejs.js:88:10), <anonymous>:11:432)
    at /usr/local/lib/node_modules/geddy/lib/template/engines/ejs.js:101:17
    at ejs.render (/usr/local/lib/node_modules/geddy/lib/template/adapters/ejs.js:28:10)
    at Adapter.render (/usr/local/lib/node_modules/geddy/lib/template/adapters/index.js:159:24)
    at Partial.renderSelf (/usr/local/lib/node_modules/geddy/lib/template/partial.js:130:36)
    at handleData (/usr/local/lib/node_modules/geddy/lib/template/partial.js:99:16)
    at /usr/local/lib/node_modules/geddy/lib/template/partial.js:117:9
    at fs.js:266:14
