[Mon, 28 Jul 2014 19:36:13 GMT] ERROR 127.0.0.1 - - [Mon Jul 28 2014 15:36:13 GMT-0400 (EDT)] "GET /soccer 1.1" 500 1767 "-" "Mozilla/5.0 (Macintosh; Intel Mac OS X 10_9_4) AppleWebKit/537.36 (KHTML, like Gecko) Chrome/36.0.1985.125 Safari/537.36"
SyntaxError: Unexpected token >
    at Object.Function (<anonymous>)
    at compile (/usr/local/lib/node_modules/geddy/lib/template/engines/ejs.js:88:10)
    at ejs.compile (/usr/local/lib/node_modules/geddy/lib/template/engines/ejs.js:25:18)
    at ejs.compile (/usr/local/lib/node_modules/geddy/lib/template/adapters/ejs.js:24:22)
    at Adapter.compile (/usr/local/lib/node_modules/geddy/lib/template/adapters/index.js:138:35)
    at Adapter.render (/usr/local/lib/node_modules/geddy/lib/template/adapters/index.js:159:42)
    at Partial.renderSelf (/usr/local/lib/node_modules/geddy/lib/template/partial.js:130:36)
    at handleData (/usr/local/lib/node_modules/geddy/lib/template/partial.js:99:16)
    at /usr/local/lib/node_modules/geddy/lib/template/partial.js:117:9
    at fs.js:266:14
[Mon, 28 Jul 2014 19:36:32 GMT] ERROR 127.0.0.1 - - [Mon Jul 28 2014 15:36:32 GMT-0400 (EDT)] "GET /soccer 1.1" 500 1767 "-" "Mozilla/5.0 (Macintosh; Intel Mac OS X 10_9_4) AppleWebKit/537.36 (KHTML, like Gecko) Chrome/36.0.1985.125 Safari/537.36"
SyntaxError: Unexpected token >
    at Object.Function (<anonymous>)
    at compile (/usr/local/lib/node_modules/geddy/lib/template/engines/ejs.js:88:10)
    at ejs.compile (/usr/local/lib/node_modules/geddy/lib/template/engines/ejs.js:25:18)
    at ejs.compile (/usr/local/lib/node_modules/geddy/lib/template/adapters/ejs.js:24:22)
    at Adapter.compile (/usr/local/lib/node_modules/geddy/lib/template/adapters/index.js:138:35)
    at Adapter.render (/usr/local/lib/node_modules/geddy/lib/template/adapters/index.js:159:42)
    at Partial.renderSelf (/usr/local/lib/node_modules/geddy/lib/template/partial.js:130:36)
    at handleData (/usr/local/lib/node_modules/geddy/lib/template/partial.js:99:16)
    at /usr/local/lib/node_modules/geddy/lib/template/partial.js:117:9
    at fs.js:266:14
[Mon, 28 Jul 2014 19:36:33 GMT] ERROR 127.0.0.1 - - [Mon Jul 28 2014 15:36:33 GMT-0400 (EDT)] "GET /soccer 1.1" 500 1767 "-" "Mozilla/5.0 (Macintosh; Intel Mac OS X 10_9_4) AppleWebKit/537.36 (KHTML, like Gecko) Chrome/36.0.1985.125 Safari/537.36"
SyntaxError: Unexpected token >
    at Object.Function (<anonymous>)
    at compile (/usr/local/lib/node_modules/geddy/lib/template/engines/ejs.js:88:10)
    at ejs.compile (/usr/local/lib/node_modules/geddy/lib/template/engines/ejs.js:25:18)
    at ejs.compile (/usr/local/lib/node_modules/geddy/lib/template/adapters/ejs.js:24:22)
    at Adapter.compile (/usr/local/lib/node_modules/geddy/lib/template/adapters/index.js:138:35)
    at Adapter.render (/usr/local/lib/node_modules/geddy/lib/template/adapters/index.js:159:42)
    at Partial.renderSelf (/usr/local/lib/node_modules/geddy/lib/template/partial.js:130:36)
    at handleData (/usr/local/lib/node_modules/geddy/lib/template/partial.js:99:16)
    at /usr/local/lib/node_modules/geddy/lib/template/partial.js:117:9
    at fs.js:266:14
[Mon, 28 Jul 2014 19:41:42 GMT] ERROR 127.0.0.1 - - [Mon Jul 28 2014 15:41:42 GMT-0400 (EDT)] "GET /soccer 1.1" 500 2274 "-" "Mozilla/5.0 (Macintosh; Intel Mac OS X 10_9_4) AppleWebKit/537.36 (KHTML, like Gecko) Chrome/36.0.1985.125 Safari/537.36"
ReferenceError: ejs:11
    9| 	<tbody>
    10| 		<tr>
 >> 11| 			<td id="stats-home-total-shotOnGoal"><%= gameData.home.total.shotOnGoal%>(<%= $home.total.score %>)</td>
    12| 			<td><?= $rb['shotsOnGoal'] ?></td>
    13| 			<td id="stats-away-total-shotOnGoal"><?= $awayShotOnGoal ?>(<?= $awayScore ?>)</td>
    14| 		</tr>
$home is not defined
    at handleErr (/usr/local/lib/node_modules/geddy/lib/template/engines/ejs.js:58:15)
    at Object.rethrow (/usr/local/lib/node_modules/geddy/lib/template/engines/ejs.js:90:41)
    at eval (eval at <anonymous> (/usr/local/lib/node_modules/geddy/lib/template/engines/ejs.js:88:10), <anonymous>:2:1978)
    at /usr/local/lib/node_modules/geddy/lib/template/engines/ejs.js:101:17
    at ejs.render (/usr/local/lib/node_modules/geddy/lib/template/adapters/ejs.js:28:10)
    at Adapter.render (/usr/local/lib/node_modules/geddy/lib/template/adapters/index.js:159:24)
    at Partial.renderSelf (/usr/local/lib/node_modules/geddy/lib/template/partial.js:130:36)
    at handleData (/usr/local/lib/node_modules/geddy/lib/template/partial.js:99:16)
    at /usr/local/lib/node_modules/geddy/lib/template/partial.js:117:9
    at fs.js:266:14
[Mon, 28 Jul 2014 19:43:12 GMT] ERROR 127.0.0.1 - - [Mon Jul 28 2014 15:43:12 GMT-0400 (EDT)] "GET /soccer 1.1" 500 1767 "-" "Mozilla/5.0 (Macintosh; Intel Mac OS X 10_9_4) AppleWebKit/537.36 (KHTML, like Gecko) Chrome/36.0.1985.125 Safari/537.36"
SyntaxError: Unexpected identifier
    at Object.Function (<anonymous>)
    at compile (/usr/local/lib/node_modules/geddy/lib/template/engines/ejs.js:88:10)
    at ejs.compile (/usr/local/lib/node_modules/geddy/lib/template/engines/ejs.js:25:18)
    at ejs.compile (/usr/local/lib/node_modules/geddy/lib/template/adapters/ejs.js:24:22)
    at Adapter.compile (/usr/local/lib/node_modules/geddy/lib/template/adapters/index.js:138:35)
    at Adapter.render (/usr/local/lib/node_modules/geddy/lib/template/adapters/index.js:159:42)
    at Partial.renderSelf (/usr/local/lib/node_modules/geddy/lib/template/partial.js:130:36)
    at handleData (/usr/local/lib/node_modules/geddy/lib/template/partial.js:99:16)
    at /usr/local/lib/node_modules/geddy/lib/template/partial.js:117:9
    at fs.js:266:14
[Mon, 28 Jul 2014 19:43:55 GMT] ERROR 127.0.0.1 - - [Mon Jul 28 2014 15:43:55 GMT-0400 (EDT)] "GET /soccer 1.1" 500 1767 "-" "Mozilla/5.0 (Macintosh; Intel Mac OS X 10_9_4) AppleWebKit/537.36 (KHTML, like Gecko) Chrome/36.0.1985.125 Safari/537.36"
SyntaxError: Unexpected identifier
    at Object.Function (<anonymous>)
    at compile (/usr/local/lib/node_modules/geddy/lib/template/engines/ejs.js:88:10)
    at ejs.compile (/usr/local/lib/node_modules/geddy/lib/template/engines/ejs.js:25:18)
    at ejs.compile (/usr/local/lib/node_modules/geddy/lib/template/adapters/ejs.js:24:22)
    at Adapter.compile (/usr/local/lib/node_modules/geddy/lib/template/adapters/index.js:138:35)
    at Adapter.render (/usr/local/lib/node_modules/geddy/lib/template/adapters/index.js:159:42)
    at Partial.renderSelf (/usr/local/lib/node_modules/geddy/lib/template/partial.js:130:36)
    at handleData (/usr/local/lib/node_modules/geddy/lib/template/partial.js:99:16)
    at /usr/local/lib/node_modules/geddy/lib/template/partial.js:117:9
    at fs.js:266:14
[Mon, 28 Jul 2014 19:55:26 GMT] ERROR Worker 2382 died.
[Mon, 28 Jul 2014 20:00:43 GMT] ERROR 127.0.0.1 - - [Mon Jul 28 2014 16:00:43 GMT-0400 (EDT)] "GET /soccer 1.1" 500 2239 "-" "Mozilla/5.0 (Macintosh; Intel Mac OS X 10_9_4) AppleWebKit/537.36 (KHTML, like Gecko) Chrome/36.0.1985.125 Safari/537.36"
ReferenceError: ejs:14
    12| 				<%= gameData.home.total.shotOnGoal%>(<%= gameData.home.score %>)
    13| 			</td>
 >> 14| 			<td><%= getBundle('english')['shotsOnGoal']%></td>
    15| 			<td id="stats-away-total-shotOnGoal">
    16| 				<%= gameData.away.total.shotOnGoal%>(<%= gameData.away.score %>)
    17| 			</td>
a is not defined
    at handleErr (/usr/local/lib/node_modules/geddy/lib/template/engines/ejs.js:58:15)
    at Object.rethrow (/usr/local/lib/node_modules/geddy/lib/template/engines/ejs.js:90:41)
    at eval (eval at <anonymous> (/usr/local/lib/node_modules/geddy/lib/template/engines/ejs.js:88:10), <anonymous>:2:2206)
    at /usr/local/lib/node_modules/geddy/lib/template/engines/ejs.js:101:17
    at ejs.render (/usr/local/lib/node_modules/geddy/lib/template/adapters/ejs.js:28:10)
    at Adapter.render (/usr/local/lib/node_modules/geddy/lib/template/adapters/index.js:159:24)
    at Partial.renderSelf (/usr/local/lib/node_modules/geddy/lib/template/partial.js:130:36)
    at handleData (/usr/local/lib/node_modules/geddy/lib/template/partial.js:99:16)
    at /usr/local/lib/node_modules/geddy/lib/template/partial.js:117:9
    at fs.js:266:14
