[Mon, 28 Jul 2014 20:00:52 GMT] ERROR 127.0.0.1 - - [Mon Jul 28 2014 16:00:52 GMT-0400 (EDT)] "GET /soccer 1.1" 500 2239 "-" "Mozilla/5.0 (Macintosh; Intel Mac OS X 10_9_4) AppleWebKit/537.36 (KHTML, like Gecko) Chrome/36.0.1985.125 Safari/537.36"
ReferenceError: ejs:14
    12| 				<%= gameData.home.total.shotOnGoal%>(<%= gameData.home.score %>)
    13| 			</td>
 >> 14| 			<td><%= getBundle('english')['shotsOnGoal']%></td>
    15| 			<td id="stats-away-total-shotOnGoal">
    16| 				<%= gameData.away.total.shotOnGoal%>(<%= gameData.away.score %>)
    17| 			</td>
a is not defined
    at handleErr (/usr/local/lib/node_modules/geddy/lib/template/engines/ejs.js:58:15)
    at Object.rethrow (/usr/local/lib/node_modules/geddy/lib/template/engines/ejs.js:90:41)
    at eval (eval at <anonymous> (/usr/local/lib/node_modules/geddy/lib/template/engines/ejs.js:88:10), <anonymous>:2:2206)
    at /usr/local/lib/node_modules/geddy/lib/template/engines/ejs.js:101:17
    at ejs.render (/usr/local/lib/node_modules/geddy/lib/template/adapters/ejs.js:28:10)
    at Adapter.render (/usr/local/lib/node_modules/geddy/lib/template/adapters/index.js:159:24)
    at Partial.renderSelf (/usr/local/lib/node_modules/geddy/lib/template/partial.js:130:36)
    at handleData (/usr/local/lib/node_modules/geddy/lib/template/partial.js:99:16)
    at /usr/local/lib/node_modules/geddy/lib/template/partial.js:117:9
    at fs.js:266:14
[Mon, 28 Jul 2014 20:01:23 GMT] ERROR 127.0.0.1 - - [Mon Jul 28 2014 16:01:23 GMT-0400 (EDT)] "GET /soccer 1.1" 500 2239 "-" "Mozilla/5.0 (Macintosh; Intel Mac OS X 10_9_4) AppleWebKit/537.36 (KHTML, like Gecko) Chrome/36.0.1985.125 Safari/537.36"
ReferenceError: ejs:14
    12| 				<%= gameData.home.total.shotOnGoal%>(<%= gameData.home.score %>)
    13| 			</td>
 >> 14| 			<td><%= getBundle('english')['shotsOnGoal']%></td>
    15| 			<td id="stats-away-total-shotOnGoal">
    16| 				<%= gameData.away.total.shotOnGoal%>(<%= gameData.away.score %>)
    17| 			</td>
a is not defined
    at handleErr (/usr/local/lib/node_modules/geddy/lib/template/engines/ejs.js:58:15)
    at Object.rethrow (/usr/local/lib/node_modules/geddy/lib/template/engines/ejs.js:90:41)
    at eval (eval at <anonymous> (/usr/local/lib/node_modules/geddy/lib/template/engines/ejs.js:88:10), <anonymous>:2:2206)
    at /usr/local/lib/node_modules/geddy/lib/template/engines/ejs.js:101:17
    at ejs.render (/usr/local/lib/node_modules/geddy/lib/template/adapters/ejs.js:28:10)
    at Adapter.render (/usr/local/lib/node_modules/geddy/lib/template/adapters/index.js:159:24)
    at Partial.renderSelf (/usr/local/lib/node_modules/geddy/lib/template/partial.js:130:36)
    at handleData (/usr/local/lib/node_modules/geddy/lib/template/partial.js:99:16)
    at /usr/local/lib/node_modules/geddy/lib/template/partial.js:117:9
    at fs.js:266:14
[Mon, 28 Jul 2014 20:02:00 GMT] ERROR 127.0.0.1 - - [Mon Jul 28 2014 16:02:00 GMT-0400 (EDT)] "GET /soccer 1.1" 500 2217 "-" "Mozilla/5.0 (Macintosh; Intel Mac OS X 10_9_4) AppleWebKit/537.36 (KHTML, like Gecko) Chrome/36.0.1985.125 Safari/537.36"
ReferenceError: ejs:14
    12| 				<%= gameData.home.total.shotOnGoal%>(<%= gameData.home.score %>)
    13| 			</td>
 >> 14| 			<td><%= getBundle('english') %></td>
    15| 			<td id="stats-away-total-shotOnGoal">
    16| 				<%= gameData.away.total.shotOnGoal%>(<%= gameData.away.score %>)
    17| 			</td>
a is not defined
    at handleErr (/usr/local/lib/node_modules/geddy/lib/template/engines/ejs.js:58:15)
    at Object.rethrow (/usr/local/lib/node_modules/geddy/lib/template/engines/ejs.js:90:41)
    at eval (eval at <anonymous> (/usr/local/lib/node_modules/geddy/lib/template/engines/ejs.js:88:10), <anonymous>:2:2192)
    at /usr/local/lib/node_modules/geddy/lib/template/engines/ejs.js:101:17
    at ejs.render (/usr/local/lib/node_modules/geddy/lib/template/adapters/ejs.js:28:10)
    at Adapter.render (/usr/local/lib/node_modules/geddy/lib/template/adapters/index.js:159:24)
    at Partial.renderSelf (/usr/local/lib/node_modules/geddy/lib/template/partial.js:130:36)
    at handleData (/usr/local/lib/node_modules/geddy/lib/template/partial.js:99:16)
    at /usr/local/lib/node_modules/geddy/lib/template/partial.js:117:9
    at fs.js:266:14
[Mon, 28 Jul 2014 20:03:09 GMT] ERROR 127.0.0.1 - - [Mon Jul 28 2014 16:03:09 GMT-0400 (EDT)] "GET /soccer 1.1" 500 1926 "-" "Mozilla/5.0 (Macintosh; Intel Mac OS X 10_9_4) AppleWebKit/537.36 (KHTML, like Gecko) Chrome/36.0.1985.125 Safari/537.36"
ReferenceError: a is not defined
    at Object.getBundle (/Users/lbacker/Documents/nodeapps/sportsdataviewer/app/helpers/rb.js:26:47)
    at index (/Users/lbacker/Documents/nodeapps/sportsdataviewer/app/controllers/soccer.js:26:32)
    at callback (/usr/local/lib/node_modules/geddy/lib/controller/base_controller.js:315:24)
    at controller.BaseController._handleAction (/usr/local/lib/node_modules/geddy/lib/controller/base_controller.js:329:7)
    at cb [as callback] (/usr/local/lib/node_modules/geddy/lib/app/index.js:106:36)
    at async.Initializer.complete (/usr/local/lib/node_modules/geddy/node_modules/utilities/lib/async.js:293:10)
    at /usr/local/lib/node_modules/geddy/lib/app/index.js:117:21
    at /usr/local/lib/node_modules/geddy/lib/controller/init.js:103:9
    at localCallback (/usr/local/lib/node_modules/geddy/lib/sessions/index.js:92:9)
    at Filesystem.read (/usr/local/lib/node_modules/geddy/lib/sessions/stores/filesystem.js:53:5)
[Mon, 28 Jul 2014 20:03:35 GMT] ERROR 127.0.0.1 - - [Mon Jul 28 2014 16:03:35 GMT-0400 (EDT)] "GET /soccer 1.1" 500 1926 "-" "Mozilla/5.0 (Macintosh; Intel Mac OS X 10_9_4) AppleWebKit/537.36 (KHTML, like Gecko) Chrome/36.0.1985.125 Safari/537.36"
ReferenceError: a is not defined
    at Object.getBundle (/Users/lbacker/Documents/nodeapps/sportsdataviewer/app/helpers/rb.js:26:47)
    at index (/Users/lbacker/Documents/nodeapps/sportsdataviewer/app/controllers/soccer.js:26:32)
    at callback (/usr/local/lib/node_modules/geddy/lib/controller/base_controller.js:315:24)
    at controller.BaseController._handleAction (/usr/local/lib/node_modules/geddy/lib/controller/base_controller.js:329:7)
    at cb [as callback] (/usr/local/lib/node_modules/geddy/lib/app/index.js:106:36)
    at async.Initializer.complete (/usr/local/lib/node_modules/geddy/node_modules/utilities/lib/async.js:293:10)
    at /usr/local/lib/node_modules/geddy/lib/app/index.js:117:21
    at /usr/local/lib/node_modules/geddy/lib/controller/init.js:103:9
    at localCallback (/usr/local/lib/node_modules/geddy/lib/sessions/index.js:92:9)
    at Filesystem.read (/usr/local/lib/node_modules/geddy/lib/sessions/stores/filesystem.js:53:5)
