[Tue, 29 Jul 2014 18:36:00 GMT] ERROR 127.0.0.1 - - [Tue Jul 29 2014 14:36:00 GMT-0400 (EDT)] "GET /soccer 1.1" 500 1811 "-" "Mozilla/5.0 (Macintosh; Intel Mac OS X 10_9_4) AppleWebKit/537.36 (KHTML, like Gecko) Chrome/36.0.1985.125 Safari/537.36"
SyntaxError: Unexpected identifier
    at Object.Function (<anonymous>)
    at compile (/usr/local/lib/node_modules/geddy/lib/template/engines/ejs.js:88:10)
    at ejs.compile (/usr/local/lib/node_modules/geddy/lib/template/engines/ejs.js:25:18)
    at ejs.compile (/usr/local/lib/node_modules/geddy/lib/template/adapters/ejs.js:24:22)
    at Adapter.compile (/usr/local/lib/node_modules/geddy/lib/template/adapters/index.js:138:35)
    at Adapter.render (/usr/local/lib/node_modules/geddy/lib/template/adapters/index.js:159:42)
    at Partial.renderSelf (/usr/local/lib/node_modules/geddy/lib/template/partial.js:130:36)
    at handleData (/usr/local/lib/node_modules/geddy/lib/template/partial.js:99:16)
    at /usr/local/lib/node_modules/geddy/lib/template/partial.js:117:9
    at fs.js:266:14
[Tue, 29 Jul 2014 18:36:24 GMT] ERROR 127.0.0.1 - - [Tue Jul 29 2014 14:36:24 GMT-0400 (EDT)] "GET /soccer 1.1" 500 1811 "-" "Mozilla/5.0 (Macintosh; Intel Mac OS X 10_9_4) AppleWebKit/537.36 (KHTML, like Gecko) Chrome/36.0.1985.125 Safari/537.36"
SyntaxError: Unexpected identifier
    at Object.Function (<anonymous>)
    at compile (/usr/local/lib/node_modules/geddy/lib/template/engines/ejs.js:88:10)
    at ejs.compile (/usr/local/lib/node_modules/geddy/lib/template/engines/ejs.js:25:18)
    at ejs.compile (/usr/local/lib/node_modules/geddy/lib/template/adapters/ejs.js:24:22)
    at Adapter.compile (/usr/local/lib/node_modules/geddy/lib/template/adapters/index.js:138:35)
    at Adapter.render (/usr/local/lib/node_modules/geddy/lib/template/adapters/index.js:159:42)
    at Partial.renderSelf (/usr/local/lib/node_modules/geddy/lib/template/partial.js:130:36)
    at handleData (/usr/local/lib/node_modules/geddy/lib/template/partial.js:99:16)
    at /usr/local/lib/node_modules/geddy/lib/template/partial.js:117:9
    at fs.js:266:14
[Tue, 29 Jul 2014 18:36:27 GMT] ERROR 127.0.0.1 - - [Tue Jul 29 2014 14:36:27 GMT-0400 (EDT)] "GET /soccer 1.1" 500 1811 "-" "Mozilla/5.0 (Macintosh; Intel Mac OS X 10_9_4) AppleWebKit/537.36 (KHTML, like Gecko) Chrome/36.0.1985.125 Safari/537.36"
SyntaxError: Unexpected identifier
    at Object.Function (<anonymous>)
    at compile (/usr/local/lib/node_modules/geddy/lib/template/engines/ejs.js:88:10)
    at ejs.compile (/usr/local/lib/node_modules/geddy/lib/template/engines/ejs.js:25:18)
    at ejs.compile (/usr/local/lib/node_modules/geddy/lib/template/adapters/ejs.js:24:22)
    at Adapter.compile (/usr/local/lib/node_modules/geddy/lib/template/adapters/index.js:138:35)
    at Adapter.render (/usr/local/lib/node_modules/geddy/lib/template/adapters/index.js:159:42)
    at Partial.renderSelf (/usr/local/lib/node_modules/geddy/lib/template/partial.js:130:36)
    at handleData (/usr/local/lib/node_modules/geddy/lib/template/partial.js:99:16)
    at /usr/local/lib/node_modules/geddy/lib/template/partial.js:117:9
    at fs.js:266:14
[Tue, 29 Jul 2014 18:36:35 GMT] ERROR 127.0.0.1 - - [Tue Jul 29 2014 14:36:35 GMT-0400 (EDT)] "GET /soccer 1.1" 500 1811 "-" "Mozilla/5.0 (Macintosh; Intel Mac OS X 10_9_4) AppleWebKit/537.36 (KHTML, like Gecko) Chrome/36.0.1985.125 Safari/537.36"
SyntaxError: Unexpected identifier
    at Object.Function (<anonymous>)
    at compile (/usr/local/lib/node_modules/geddy/lib/template/engines/ejs.js:88:10)
    at ejs.compile (/usr/local/lib/node_modules/geddy/lib/template/engines/ejs.js:25:18)
    at ejs.compile (/usr/local/lib/node_modules/geddy/lib/template/adapters/ejs.js:24:22)
    at Adapter.compile (/usr/local/lib/node_modules/geddy/lib/template/adapters/index.js:138:35)
    at Adapter.render (/usr/local/lib/node_modules/geddy/lib/template/adapters/index.js:159:42)
    at Partial.renderSelf (/usr/local/lib/node_modules/geddy/lib/template/partial.js:130:36)
    at handleData (/usr/local/lib/node_modules/geddy/lib/template/partial.js:99:16)
    at /usr/local/lib/node_modules/geddy/lib/template/partial.js:117:9
    at fs.js:266:14
[Tue, 29 Jul 2014 18:36:37 GMT] ERROR 127.0.0.1 - - [Tue Jul 29 2014 14:36:37 GMT-0400 (EDT)] "GET /soccer 1.1" 500 1811 "-" "Mozilla/5.0 (Macintosh; Intel Mac OS X 10_9_4) AppleWebKit/537.36 (KHTML, like Gecko) Chrome/36.0.1985.125 Safari/537.36"
SyntaxError: Unexpected identifier
    at Object.Function (<anonymous>)
    at compile (/usr/local/lib/node_modules/geddy/lib/template/engines/ejs.js:88:10)
    at ejs.compile (/usr/local/lib/node_modules/geddy/lib/template/engines/ejs.js:25:18)
    at ejs.compile (/usr/local/lib/node_modules/geddy/lib/template/adapters/ejs.js:24:22)
    at Adapter.compile (/usr/local/lib/node_modules/geddy/lib/template/adapters/index.js:138:35)
    at Adapter.render (/usr/local/lib/node_modules/geddy/lib/template/adapters/index.js:159:42)
    at Partial.renderSelf (/usr/local/lib/node_modules/geddy/lib/template/partial.js:130:36)
    at handleData (/usr/local/lib/node_modules/geddy/lib/template/partial.js:99:16)
    at /usr/local/lib/node_modules/geddy/lib/template/partial.js:117:9
    at fs.js:266:14
[Tue, 29 Jul 2014 18:36:48 GMT] ERROR 127.0.0.1 - - [Tue Jul 29 2014 14:36:48 GMT-0400 (EDT)] "GET /soccer 1.1" 500 1811 "-" "Mozilla/5.0 (Macintosh; Intel Mac OS X 10_9_4) AppleWebKit/537.36 (KHTML, like Gecko) Chrome/36.0.1985.125 Safari/537.36"
SyntaxError: Unexpected identifier
    at Object.Function (<anonymous>)
    at compile (/usr/local/lib/node_modules/geddy/lib/template/engines/ejs.js:88:10)
    at ejs.compile (/usr/local/lib/node_modules/geddy/lib/template/engines/ejs.js:25:18)
    at ejs.compile (/usr/local/lib/node_modules/geddy/lib/template/adapters/ejs.js:24:22)
    at Adapter.compile (/usr/local/lib/node_modules/geddy/lib/template/adapters/index.js:138:35)
    at Adapter.render (/usr/local/lib/node_modules/geddy/lib/template/adapters/index.js:159:42)
    at Partial.renderSelf (/usr/local/lib/node_modules/geddy/lib/template/partial.js:130:36)
    at handleData (/usr/local/lib/node_modules/geddy/lib/template/partial.js:99:16)
    at /usr/local/lib/node_modules/geddy/lib/template/partial.js:117:9
    at fs.js:266:14
[Tue, 29 Jul 2014 18:36:49 GMT] ERROR 127.0.0.1 - - [Tue Jul 29 2014 14:36:49 GMT-0400 (EDT)] "GET /soccer 1.1" 500 1811 "-" "Mozilla/5.0 (Macintosh; Intel Mac OS X 10_9_4) AppleWebKit/537.36 (KHTML, like Gecko) Chrome/36.0.1985.125 Safari/537.36"
SyntaxError: Unexpected identifier
    at Object.Function (<anonymous>)
    at compile (/usr/local/lib/node_modules/geddy/lib/template/engines/ejs.js:88:10)
    at ejs.compile (/usr/local/lib/node_modules/geddy/lib/template/engines/ejs.js:25:18)
    at ejs.compile (/usr/local/lib/node_modules/geddy/lib/template/adapters/ejs.js:24:22)
    at Adapter.compile (/usr/local/lib/node_modules/geddy/lib/template/adapters/index.js:138:35)
    at Adapter.render (/usr/local/lib/node_modules/geddy/lib/template/adapters/index.js:159:42)
    at Partial.renderSelf (/usr/local/lib/node_modules/geddy/lib/template/partial.js:130:36)
    at handleData (/usr/local/lib/node_modules/geddy/lib/template/partial.js:99:16)
    at /usr/local/lib/node_modules/geddy/lib/template/partial.js:117:9
    at fs.js:266:14
[Tue, 29 Jul 2014 18:37:20 GMT] ERROR 127.0.0.1 - - [Tue Jul 29 2014 14:37:20 GMT-0400 (EDT)] "GET /soccer 1.1" 500 1811 "-" "Mozilla/5.0 (Macintosh; Intel Mac OS X 10_9_4) AppleWebKit/537.36 (KHTML, like Gecko) Chrome/36.0.1985.125 Safari/537.36"
SyntaxError: Unexpected identifier
    at Object.Function (<anonymous>)
    at compile (/usr/local/lib/node_modules/geddy/lib/template/engines/ejs.js:88:10)
    at ejs.compile (/usr/local/lib/node_modules/geddy/lib/template/engines/ejs.js:25:18)
    at ejs.compile (/usr/local/lib/node_modules/geddy/lib/template/adapters/ejs.js:24:22)
    at Adapter.compile (/usr/local/lib/node_modules/geddy/lib/template/adapters/index.js:138:35)
    at Adapter.render (/usr/local/lib/node_modules/geddy/lib/template/adapters/index.js:159:42)
    at Partial.renderSelf (/usr/local/lib/node_modules/geddy/lib/template/partial.js:130:36)
    at handleData (/usr/local/lib/node_modules/geddy/lib/template/partial.js:99:16)
    at /usr/local/lib/node_modules/geddy/lib/template/partial.js:117:9
    at fs.js:266:14
[Tue, 29 Jul 2014 18:37:40 GMT] ERROR 127.0.0.1 - - [Tue Jul 29 2014 14:37:40 GMT-0400 (EDT)] "GET /soccer 1.1" 500 2217 "-" "Mozilla/5.0 (Macintosh; Intel Mac OS X 10_9_4) AppleWebKit/537.36 (KHTML, like Gecko) Chrome/36.0.1985.125 Safari/537.36"
ReferenceError: ejs:16
    14| 
    15| 
 >> 16| <% if (1 = 1){ 
    17| 	 partial('scoreboard', {gameData: gameData.stat, params: params}); 
    18| 	 partial('timeline', {gameData: gameData.stat, params: params});
    19| 	 partial('game-overview', {gameData: gameData.stat, params: params}); 
Invalid left-hand side in assignment
    at handleErr (/usr/local/lib/node_modules/geddy/lib/template/engines/ejs.js:58:15)
    at Object.rethrow (/usr/local/lib/node_modules/geddy/lib/template/engines/ejs.js:90:41)
    at eval (eval at <anonymous> (/usr/local/lib/node_modules/geddy/lib/template/engines/ejs.js:88:10), <anonymous>:18:40)
    at /usr/local/lib/node_modules/geddy/lib/template/engines/ejs.js:101:17
    at ejs.render (/usr/local/lib/node_modules/geddy/lib/template/adapters/ejs.js:28:10)
    at Adapter.render (/usr/local/lib/node_modules/geddy/lib/template/adapters/index.js:159:24)
    at Partial.renderSelf (/usr/local/lib/node_modules/geddy/lib/template/partial.js:130:36)
    at handleData (/usr/local/lib/node_modules/geddy/lib/template/partial.js:99:16)
    at /usr/local/lib/node_modules/geddy/lib/template/partial.js:117:9
    at fs.js:266:14
[Tue, 29 Jul 2014 18:37:48 GMT] ERROR 127.0.0.1 - - [Tue Jul 29 2014 14:37:48 GMT-0400 (EDT)] "GET /soccer 1.1" 500 1809 "-" "Mozilla/5.0 (Macintosh; Intel Mac OS X 10_9_4) AppleWebKit/537.36 (KHTML, like Gecko) Chrome/36.0.1985.125 Safari/537.36"
SyntaxError: Unexpected token if
    at Object.Function (<anonymous>)
    at compile (/usr/local/lib/node_modules/geddy/lib/template/engines/ejs.js:88:10)
    at ejs.compile (/usr/local/lib/node_modules/geddy/lib/template/engines/ejs.js:25:18)
    at ejs.compile (/usr/local/lib/node_modules/geddy/lib/template/adapters/ejs.js:24:22)
    at Adapter.compile (/usr/local/lib/node_modules/geddy/lib/template/adapters/index.js:138:35)
    at Adapter.render (/usr/local/lib/node_modules/geddy/lib/template/adapters/index.js:159:42)
    at Partial.renderSelf (/usr/local/lib/node_modules/geddy/lib/template/partial.js:130:36)
    at handleData (/usr/local/lib/node_modules/geddy/lib/template/partial.js:99:16)
    at /usr/local/lib/node_modules/geddy/lib/template/partial.js:117:9
    at fs.js:266:14
[Tue, 29 Jul 2014 18:37:52 GMT] ERROR 127.0.0.1 - - [Tue Jul 29 2014 14:37:52 GMT-0400 (EDT)] "GET /soccer 1.1" 500 1809 "-" "Mozilla/5.0 (Macintosh; Intel Mac OS X 10_9_4) AppleWebKit/537.36 (KHTML, like Gecko) Chrome/36.0.1985.125 Safari/537.36"
SyntaxError: Unexpected token if
    at Object.Function (<anonymous>)
    at compile (/usr/local/lib/node_modules/geddy/lib/template/engines/ejs.js:88:10)
    at ejs.compile (/usr/local/lib/node_modules/geddy/lib/template/engines/ejs.js:25:18)
    at ejs.compile (/usr/local/lib/node_modules/geddy/lib/template/adapters/ejs.js:24:22)
    at Adapter.compile (/usr/local/lib/node_modules/geddy/lib/template/adapters/index.js:138:35)
    at Adapter.render (/usr/local/lib/node_modules/geddy/lib/template/adapters/index.js:159:42)
    at Partial.renderSelf (/usr/local/lib/node_modules/geddy/lib/template/partial.js:130:36)
    at handleData (/usr/local/lib/node_modules/geddy/lib/template/partial.js:99:16)
    at /usr/local/lib/node_modules/geddy/lib/template/partial.js:117:9
    at fs.js:266:14
[Tue, 29 Jul 2014 18:37:54 GMT] ERROR 127.0.0.1 - - [Tue Jul 29 2014 14:37:54 GMT-0400 (EDT)] "GET /soccer 1.1" 500 1809 "-" "Mozilla/5.0 (Macintosh; Intel Mac OS X 10_9_4) AppleWebKit/537.36 (KHTML, like Gecko) Chrome/36.0.1985.125 Safari/537.36"
SyntaxError: Unexpected token if
    at Object.Function (<anonymous>)
    at compile (/usr/local/lib/node_modules/geddy/lib/template/engines/ejs.js:88:10)
    at ejs.compile (/usr/local/lib/node_modules/geddy/lib/template/engines/ejs.js:25:18)
    at ejs.compile (/usr/local/lib/node_modules/geddy/lib/template/adapters/ejs.js:24:22)
    at Adapter.compile (/usr/local/lib/node_modules/geddy/lib/template/adapters/index.js:138:35)
    at Adapter.render (/usr/local/lib/node_modules/geddy/lib/template/adapters/index.js:159:42)
    at Partial.renderSelf (/usr/local/lib/node_modules/geddy/lib/template/partial.js:130:36)
    at handleData (/usr/local/lib/node_modules/geddy/lib/template/partial.js:99:16)
    at /usr/local/lib/node_modules/geddy/lib/template/partial.js:117:9
    at fs.js:266:14
[Tue, 29 Jul 2014 18:38:50 GMT] ERROR 127.0.0.1 - - [Tue Jul 29 2014 14:38:50 GMT-0400 (EDT)] "GET /soccer 1.1" 500 2170 "-" "Mozilla/5.0 (Macintosh; Intel Mac OS X 10_9_4) AppleWebKit/537.36 (KHTML, like Gecko) Chrome/36.0.1985.125 Safari/537.36"
ReferenceError: ejs:14
    12| %>
    13| 
 >> 14| <% if (1 = 1){}%>
    15| 
    16| <%= partial('scoreboard', {gameData: gameData.stat, params: params}); %>
    17| <%= partial('timeline', {gameData: gameData.stat, params: params}); %>
Invalid left-hand side in assignment
    at handleErr (/usr/local/lib/node_modules/geddy/lib/template/engines/ejs.js:58:15)
    at Object.rethrow (/usr/local/lib/node_modules/geddy/lib/template/engines/ejs.js:90:41)
    at eval (eval at <anonymous> (/usr/local/lib/node_modules/geddy/lib/template/engines/ejs.js:88:10), <anonymous>:13:621)
    at /usr/local/lib/node_modules/geddy/lib/template/engines/ejs.js:101:17
    at ejs.render (/usr/local/lib/node_modules/geddy/lib/template/adapters/ejs.js:28:10)
    at Adapter.render (/usr/local/lib/node_modules/geddy/lib/template/adapters/index.js:159:24)
    at Partial.renderSelf (/usr/local/lib/node_modules/geddy/lib/template/partial.js:130:36)
    at handleData (/usr/local/lib/node_modules/geddy/lib/template/partial.js:99:16)
    at /usr/local/lib/node_modules/geddy/lib/template/partial.js:117:9
    at fs.js:266:14
[Tue, 29 Jul 2014 18:39:04 GMT] ERROR 127.0.0.1 - - [Tue Jul 29 2014 14:39:04 GMT-0400 (EDT)] "GET /soccer 1.1" 500 2182 "-" "Mozilla/5.0 (Macintosh; Intel Mac OS X 10_9_4) AppleWebKit/537.36 (KHTML, like Gecko) Chrome/36.0.1985.125 Safari/537.36"
ReferenceError: ejs:14
    12| %>
    13| 
 >> 14| <% if (1 = 1){var foo = 1} %>
    15| 
    16| <%= partial('scoreboard', {gameData: gameData.stat, params: params}); %>
    17| <%= partial('timeline', {gameData: gameData.stat, params: params}); %>
Invalid left-hand side in assignment
    at handleErr (/usr/local/lib/node_modules/geddy/lib/template/engines/ejs.js:58:15)
    at Object.rethrow (/usr/local/lib/node_modules/geddy/lib/template/engines/ejs.js:90:41)
    at eval (eval at <anonymous> (/usr/local/lib/node_modules/geddy/lib/template/engines/ejs.js:88:10), <anonymous>:13:633)
    at /usr/local/lib/node_modules/geddy/lib/template/engines/ejs.js:101:17
    at ejs.render (/usr/local/lib/node_modules/geddy/lib/template/adapters/ejs.js:28:10)
    at Adapter.render (/usr/local/lib/node_modules/geddy/lib/template/adapters/index.js:159:24)
    at Partial.renderSelf (/usr/local/lib/node_modules/geddy/lib/template/partial.js:130:36)
    at handleData (/usr/local/lib/node_modules/geddy/lib/template/partial.js:99:16)
    at /usr/local/lib/node_modules/geddy/lib/template/partial.js:117:9
    at fs.js:266:14
[Tue, 29 Jul 2014 18:42:15 GMT] ERROR 127.0.0.1 - - [Tue Jul 29 2014 14:42:15 GMT-0400 (EDT)] "GET /soccer/squad?language=undefined 1.1" 500 2366 "-" "Mozilla/5.0 (Macintosh; Intel Mac OS X 10_9_4) AppleWebKit/537.36 (KHTML, like Gecko) Chrome/36.0.1985.125 Safari/537.36"
TypeError: ejs:12
    10| **************************************************************************** */
    11| %><div class='testRoster2'>
 >> 12| <h2 class='flag <%= squad.teamMetadata.abbreviation.toLowerCase() %>'>
    13| 	<%= getCountry(params.language)[squad.team.name.toLowerCase()] %>
    14| </h2>
    15| <% if(squad.team.nickName.length){ /* do we have a nickname to display? */ %>
Cannot read property 'abbreviation' of undefined
    at handleErr (/usr/local/lib/node_modules/geddy/lib/template/engines/ejs.js:58:15)
    at Object.rethrow (/usr/local/lib/node_modules/geddy/lib/template/engines/ejs.js:90:41)
    at eval (eval at <anonymous> (/usr/local/lib/node_modules/geddy/lib/template/engines/ejs.js:88:10), <anonymous>:40:249)
    at /usr/local/lib/node_modules/geddy/lib/template/engines/ejs.js:101:17
    at ejs.render (/usr/local/lib/node_modules/geddy/lib/template/adapters/ejs.js:28:10)
    at Adapter.render (/usr/local/lib/node_modules/geddy/lib/template/adapters/index.js:159:24)
    at Partial.renderSelf (/usr/local/lib/node_modules/geddy/lib/template/partial.js:130:36)
    at handleData (/usr/local/lib/node_modules/geddy/lib/template/partial.js:99:16)
    at /usr/local/lib/node_modules/geddy/lib/template/partial.js:117:9
    at fs.js:266:14
[Tue, 29 Jul 2014 18:48:06 GMT] ERROR 127.0.0.1 - - [Tue Jul 29 2014 14:48:06 GMT-0400 (EDT)] "GET /soccer?widget=commentary&language=french 1.1" 500 2272 "-" "Mozilla/5.0 (Macintosh; Intel Mac OS X 10_9_4) AppleWebKit/537.36 (KHTML, like Gecko) Chrome/36.0.1985.125 Safari/537.36"
ReferenceError: ejs:11
    9| %>
    10| <div class="commentary" id="initialCommentary">
 >> 11|   <% for( var i=0; i < commentary.length; i++ ) { %>
    12|   <div class="update<% if (i === 0){ %> current<% } %>">
    13|     <div class="time">
    14|       <%= commentary[i]['minute'] %>  
commentary is not defined
    at handleErr (/usr/local/lib/node_modules/geddy/lib/template/engines/ejs.js:58:15)
    at Object.rethrow (/usr/local/lib/node_modules/geddy/lib/template/engines/ejs.js:90:41)
    at eval (eval at <anonymous> (/usr/local/lib/node_modules/geddy/lib/template/engines/ejs.js:94:5), <anonymous>:10:731)
    at /usr/local/lib/node_modules/geddy/lib/template/engines/ejs.js:101:17
    at ejs.render (/usr/local/lib/node_modules/geddy/lib/template/adapters/ejs.js:28:10)
    at Adapter.render (/usr/local/lib/node_modules/geddy/lib/template/adapters/index.js:159:24)
    at Partial.renderSelf (/usr/local/lib/node_modules/geddy/lib/template/partial.js:130:36)
    at handleData (/usr/local/lib/node_modules/geddy/lib/template/partial.js:99:16)
    at /usr/local/lib/node_modules/geddy/lib/template/partial.js:117:9
    at fs.js:266:14
[Tue, 29 Jul 2014 18:48:17 GMT] ERROR 127.0.0.1 - - [Tue Jul 29 2014 14:48:17 GMT-0400 (EDT)] "GET /soccer?widget=commentary 1.1" 500 2272 "-" "Mozilla/5.0 (Macintosh; Intel Mac OS X 10_9_4) AppleWebKit/537.36 (KHTML, like Gecko) Chrome/36.0.1985.125 Safari/537.36"
ReferenceError: ejs:11
    9| %>
    10| <div class="commentary" id="initialCommentary">
 >> 11|   <% for( var i=0; i < commentary.length; i++ ) { %>
    12|   <div class="update<% if (i === 0){ %> current<% } %>">
    13|     <div class="time">
    14|       <%= commentary[i]['minute'] %>  
commentary is not defined
    at handleErr (/usr/local/lib/node_modules/geddy/lib/template/engines/ejs.js:58:15)
    at Object.rethrow (/usr/local/lib/node_modules/geddy/lib/template/engines/ejs.js:90:41)
    at eval (eval at <anonymous> (/usr/local/lib/node_modules/geddy/lib/template/engines/ejs.js:94:5), <anonymous>:10:731)
    at /usr/local/lib/node_modules/geddy/lib/template/engines/ejs.js:101:17
    at ejs.render (/usr/local/lib/node_modules/geddy/lib/template/adapters/ejs.js:28:10)
    at Adapter.render (/usr/local/lib/node_modules/geddy/lib/template/adapters/index.js:159:24)
    at Partial.renderSelf (/usr/local/lib/node_modules/geddy/lib/template/partial.js:130:36)
    at handleData (/usr/local/lib/node_modules/geddy/lib/template/partial.js:99:16)
    at /usr/local/lib/node_modules/geddy/lib/template/partial.js:117:9
    at fs.js:266:14
