[Wed, 30 Jul 2014 13:07:13 GMT] INFO Server starting with config: {
  "environment": "development",
  "workers": 1,
  "port": 4000,
  "spdy": null,
  "ssl": null,
  "detailedErrors": true,
  "flash": {
    "defaultClass": "alert",
    "inlineClasses": {
      "success": "alert alert-success",
      "alert": "alert",
      "error": "alert alert-error",
      "info": "alert alert-info"
    },
    "blockClasses": {
      "success": "alert alert-block alert-success",
      "alert": "alert alert-block",
      "error": "alert alert-block alert-error",
      "info": "alert alert-block alert-info"
    }
  },
  "debug": true,
  "rotateWorkers": false,
  "rotationWindow": 7200000,
  "rotationTimeout": 300000,
  "logDir": "/Users/lbacker/Documents/nodeapps/sportsdataviewer/log",
  "gracefulShutdownTimeout": 30000,
  "heartbeatInterval": 5000,
  "heartbeatWindow": 20000,
  "staticFilePath": "/Users/lbacker/Documents/nodeapps/sportsdataviewer/public",
  "assetHost": "",
  "assetBasePath": "/",
  "cacheControl": {
    "expires": {
      "default": 0
    }
  },
  "sessions": {
    "store": "filesystem",
    "key": "sid",
    "expiry": 1209600,
    "filename": "_session_store.json"
  },
  "cookieSessionKey": "sdata",
  "i18n": {
    "defaultLocale": "en-us",
    "loadPaths": [
      "/Users/lbacker/Documents/nodeapps/sportsdataviewer/config/locales"
    ]
  },
  "appName": "Soccer Data Viewing Application (development)",
  "hostname": null,
  "fullHostname": null,
  "connectCompatibility": false,
  "mailer": null,
  "generatedByVersion": "0.12.12",
  "jsonDirectory": "/Users/lbacker/Documents/nodeapps/sportsdataviewer/data/json/",
  "model": {
    "defaultAdapter": "filesystem"
  }
}
[Wed, 30 Jul 2014 13:07:13 GMT] INFO Creating 1 worker process.
[Wed, 30 Jul 2014 13:07:13 GMT] INFO Server worker running in development on port 4000 with a PID of: 6322
[Wed, 30 Jul 2014 13:07:28 GMT] INFO Code changed, killing 6322, cycling ...
[Wed, 30 Jul 2014 13:07:28 GMT] INFO Creating 1 worker process.
[Wed, 30 Jul 2014 13:07:28 GMT] INFO Server worker running in development on port 4000 with a PID of: 6327
[Wed, 30 Jul 2014 13:08:37 GMT] INFO Code changed, killing 6327, cycling ...
[Wed, 30 Jul 2014 13:08:37 GMT] INFO Creating 1 worker process.
[Wed, 30 Jul 2014 13:08:38 GMT] INFO Server worker running in development on port 4000 with a PID of: 6329
[Wed, 30 Jul 2014 13:09:10 GMT] INFO Code changed, killing 6329, cycling ...
[Wed, 30 Jul 2014 13:09:10 GMT] INFO Creating 1 worker process.
[Wed, 30 Jul 2014 13:09:10 GMT] INFO Server worker running in development on port 4000 with a PID of: 6333
[Wed, 30 Jul 2014 13:10:06 GMT] INFO Code changed, killing 6333, cycling ...
[Wed, 30 Jul 2014 13:10:06 GMT] INFO Creating 1 worker process.
[Wed, 30 Jul 2014 13:10:06 GMT] INFO Server worker running in development on port 4000 with a PID of: 6336
