[Thu, 31 Jul 2014 14:31:43 GMT] INFO Server starting with config: {
  "environment": "development",
  "workers": 1,
  "port": 4000,
  "spdy": null,
  "ssl": null,
  "detailedErrors": true,
  "flash": {
    "defaultClass": "alert",
    "inlineClasses": {
      "success": "alert alert-success",
      "alert": "alert",
      "error": "alert alert-error",
      "info": "alert alert-info"
    },
    "blockClasses": {
      "success": "alert alert-block alert-success",
      "alert": "alert alert-block",
      "error": "alert alert-block alert-error",
      "info": "alert alert-block alert-info"
    }
  },
  "debug": true,
  "rotateWorkers": false,
  "rotationWindow": 7200000,
  "rotationTimeout": 300000,
  "logDir": "/Users/lbacker/Documents/nodeapps/sportsdataviewer/log",
  "gracefulShutdownTimeout": 30000,
  "heartbeatInterval": 5000,
  "heartbeatWindow": 20000,
  "staticFilePath": "/Users/lbacker/Documents/nodeapps/sportsdataviewer/public",
  "assetHost": "",
  "assetBasePath": "/",
  "cacheControl": {
    "expires": {
      "default": 0
    }
  },
  "sessions": {
    "store": "filesystem",
    "key": "sid",
    "expiry": 1209600,
    "filename": "_session_store.json"
  },
  "cookieSessionKey": "sdata",
  "i18n": {
    "defaultLocale": "en-us",
    "loadPaths": [
      "/Users/lbacker/Documents/nodeapps/sportsdataviewer/config/locales"
    ]
  },
  "appName": "Soccer Data Viewing Application (development)",
  "hostname": null,
  "fullHostname": null,
  "connectCompatibility": false,
  "mailer": null,
  "generatedByVersion": "0.12.12",
  "jsonDirectory": "/Users/lbacker/Documents/nodeapps/sportsdataviewer/data/json/",
  "fayeClientURL": "http://54.83.5.149:8000/faye",
  "model": {
    "defaultAdapter": "filesystem"
  }
}
[Thu, 31 Jul 2014 14:31:43 GMT] INFO Creating 1 worker process.
[Thu, 31 Jul 2014 14:31:43 GMT] INFO Server worker running in development on port 4000 with a PID of: 2708
[Thu, 31 Jul 2014 14:32:29 GMT] INFO Code changed, killing 2708, cycling ...
[Thu, 31 Jul 2014 14:32:29 GMT] INFO Creating 1 worker process.
[Thu, 31 Jul 2014 14:32:30 GMT] INFO Server worker running in development on port 4000 with a PID of: 2711
[Thu, 31 Jul 2014 14:33:26 GMT] INFO Code changed, killing 2711, cycling ...
[Thu, 31 Jul 2014 14:33:26 GMT] INFO Creating 1 worker process.
[Thu, 31 Jul 2014 14:33:27 GMT] INFO Server worker running in development on port 4000 with a PID of: 2718
[Thu, 31 Jul 2014 14:33:55 GMT] INFO Code changed, killing 2718, cycling ...
[Thu, 31 Jul 2014 14:33:55 GMT] INFO Creating 1 worker process.
[Thu, 31 Jul 2014 14:33:56 GMT] INFO Server worker running in development on port 4000 with a PID of: 2720
[Thu, 31 Jul 2014 14:34:18 GMT] INFO Code changed, killing 2720, cycling ...
[Thu, 31 Jul 2014 14:34:18 GMT] INFO Creating 1 worker process.
[Thu, 31 Jul 2014 14:35:05 GMT] INFO Creating 1 worker process.
[Thu, 31 Jul 2014 14:35:05 GMT] INFO Server worker running in development on port 4000 with a PID of: 2724
