[Tue, 29 Jul 2014 01:05:09 GMT] INFO Server starting with config: {
  "environment": "development",
  "workers": 1,
  "port": 4000,
  "spdy": null,
  "ssl": null,
  "detailedErrors": true,
  "flash": {
    "defaultClass": "alert",
    "inlineClasses": {
      "success": "alert alert-success",
      "alert": "alert",
      "error": "alert alert-error",
      "info": "alert alert-info"
    },
    "blockClasses": {
      "success": "alert alert-block alert-success",
      "alert": "alert alert-block",
      "error": "alert alert-block alert-error",
      "info": "alert alert-block alert-info"
    }
  },
  "debug": true,
  "rotateWorkers": false,
  "rotationWindow": 7200000,
  "rotationTimeout": 300000,
  "logDir": "/Users/lbacker/Documents/nodeapps/sportsdataviewer/log",
  "gracefulShutdownTimeout": 30000,
  "heartbeatInterval": 5000,
  "heartbeatWindow": 20000,
  "staticFilePath": "/Users/lbacker/Documents/nodeapps/sportsdataviewer/public",
  "assetHost": "",
  "assetBasePath": "/",
  "cacheControl": {
    "expires": {
      "default": 0
    }
  },
  "sessions": {
    "store": "filesystem",
    "key": "sid",
    "expiry": 1209600,
    "filename": "_session_store.json"
  },
  "cookieSessionKey": "sdata",
  "i18n": {
    "defaultLocale": "en-us",
    "loadPaths": [
      "/Users/lbacker/Documents/nodeapps/sportsdataviewer/config/locales"
    ]
  },
  "appName": "Geddy App (development)",
  "hostname": null,
  "fullHostname": null,
  "connectCompatibility": false,
  "mailer": null,
  "generatedByVersion": "0.12.12",
  "jsonDirectory": "/Users/lbacker/Documents/nodeapps/sportsdataviewer/data/json/",
  "model": {
    "defaultAdapter": "filesystem"
  }
}
[Tue, 29 Jul 2014 01:05:09 GMT] INFO Creating 1 worker process.
[Tue, 29 Jul 2014 01:05:10 GMT] INFO Server worker running in development on port 4000 with a PID of: 3229
[Tue, 29 Jul 2014 13:20:05 GMT] INFO Code changed, killing 3229, cycling ...
[Tue, 29 Jul 2014 13:20:05 GMT] INFO Creating 1 worker process.
[Tue, 29 Jul 2014 13:20:05 GMT] INFO Server worker running in development on port 4000 with a PID of: 3503
[Tue, 29 Jul 2014 13:31:36 GMT] INFO Code changed, killing 3503, cycling ...
[Tue, 29 Jul 2014 13:31:36 GMT] INFO Creating 1 worker process.
[Tue, 29 Jul 2014 13:31:36 GMT] INFO Server worker running in development on port 4000 with a PID of: 3552
[Tue, 29 Jul 2014 13:31:38 GMT] INFO Code changed, killing 3552, cycling ...
[Tue, 29 Jul 2014 13:31:38 GMT] INFO Creating 1 worker process.
[Tue, 29 Jul 2014 13:31:38 GMT] INFO Server worker running in development on port 4000 with a PID of: 3554
[Tue, 29 Jul 2014 13:34:56 GMT] INFO Code changed, killing 3554, cycling ...
[Tue, 29 Jul 2014 13:34:56 GMT] INFO Creating 1 worker process.
[Tue, 29 Jul 2014 13:34:56 GMT] INFO Server worker running in development on port 4000 with a PID of: 3570
[Tue, 29 Jul 2014 13:35:03 GMT] INFO Code changed, killing 3570, cycling ...
[Tue, 29 Jul 2014 13:35:03 GMT] INFO Creating 1 worker process.
[Tue, 29 Jul 2014 13:35:03 GMT] INFO Server worker running in development on port 4000 with a PID of: 3573
[Tue, 29 Jul 2014 13:35:06 GMT] INFO Code changed, killing 3573, cycling ...
[Tue, 29 Jul 2014 13:35:06 GMT] INFO Creating 1 worker process.
[Tue, 29 Jul 2014 13:35:06 GMT] INFO Server worker running in development on port 4000 with a PID of: 3575
[Tue, 29 Jul 2014 13:35:10 GMT] INFO Code changed, killing 3575, cycling ...
[Tue, 29 Jul 2014 13:35:10 GMT] INFO Creating 1 worker process.
[Tue, 29 Jul 2014 13:35:10 GMT] INFO Server worker running in development on port 4000 with a PID of: 3578
[Tue, 29 Jul 2014 13:35:11 GMT] INFO Code changed, killing 3578, cycling ...
[Tue, 29 Jul 2014 13:35:11 GMT] INFO Creating 1 worker process.
[Tue, 29 Jul 2014 13:35:11 GMT] INFO Server worker running in development on port 4000 with a PID of: 3580
