[Mon, 28 Jul 2014 20:09:56 GMT] INFO Server starting with config: {
  "environment": "development",
  "workers": 1,
  "port": 4000,
  "spdy": null,
  "ssl": null,
  "detailedErrors": true,
  "flash": {
    "defaultClass": "alert",
    "inlineClasses": {
      "success": "alert alert-success",
      "alert": "alert",
      "error": "alert alert-error",
      "info": "alert alert-info"
    },
    "blockClasses": {
      "success": "alert alert-block alert-success",
      "alert": "alert alert-block",
      "error": "alert alert-block alert-error",
      "info": "alert alert-block alert-info"
    }
  },
  "debug": true,
  "rotateWorkers": false,
  "rotationWindow": 7200000,
  "rotationTimeout": 300000,
  "logDir": "/Users/lbacker/Documents/nodeapps/sportsdataviewer/log",
  "gracefulShutdownTimeout": 30000,
  "heartbeatInterval": 5000,
  "heartbeatWindow": 20000,
  "staticFilePath": "/Users/lbacker/Documents/nodeapps/sportsdataviewer/public",
  "assetHost": "",
  "assetBasePath": "/",
  "cacheControl": {
    "expires": {
      "default": 0
    }
  },
  "sessions": {
    "store": "filesystem",
    "key": "sid",
    "expiry": 1209600,
    "filename": "_session_store.json"
  },
  "cookieSessionKey": "sdata",
  "i18n": {
    "defaultLocale": "en-us",
    "loadPaths": [
      "/Users/lbacker/Documents/nodeapps/sportsdataviewer/config/locales"
    ]
  },
  "appName": "Geddy App (development)",
  "hostname": null,
  "fullHostname": null,
  "connectCompatibility": false,
  "mailer": null,
  "generatedByVersion": "0.12.12",
  "jsonDirectory": "/Users/lbacker/Documents/nodeapps/sportsdataviewer/data/json/",
  "model": {
    "defaultAdapter": "filesystem"
  }
}
[Mon, 28 Jul 2014 20:09:56 GMT] INFO Creating 1 worker process.
[Mon, 28 Jul 2014 20:09:56 GMT] INFO Server worker running in development on port 4000 with a PID of: 2496
[Mon, 28 Jul 2014 20:10:29 GMT] INFO Code changed, killing 2496, cycling ...
[Mon, 28 Jul 2014 20:10:29 GMT] INFO Creating 1 worker process.
[Mon, 28 Jul 2014 20:10:29 GMT] INFO Server worker running in development on port 4000 with a PID of: 2499
[Mon, 28 Jul 2014 20:10:35 GMT] INFO Code changed, killing 2499, cycling ...
[Mon, 28 Jul 2014 20:10:35 GMT] INFO Creating 1 worker process.
[Mon, 28 Jul 2014 20:10:35 GMT] INFO Server worker running in development on port 4000 with a PID of: 2501
[Mon, 28 Jul 2014 20:11:19 GMT] INFO Code changed, killing 2501, cycling ...
[Mon, 28 Jul 2014 20:11:19 GMT] INFO Creating 1 worker process.
[Mon, 28 Jul 2014 20:11:19 GMT] INFO Server worker running in development on port 4000 with a PID of: 2503
[Mon, 28 Jul 2014 20:11:33 GMT] INFO Code changed, killing 2503, cycling ...
[Mon, 28 Jul 2014 20:11:33 GMT] INFO Creating 1 worker process.
[Mon, 28 Jul 2014 20:11:33 GMT] INFO Server worker running in development on port 4000 with a PID of: 2505
[Mon, 28 Jul 2014 20:11:34 GMT] INFO Code changed, killing 2505, cycling ...
[Mon, 28 Jul 2014 20:11:34 GMT] INFO Creating 1 worker process.
[Mon, 28 Jul 2014 20:11:34 GMT] INFO Server worker running in development on port 4000 with a PID of: 2506
[Mon, 28 Jul 2014 20:11:58 GMT] INFO Code changed, killing 2506, cycling ...
[Mon, 28 Jul 2014 20:11:58 GMT] INFO Creating 1 worker process.
[Mon, 28 Jul 2014 20:11:58 GMT] INFO Server worker running in development on port 4000 with a PID of: 2508
[Mon, 28 Jul 2014 20:12:17 GMT] INFO Code changed, killing 2508, cycling ...
[Mon, 28 Jul 2014 20:12:17 GMT] INFO Creating 1 worker process.
[Mon, 28 Jul 2014 20:12:17 GMT] INFO Server worker running in development on port 4000 with a PID of: 2511
[Mon, 28 Jul 2014 20:12:30 GMT] INFO Code changed, killing 2511, cycling ...
[Mon, 28 Jul 2014 20:12:30 GMT] INFO Creating 1 worker process.
[Mon, 28 Jul 2014 20:12:30 GMT] INFO Server worker running in development on port 4000 with a PID of: 2515
[Mon, 28 Jul 2014 20:13:41 GMT] INFO Code changed, killing 2515, cycling ...
[Mon, 28 Jul 2014 20:13:41 GMT] INFO Creating 1 worker process.
[Mon, 28 Jul 2014 20:13:41 GMT] INFO Server worker running in development on port 4000 with a PID of: 2520
[Mon, 28 Jul 2014 20:14:11 GMT] INFO Code changed, killing 2520, cycling ...
[Mon, 28 Jul 2014 20:14:11 GMT] INFO Creating 1 worker process.
[Mon, 28 Jul 2014 20:14:11 GMT] INFO Code changed, killing 2523, cycling ...
[Mon, 28 Jul 2014 20:14:11 GMT] INFO Creating 1 worker process.
[Mon, 28 Jul 2014 20:14:11 GMT] INFO Server worker running in development on port 4000 with a PID of: 2524
[Mon, 28 Jul 2014 20:14:36 GMT] INFO Code changed, killing 2524, cycling ...
[Mon, 28 Jul 2014 20:14:36 GMT] INFO Creating 1 worker process.
[Mon, 28 Jul 2014 20:14:36 GMT] INFO Server worker running in development on port 4000 with a PID of: 2526
[Mon, 28 Jul 2014 20:14:46 GMT] INFO Code changed, killing 2526, cycling ...
[Mon, 28 Jul 2014 20:14:46 GMT] INFO Creating 1 worker process.
[Mon, 28 Jul 2014 20:14:46 GMT] INFO Server worker running in development on port 4000 with a PID of: 2528
[Mon, 28 Jul 2014 20:14:55 GMT] INFO Code changed, killing 2528, cycling ...
[Mon, 28 Jul 2014 20:14:55 GMT] INFO Creating 1 worker process.
[Mon, 28 Jul 2014 20:14:56 GMT] INFO Server worker running in development on port 4000 with a PID of: 2531
[Mon, 28 Jul 2014 20:15:22 GMT] INFO Code changed, killing 2531, cycling ...
[Mon, 28 Jul 2014 20:15:22 GMT] INFO Creating 1 worker process.
[Mon, 28 Jul 2014 20:15:22 GMT] INFO Server worker running in development on port 4000 with a PID of: 2536
[Mon, 28 Jul 2014 20:25:10 GMT] INFO Code changed, killing 2536, cycling ...
[Mon, 28 Jul 2014 20:25:10 GMT] INFO Creating 1 worker process.
[Mon, 28 Jul 2014 20:25:10 GMT] INFO Server worker running in development on port 4000 with a PID of: 2584
[Mon, 28 Jul 2014 20:25:18 GMT] INFO Code changed, killing 2584, cycling ...
[Mon, 28 Jul 2014 20:25:18 GMT] INFO Creating 1 worker process.
[Mon, 28 Jul 2014 20:25:19 GMT] INFO Server worker running in development on port 4000 with a PID of: 2590
[Mon, 28 Jul 2014 20:25:33 GMT] INFO Code changed, killing 2590, cycling ...
[Mon, 28 Jul 2014 20:25:33 GMT] INFO Creating 1 worker process.
[Mon, 28 Jul 2014 20:25:52 GMT] INFO Creating 1 worker process.
[Mon, 28 Jul 2014 20:25:52 GMT] INFO Code changed, killing 2594, cycling ...
[Mon, 28 Jul 2014 20:25:52 GMT] INFO Creating 1 worker process.
[Mon, 28 Jul 2014 20:25:53 GMT] INFO Creating 1 worker process.
[Mon, 28 Jul 2014 20:26:03 GMT] INFO Creating 1 worker process.
[Mon, 28 Jul 2014 20:26:03 GMT] INFO Server worker running in development on port 4000 with a PID of: 2598
[Mon, 28 Jul 2014 20:26:25 GMT] INFO Code changed, killing 2598, cycling ...
[Mon, 28 Jul 2014 20:26:25 GMT] INFO Creating 1 worker process.
[Mon, 28 Jul 2014 20:26:31 GMT] INFO Creating 1 worker process.
[Mon, 28 Jul 2014 20:26:41 GMT] INFO Creating 1 worker process.
[Mon, 28 Jul 2014 20:26:44 GMT] INFO Creating 1 worker process.
[Mon, 28 Jul 2014 20:26:51 GMT] INFO Creating 1 worker process.
[Mon, 28 Jul 2014 20:27:01 GMT] INFO Creating 1 worker process.
[Mon, 28 Jul 2014 20:28:04 GMT] INFO Creating 1 worker process.
[Mon, 28 Jul 2014 20:28:05 GMT] INFO Creating 1 worker process.
[Mon, 28 Jul 2014 20:28:05 GMT] INFO Server worker running in development on port 4000 with a PID of: 2614
