[Mon, 28 Jul 2014 23:49:49 GMT] INFO Server starting with config: {
  "environment": "development",
  "workers": 1,
  "port": 4000,
  "spdy": null,
  "ssl": null,
  "detailedErrors": true,
  "flash": {
    "defaultClass": "alert",
    "inlineClasses": {
      "success": "alert alert-success",
      "alert": "alert",
      "error": "alert alert-error",
      "info": "alert alert-info"
    },
    "blockClasses": {
      "success": "alert alert-block alert-success",
      "alert": "alert alert-block",
      "error": "alert alert-block alert-error",
      "info": "alert alert-block alert-info"
    }
  },
  "debug": true,
  "rotateWorkers": false,
  "rotationWindow": 7200000,
  "rotationTimeout": 300000,
  "logDir": "/Users/lbacker/Documents/nodeapps/sportsdataviewer/log",
  "gracefulShutdownTimeout": 30000,
  "heartbeatInterval": 5000,
  "heartbeatWindow": 20000,
  "staticFilePath": "/Users/lbacker/Documents/nodeapps/sportsdataviewer/public",
  "assetHost": "",
  "assetBasePath": "/",
  "cacheControl": {
    "expires": {
      "default": 0
    }
  },
  "sessions": {
    "store": "filesystem",
    "key": "sid",
    "expiry": 1209600,
    "filename": "_session_store.json"
  },
  "cookieSessionKey": "sdata",
  "i18n": {
    "defaultLocale": "en-us",
    "loadPaths": [
      "/Users/lbacker/Documents/nodeapps/sportsdataviewer/config/locales"
    ]
  },
  "appName": "Geddy App (development)",
  "hostname": null,
  "fullHostname": null,
  "connectCompatibility": false,
  "mailer": null,
  "generatedByVersion": "0.12.12",
  "jsonDirectory": "/Users/lbacker/Documents/nodeapps/sportsdataviewer/data/json/",
  "model": {
    "defaultAdapter": "filesystem"
  }
}
[Mon, 28 Jul 2014 23:49:49 GMT] INFO Creating 1 worker process.
[Mon, 28 Jul 2014 23:49:49 GMT] INFO Server worker running in development on port 4000 with a PID of: 2896
[Mon, 28 Jul 2014 23:50:13 GMT] INFO Code changed, killing 2896, cycling ...
[Mon, 28 Jul 2014 23:50:13 GMT] INFO Creating 1 worker process.
[Mon, 28 Jul 2014 23:50:14 GMT] INFO Server worker running in development on port 4000 with a PID of: 2901
[Mon, 28 Jul 2014 23:50:35 GMT] INFO Code changed, killing 2901, cycling ...
[Mon, 28 Jul 2014 23:50:35 GMT] INFO Creating 1 worker process.
[Mon, 28 Jul 2014 23:50:35 GMT] INFO Server worker running in development on port 4000 with a PID of: 2903
[Mon, 28 Jul 2014 23:50:53 GMT] INFO Code changed, killing 2903, cycling ...
[Mon, 28 Jul 2014 23:50:53 GMT] INFO Creating 1 worker process.
[Mon, 28 Jul 2014 23:50:53 GMT] INFO Server worker running in development on port 4000 with a PID of: 2907
[Mon, 28 Jul 2014 23:57:37 GMT] INFO Code changed, killing 2907, cycling ...
[Mon, 28 Jul 2014 23:57:37 GMT] INFO Creating 1 worker process.
[Mon, 28 Jul 2014 23:57:37 GMT] INFO Server worker running in development on port 4000 with a PID of: 2935
[Mon, 28 Jul 2014 23:58:00 GMT] INFO Code changed, killing 2935, cycling ...
[Mon, 28 Jul 2014 23:58:00 GMT] INFO Creating 1 worker process.
[Mon, 28 Jul 2014 23:58:00 GMT] INFO Server worker running in development on port 4000 with a PID of: 2943
[Tue, 29 Jul 2014 00:01:16 GMT] INFO Code changed, killing 2943, cycling ...
[Tue, 29 Jul 2014 00:01:16 GMT] INFO Creating 1 worker process.
[Tue, 29 Jul 2014 00:01:17 GMT] INFO Server worker running in development on port 4000 with a PID of: 2960
